2025-03-19 19:05:17,123 - __main__ - INFO - Début du processus d'indexation directe des FAQ: 2025-03-19 19:05:17.123278
2025-03-19 19:05:17,818 - __main__ - INFO - Début de la reconstruction de la collection BIOFORCE avec les FAQ...
2025-03-19 19:05:17,819 - __main__ - INFO - Recréation de la collection BIOFORCE...
2025-03-19 19:05:17,883 - __main__ - INFO - Suppression de la collection existante BIOFORCE...
2025-03-19 19:05:18,572 - __main__ - INFO - Collection BIOFORCE créée avec succès.
2025-03-19 19:05:18,574 - __main__ - INFO - Indexation de 10 FAQ...
2025-03-19 19:05:18,577 - __main__ - INFO - Traitement de la FAQ: Quels sont les secteurs et métiers de la solidarité internationale ?
2025-03-19 19:05:19,449 - __main__ - INFO - FAQ indexée avec succès: Quels sont les secteurs et métiers de la solidarité internationale ?
2025-03-19 19:05:19,449 - __main__ - INFO - Traitement de la FAQ: Quelle est la spécificité des formations Bioforce ?
2025-03-19 19:05:20,190 - __main__ - INFO - FAQ indexée avec succès: Quelle est la spécificité des formations Bioforce ?
2025-03-19 19:05:20,191 - __main__ - INFO - Traitement de la FAQ: Qui sont les intervenants et formateurs de Bioforce ?
2025-03-19 19:05:20,447 - __main__ - INFO - FAQ indexée avec succès: Qui sont les intervenants et formateurs de Bioforce ?
2025-03-19 19:05:20,447 - __main__ - INFO - Traitement de la FAQ: Quels sont les parcours et profils des formateurs ?
2025-03-19 19:05:20,906 - __main__ - INFO - FAQ indexée avec succès: Quels sont les parcours et profils des formateurs ?
2025-03-19 19:05:20,906 - __main__ - INFO - Traitement de la FAQ: Comment fonctionne le CPF de transition professionnelle (anciennement CIF) ?
2025-03-19 19:05:21,570 - __main__ - INFO - FAQ indexée avec succès: Comment fonctionne le CPF de transition professionnelle (anciennement CIF) ?
2025-03-19 19:05:21,571 - __main__ - INFO - Traitement de la FAQ: Les supports de cours me sont-ils communiqués ?
2025-03-19 19:05:22,083 - __main__ - INFO - FAQ indexée avec succès: Les supports de cours me sont-ils communiqués ?
2025-03-19 19:05:22,083 - __main__ - INFO - Traitement de la FAQ: Comment venir jusqu'au lieu de formation ?
2025-03-19 19:05:22,391 - __main__ - INFO - FAQ indexée avec succès: Comment venir jusqu'au lieu de formation ?
2025-03-19 19:05:22,392 - __main__ - INFO - Traitement de la FAQ: Qu'est-ce qu'une formation Bioforce en e-learning ?
2025-03-19 19:05:22,679 - __main__ - INFO - FAQ indexée avec succès: Qu'est-ce qu'une formation Bioforce en e-learning ?
2025-03-19 19:05:22,679 - __main__ - INFO - Traitement de la FAQ: Qu'est-ce que Biomoodle ?
2025-03-19 19:05:22,939 - __main__ - INFO - FAQ indexée avec succès: Qu'est-ce que Biomoodle ?
2025-03-19 19:05:22,939 - __main__ - INFO - Traitement de la FAQ: Quelle est la différence entre une formation Bioforce en e-learning et une formation en présentiel ?
2025-03-19 19:05:23,308 - __main__ - INFO - FAQ indexée avec succès: Quelle est la différence entre une formation Bioforce en e-learning et une formation en présentiel ?
2025-03-19 19:05:23,308 - __main__ - INFO - === Statistiques de reconstruction des FAQ ===
2025-03-19 19:05:23,309 - __main__ - INFO - Total de FAQ traitées: 10
2025-03-19 19:05:23,309 - __main__ - INFO - FAQ indexées avec succès: 10
2025-03-19 19:05:23,309 - __main__ - INFO - Taux de réussite: 100.00%
2025-03-19 19:05:23,309 - __main__ - INFO - ==============================================
2025-03-19 19:05:23,310 - __main__ - INFO - Reconstruction de la collection terminée avec succès.
2025-03-19 19:05:23,310 - __main__ - INFO - Fin du processus d'indexation: 2025-03-19 19:05:23.310844
2025-03-19 19:05:23,310 - __main__ - INFO - Durée totale: 6.19 secondes
