2025-03-19 19:09:28,298 - __main__ - INFO - Début du processus de reconstruction FAQ accélérée: 2025-03-19 19:09:28.298346
2025-03-19 19:09:28,902 - __main__ - INFO - Début de la reconstruction accélérée de la collection BIOFORCE avec les FAQ...
2025-03-19 19:09:28,902 - __main__ - INFO - Recréation de la collection BIOFORCE...
2025-03-19 19:09:28,967 - __main__ - INFO - Suppression de la collection existante BIOFORCE...
2025-03-19 19:09:29,648 - __main__ - INFO - Collection BIOFORCE créée avec succès.
2025-03-19 19:09:29,650 - __main__ - INFO - Extraction des URLs depuis la catégorie: https://www.bioforce.org/foire-aux-questions/
2025-03-19 19:09:29,652 - __main__ - INFO - Extraction des URLs depuis la catégorie: https://www.bioforce.org/foire-aux-questions/informations-generales-sur-les-formations/
2025-03-19 19:09:29,653 - __main__ - INFO - Extraction des URLs depuis la catégorie: https://www.bioforce.org/foire-aux-questions/processus-de-selection/
2025-03-19 19:09:29,654 - __main__ - INFO - Extraction des URLs depuis la catégorie: https://www.bioforce.org/foire-aux-questions/formations-qualifiantes-et-certifiantes/
2025-03-19 19:09:29,655 - __main__ - INFO - Extraction des URLs depuis la catégorie: https://www.bioforce.org/foire-aux-questions/formations-en-e-learning/
2025-03-19 19:09:29,656 - __main__ - INFO - Extraction des URLs depuis la catégorie: https://www.bioforce.org/foire-aux-questions/apres-la-formation/
2025-03-19 19:09:29,656 - __main__ - INFO - Extraction des URLs depuis la catégorie: https://www.bioforce.org/foire-aux-questions/secteur-de-la-solidarite/
2025-03-19 19:09:30,370 - __main__ - INFO - Trouvé 0 URL(s) de FAQ dans la catégorie https://www.bioforce.org/foire-aux-questions/apres-la-formation/
2025-03-19 19:09:30,686 - __main__ - ERROR - Erreur 404 lors de l'accès à https://www.bioforce.org/foire-aux-questions/formations-en-e-learning/
2025-03-19 19:09:30,726 - __main__ - ERROR - Erreur 404 lors de l'accès à https://www.bioforce.org/foire-aux-questions/
2025-03-19 19:09:30,741 - __main__ - ERROR - Erreur 404 lors de l'accès à https://www.bioforce.org/foire-aux-questions/secteur-de-la-solidarite/
2025-03-19 19:09:30,757 - __main__ - ERROR - Erreur 404 lors de l'accès à https://www.bioforce.org/foire-aux-questions/informations-generales-sur-les-formations/
2025-03-19 19:09:30,804 - __main__ - ERROR - Erreur 404 lors de l'accès à https://www.bioforce.org/foire-aux-questions/processus-de-selection/
2025-03-19 19:09:30,861 - __main__ - ERROR - Erreur 404 lors de l'accès à https://www.bioforce.org/foire-aux-questions/formations-qualifiantes-et-certifiantes/
2025-03-19 19:09:30,862 - __main__ - INFO - Découvert 0 URLs de FAQ à traiter
2025-03-19 19:09:30,864 - __main__ - INFO - === Statistiques de reconstruction des FAQ ===
2025-03-19 19:09:30,864 - __main__ - INFO - Total des FAQ découvertes: 0
2025-03-19 19:09:30,864 - __main__ - INFO - Total des FAQ traitées: 0
2025-03-19 19:09:30,865 - __main__ - INFO - FAQ indexées avec succès: 0
2025-03-19 19:09:30,865 - __main__ - INFO - FAQ échouées: 0
2025-03-19 19:09:30,865 - __main__ - INFO - Taux de réussite: 0.00%
2025-03-19 19:09:30,865 - __main__ - INFO - Durée totale: 1.96 secondes
2025-03-19 19:09:30,865 - __main__ - INFO - Vitesse moyenne: 0.00 FAQ/seconde
2025-03-19 19:09:30,865 - __main__ - INFO - ==============================================
2025-03-19 19:09:30,866 - __main__ - INFO - Reconstruction accélérée de la collection terminée.
2025-03-19 19:09:30,866 - __main__ - INFO - Fin du processus de reconstruction: 2025-03-19 19:09:30.866943
2025-03-19 19:09:30,866 - __main__ - INFO - Durée totale: 2.57 secondes
