2025-03-19 19:00:11,192 - __main__ - INFO - Début du processus de reconstruction FAQ: 2025-03-19 19:00:11.192791
2025-03-19 19:00:11,860 - __main__ - INFO - Début de la reconstruction de la collection BIOFORCE avec les FAQ...
2025-03-19 19:00:11,861 - __main__ - INFO - Recréation de la collection BIOFORCE...
2025-03-19 19:00:11,924 - __main__ - INFO - Suppression de la collection existante BIOFORCE...
2025-03-19 19:00:12,617 - __main__ - INFO - Collection BIOFORCE créée avec succès.
2025-03-19 19:00:12,617 - __main__ - INFO - Traitement de 10 URLs de FAQ...
2025-03-19 19:00:12,630 - __main__ - INFO - Traitement de la FAQ: https://www.bioforce.org/question/sed-ut-perspiciatis-unde-omnis-iste-natus-error-sit-voluptatem-accusantium-doloremque-laudantium-totam-rem-2/
2025-03-19 19:00:12,811 - __main__ - INFO - FAQ extraite avec succès: Secteur de la solidarité
2025-03-19 19:00:13,584 - __main__ - ERROR - Erreur lors de l'indexation de la FAQ: 'QdrantConnector' object has no attribute 'upsert'
2025-03-19 19:00:13,584 - __main__ - INFO - Traitement de la FAQ: https://www.bioforce.org/question/quelle-est-la-specificite-des-formations-bioforce/
2025-03-19 19:00:13,716 - __main__ - INFO - FAQ extraite avec succès: Informations générales sur les formations
2025-03-19 19:00:14,278 - __main__ - ERROR - Erreur lors de l'indexation de la FAQ: 'QdrantConnector' object has no attribute 'upsert'
2025-03-19 19:00:14,278 - __main__ - INFO - Traitement de la FAQ: https://www.bioforce.org/question/qui-sont-les-intervenants-formateurs-de-bioforce/
2025-03-19 19:00:14,374 - __main__ - INFO - FAQ extraite avec succès: Informations générales sur les formations
2025-03-19 19:00:14,717 - __main__ - ERROR - Erreur lors de l'indexation de la FAQ: 'QdrantConnector' object has no attribute 'upsert'
2025-03-19 19:00:14,718 - __main__ - INFO - Traitement de la FAQ: https://www.bioforce.org/question/quels-sont-les-parcours-profils-des-formateurs/
2025-03-19 19:00:14,826 - __main__ - INFO - FAQ extraite avec succès: Questions générales
2025-03-19 19:00:15,253 - __main__ - ERROR - Erreur lors de l'indexation de la FAQ: 'QdrantConnector' object has no attribute 'upsert'
2025-03-19 19:00:15,254 - __main__ - INFO - Traitement de la FAQ: https://www.bioforce.org/question/comment-fonctionne-le-cpf-de-transition-professionnelle-anciennement-cif/
2025-03-19 19:00:15,384 - __main__ - INFO - FAQ extraite avec succès: Financement
2025-03-19 19:00:15,587 - __main__ - ERROR - Erreur lors de l'indexation de la FAQ: 'QdrantConnector' object has no attribute 'upsert'
2025-03-19 19:00:15,588 - __main__ - INFO - Traitement de la FAQ: https://www.bioforce.org/question/les-supports-de-cours-me-sont-ils-communiques/
2025-03-19 19:00:15,722 - __main__ - INFO - FAQ extraite avec succès: Déroulement
2025-03-19 19:00:16,447 - __main__ - ERROR - Erreur lors de l'indexation de la FAQ: 'QdrantConnector' object has no attribute 'upsert'
2025-03-19 19:00:16,448 - __main__ - INFO - Traitement de la FAQ: https://www.bioforce.org/question/comment-venir-jusquau-lieu-de-formation/
2025-03-19 19:00:16,581 - __main__ - INFO - FAQ extraite avec succès: Déroulement
2025-03-19 19:00:16,894 - __main__ - ERROR - Erreur lors de l'indexation de la FAQ: 'QdrantConnector' object has no attribute 'upsert'
2025-03-19 19:00:16,895 - __main__ - INFO - Traitement de la FAQ: https://www.bioforce.org/question/quest-ce-quune-formation-bioforce-en-e-learning/
2025-03-19 19:00:16,997 - __main__ - INFO - FAQ extraite avec succès: Formations en e-learning
2025-03-19 19:00:17,345 - __main__ - ERROR - Erreur lors de l'indexation de la FAQ: 'QdrantConnector' object has no attribute 'upsert'
2025-03-19 19:00:17,346 - __main__ - INFO - Traitement de la FAQ: https://www.bioforce.org/question/quest-ce-que-biomoodle/
2025-03-19 19:00:17,477 - __main__ - INFO - FAQ extraite avec succès: Formations en e-learning
2025-03-19 19:00:17,730 - __main__ - ERROR - Erreur lors de l'indexation de la FAQ: 'QdrantConnector' object has no attribute 'upsert'
2025-03-19 19:00:17,731 - __main__ - INFO - Traitement de la FAQ: https://www.bioforce.org/question/quelle-est-la-difference-entre-une-formation-bioforce-en-e-learning-et-une-formation-en-presentiel/
2025-03-19 19:00:17,868 - __main__ - INFO - FAQ extraite avec succès: Formations en e-learning
2025-03-19 19:00:20,061 - __main__ - ERROR - Erreur lors de l'indexation de la FAQ: 'QdrantConnector' object has no attribute 'upsert'
2025-03-19 19:00:20,063 - __main__ - INFO - === Statistiques de reconstruction des FAQ ===
2025-03-19 19:00:20,064 - __main__ - INFO - Total de FAQ traitées: 10
2025-03-19 19:00:20,064 - __main__ - INFO - FAQ indexées avec succès: 10
2025-03-19 19:00:20,065 - __main__ - INFO - Taux de réussite: 100.00%
2025-03-19 19:00:20,065 - __main__ - INFO - ==============================================
2025-03-19 19:00:20,066 - __main__ - INFO - Reconstruction de la collection terminée.
2025-03-19 19:00:20,067 - __main__ - INFO - Fin du processus de reconstruction: 2025-03-19 19:00:20.067087
2025-03-19 19:00:20,067 - __main__ - INFO - Durée totale: 8.87 secondes
