2025-03-19 18:56:36,774 - __main__ - INFO - Début du processus de reconstruction: 2025-03-19 18:56:36.774739
2025-03-19 18:56:38,336 - __main__ - INFO - Début de la reconstruction des collections Qdrant...
2025-03-19 18:56:38,336 - __main__ - INFO - Recréation de la collection BIOFORCE...
2025-03-19 18:56:38,402 - __main__ - INFO - Suppression de la collection existante BIOFORCE...
2025-03-19 18:56:39,068 - __main__ - INFO - Collection BIOFORCE créée avec succès.
2025-03-19 18:56:39,068 - __main__ - INFO - Recréation de la collection BIOFORCE_ALL...
2025-03-19 18:56:39,144 - __main__ - INFO - Suppression de la collection existante BIOFORCE_ALL...
2025-03-19 18:56:39,833 - __main__ - INFO - Collection BIOFORCE_ALL créée avec succès.
2025-03-19 18:56:39,842 - __main__ - INFO - Nombre de fichiers de données trouvés: 2262
2025-03-19 18:56:39,843 - __main__ - INFO - Mode test activé, traitement de 10 pages...
2025-03-19 18:56:39,845 - __main__ - INFO - Échantillon équilibré: FAQs: 0, PDFs: 0, Autres: 10
2025-03-19 18:56:39,846 - __main__ - INFO - Traitement du document: C:\BIOFORCE\BUILD\bioforce_scraper\output\data\ecedc5edcae0f4b3426f1703f6c58e32_2025-03-18T19-06-26.362384.json
2025-03-19 18:56:45,048 - __main__ - ERROR - Erreur lors de l'indexation du document: 'QdrantConnector' object has no attribute 'upsert'
2025-03-19 18:56:45,049 - __main__ - ERROR - URL du document en erreur: https://bioforce.org/learn/centres/europe/
2025-03-19 18:56:45,052 - __main__ - INFO - Traitement du document: C:\BIOFORCE\BUILD\bioforce_scraper\output\data\65192eb83f0323af18eab996abef5d98_2025-03-18T12-28-25.655082.json
2025-03-19 18:56:47,151 - __main__ - ERROR - Erreur lors de l'indexation du document: 'QdrantConnector' object has no attribute 'upsert'
2025-03-19 18:56:47,152 - __main__ - ERROR - URL du document en erreur: https://www.bioforce.org/en/learn/bioforce-commitments/ready-for-the-field/
2025-03-19 18:56:47,154 - __main__ - INFO - Traitement du document: C:\BIOFORCE\BUILD\bioforce_scraper\output\data\218fc0d8cc9a837a33af4b0270064bb4_2025-03-18T18-34-35.428180.json
2025-03-19 18:56:50,571 - __main__ - ERROR - Erreur lors de l'indexation du document: 'QdrantConnector' object has no attribute 'upsert'
2025-03-19 18:56:50,572 - __main__ - ERROR - URL du document en erreur: https://www.bioforce.org/learn/formations-humanitaires/preparer-mon-projet/decouvrez-les-metiers-humanitaires/gestion-de-projets/
2025-03-19 18:56:50,586 - __main__ - INFO - Traitement du document: C:\BIOFORCE\BUILD\bioforce_scraper\output\data\beed44c3187fae29a270a29d305ecef8_2025-03-18T16-35-22.700842.json
2025-03-19 18:56:52,333 - __main__ - INFO - Traitement du document: C:\BIOFORCE\BUILD\bioforce_scraper\output\data\a75e95252cffdfb1873f3cd89a2e2194_2025-03-18T15-41-40.551405.json
2025-03-19 18:56:56,714 - __main__ - ERROR - Erreur lors de l'indexation du document: 'QdrantConnector' object has no attribute 'upsert'
2025-03-19 18:56:56,714 - __main__ - ERROR - URL du document en erreur: https://www.bioforce.org/learn/les-engagements-bioforce/preparez-vous-au-terrain/alternance/
2025-03-19 18:56:56,726 - __main__ - INFO - Traitement du document: C:\BIOFORCE\BUILD\bioforce_scraper\output\data\a75e95252cffdfb1873f3cd89a2e2194_2025-03-18T16-23-39.966618.json
