2025-03-19 18:48:33,606 - __main__ - INFO - Début du processus de reconstruction: 2025-03-19 18:48:33.606672
2025-03-19 18:48:35,171 - __main__ - INFO - Début de la reconstruction des collections Qdrant...
2025-03-19 18:48:35,172 - __main__ - INFO - Recréation de la collection BIOFORCE...
2025-03-19 18:48:35,878 - __main__ - INFO - Collection BIOFORCE créée avec succès.
2025-03-19 18:48:35,879 - __main__ - INFO - Recréation de la collection BIOFORCE_ALL...
2025-03-19 18:48:36,565 - __main__ - INFO - Collection BIOFORCE_ALL créée avec succès.
2025-03-19 18:48:36,576 - __main__ - INFO - Nombre de fichiers de données trouvés: 2262
2025-03-19 18:48:40,746 - __main__ - ERROR - Erreur lors du traitement du fichier C:\BIOFORCE\BUILD\bioforce_scraper\output\data\003f00c3287790e72cd28a0894a5d2eb_2025-03-18T15-21-44.576863.json: too many values to unpack (expected 2)
2025-03-19 18:48:41,913 - __main__ - ERROR - Erreur lors du traitement du fichier C:\BIOFORCE\BUILD\bioforce_scraper\output\data\006e12feaf567fc10cc7dd182d1b1991_2025-03-18T12-49-34.740083.json: cannot unpack non-iterable NoneType object
2025-03-19 18:48:45,309 - __main__ - ERROR - Erreur lors du traitement du fichier C:\BIOFORCE\BUILD\bioforce_scraper\output\data\006e12feaf567fc10cc7dd182d1b1991_2025-03-18T15-46-07.399213.json: too many values to unpack (expected 2)
2025-03-19 18:48:48,380 - __main__ - ERROR - Erreur lors du traitement du fichier C:\BIOFORCE\BUILD\bioforce_scraper\output\data\006e12feaf567fc10cc7dd182d1b1991_2025-03-18T16-27-26.908019.json: too many values to unpack (expected 2)
2025-03-19 18:48:51,111 - __main__ - ERROR - Erreur lors du traitement du fichier C:\BIOFORCE\BUILD\bioforce_scraper\output\data\006e12feaf567fc10cc7dd182d1b1991_2025-03-18T18-52-00.357887.json: too many values to unpack (expected 2)
2025-03-19 18:48:53,892 - __main__ - ERROR - Erreur lors du traitement du fichier C:\BIOFORCE\BUILD\bioforce_scraper\output\data\026fcca31760dc5ee97ba25cb1f4a6d4_2025-03-18T15-22-26.301887.json: too many values to unpack (expected 2)
2025-03-19 18:48:55,438 - __main__ - ERROR - Erreur lors du traitement du fichier C:\BIOFORCE\BUILD\bioforce_scraper\output\data\0288be1da6741b89675b76226680141e_2025-03-18T13-04-53.590310.json: cannot unpack non-iterable NoneType object
2025-03-19 18:48:59,305 - __main__ - ERROR - Erreur lors du traitement du fichier C:\BIOFORCE\BUILD\bioforce_scraper\output\data\02c0acd8705edf35253300411f05df32_2025-03-18T16-41-31.169978.json: too many values to unpack (expected 2)
2025-03-19 18:49:02,226 - __main__ - ERROR - Erreur lors du traitement du fichier C:\BIOFORCE\BUILD\bioforce_scraper\output\data\02c0acd8705edf35253300411f05df32_2025-03-18T19-05-54.340792.json: too many values to unpack (expected 2)
2025-03-19 18:49:03,332 - __main__ - ERROR - Erreur lors du traitement du fichier C:\BIOFORCE\BUILD\bioforce_scraper\output\data\02ff22873a97ff89d11a5800719c3090_2025-03-18T16-38-06.571423.json: cannot unpack non-iterable NoneType object
2025-03-19 18:49:04,465 - __main__ - ERROR - Erreur lors du traitement du fichier C:\BIOFORCE\BUILD\bioforce_scraper\output\data\02ff22873a97ff89d11a5800719c3090_2025-03-18T16-38-08.255897.json: cannot unpack non-iterable NoneType object
2025-03-19 18:49:05,604 - __main__ - ERROR - Erreur lors du traitement du fichier C:\BIOFORCE\BUILD\bioforce_scraper\output\data\02ff22873a97ff89d11a5800719c3090_2025-03-18T19-02-34.820546.json: cannot unpack non-iterable NoneType object
2025-03-19 18:49:06,865 - __main__ - ERROR - Erreur lors du traitement du fichier C:\BIOFORCE\BUILD\bioforce_scraper\output\data\02ff22873a97ff89d11a5800719c3090_2025-03-18T19-02-36.570932.json: cannot unpack non-iterable NoneType object
2025-03-19 18:49:12,146 - __main__ - ERROR - Erreur lors du traitement du fichier C:\BIOFORCE\BUILD\bioforce_scraper\output\data\032a5f848a1a542d07df8e3c08d081c7_2025-03-18T12-36-02.963635.json: too many values to unpack (expected 2)
2025-03-19 18:49:15,093 - __main__ - ERROR - Erreur lors du traitement du fichier C:\BIOFORCE\BUILD\bioforce_scraper\output\data\032a5f848a1a542d07df8e3c08d081c7_2025-03-18T15-37-27.449518.json: too many values to unpack (expected 2)
2025-03-19 18:49:21,628 - __main__ - ERROR - Erreur lors du traitement du fichier C:\BIOFORCE\BUILD\bioforce_scraper\output\data\032a5f848a1a542d07df8e3c08d081c7_2025-03-18T16-19-32.425219.json: too many values to unpack (expected 2)
2025-03-19 18:49:24,218 - __main__ - ERROR - Erreur lors du traitement du fichier C:\BIOFORCE\BUILD\bioforce_scraper\output\data\032a5f848a1a542d07df8e3c08d081c7_2025-03-18T16-46-41.110534.json: too many values to unpack (expected 2)
2025-03-19 18:49:27,891 - __main__ - ERROR - Erreur lors du traitement du fichier C:\BIOFORCE\BUILD\bioforce_scraper\output\data\032a5f848a1a542d07df8e3c08d081c7_2025-03-18T18-43-38.845870.json: too many values to unpack (expected 2)
2025-03-19 18:49:30,623 - __main__ - ERROR - Erreur lors du traitement du fichier C:\BIOFORCE\BUILD\bioforce_scraper\output\data\032a5f848a1a542d07df8e3c08d081c7_2025-03-18T19-11-03.149955.json: too many values to unpack (expected 2)
2025-03-19 18:49:33,777 - __main__ - ERROR - Erreur lors du traitement du fichier C:\BIOFORCE\BUILD\bioforce_scraper\output\data\032a5f848a1a542d07df8e3c08d081c7_2025-03-19T15-41-56.600747.json: too many values to unpack (expected 2)
2025-03-19 18:49:37,721 - __main__ - ERROR - Erreur lors du traitement du fichier C:\BIOFORCE\BUILD\bioforce_scraper\output\data\03fb15a002be41181f8deee2a9b95456_2025-03-18T12-50-20.627329.json: too many values to unpack (expected 2)
2025-03-19 18:49:40,655 - __main__ - ERROR - Erreur lors du traitement du fichier C:\BIOFORCE\BUILD\bioforce_scraper\output\data\03fb15a002be41181f8deee2a9b95456_2025-03-18T15-46-53.178199.json: too many values to unpack (expected 2)
2025-03-19 18:49:43,510 - __main__ - ERROR - Erreur lors du traitement du fichier C:\BIOFORCE\BUILD\bioforce_scraper\output\data\03fb15a002be41181f8deee2a9b95456_2025-03-18T16-28-12.666503.json: too many values to unpack (expected 2)
2025-03-19 18:49:45,974 - __main__ - ERROR - Erreur lors du traitement du fichier C:\BIOFORCE\BUILD\bioforce_scraper\output\data\03fb15a002be41181f8deee2a9b95456_2025-03-18T18-53-13.008303.json: too many values to unpack (expected 2)
2025-03-19 18:49:50,420 - __main__ - ERROR - Erreur lors du traitement du fichier C:\BIOFORCE\BUILD\bioforce_scraper\output\data\041311e76748cfb7ff0271ee1c6f18d3_2025-03-18T12-40-21.485024.json: too many values to unpack (expected 2)
2025-03-19 18:49:54,472 - __main__ - ERROR - Erreur lors du traitement du fichier C:\BIOFORCE\BUILD\bioforce_scraper\output\data\041311e76748cfb7ff0271ee1c6f18d3_2025-03-18T15-40-48.421844.json: too many values to unpack (expected 2)
2025-03-19 18:49:57,191 - __main__ - ERROR - Erreur lors du traitement du fichier C:\BIOFORCE\BUILD\bioforce_scraper\output\data\041311e76748cfb7ff0271ee1c6f18d3_2025-03-18T16-22-44.705617.json: too many values to unpack (expected 2)
2025-03-19 18:49:59,456 - __main__ - ERROR - Erreur lors du traitement du fichier C:\BIOFORCE\BUILD\bioforce_scraper\output\data\041311e76748cfb7ff0271ee1c6f18d3_2025-03-18T18-47-16.663194.json: too many values to unpack (expected 2)
2025-03-19 18:50:01,176 - __main__ - ERROR - Erreur lors du traitement du fichier C:\BIOFORCE\BUILD\bioforce_scraper\output\data\049082824c4a462db76eff6e6dff6bd1_2025-03-18T12-30-03.907055.json: too many values to unpack (expected 2)
2025-03-19 18:50:02,873 - __main__ - ERROR - Erreur lors du traitement du fichier C:\BIOFORCE\BUILD\bioforce_scraper\output\data\049082824c4a462db76eff6e6dff6bd1_2025-03-18T15-32-48.376822.json: cannot unpack non-iterable NoneType object
2025-03-19 18:50:03,937 - __main__ - ERROR - Erreur lors du traitement du fichier C:\BIOFORCE\BUILD\bioforce_scraper\output\data\049082824c4a462db76eff6e6dff6bd1_2025-03-18T16-14-20.133291.json: cannot unpack non-iterable NoneType object
2025-03-19 18:50:05,245 - __main__ - ERROR - Erreur lors du traitement du fichier C:\BIOFORCE\BUILD\bioforce_scraper\output\data\049082824c4a462db76eff6e6dff6bd1_2025-03-18T18-38-04.544213.json: cannot unpack non-iterable NoneType object
2025-03-19 18:50:06,457 - __main__ - ERROR - Erreur lors du traitement du fichier C:\BIOFORCE\BUILD\bioforce_scraper\output\data\049082824c4a462db76eff6e6dff6bd1_2025-03-19T15-36-33.576425.json: cannot unpack non-iterable NoneType object
2025-03-19 18:50:08,900 - __main__ - ERROR - Erreur lors du traitement du fichier C:\BIOFORCE\BUILD\bioforce_scraper\output\data\04b275094126103d852f6062a42b24c4_2025-03-18T15-15-49.329902.json: too many values to unpack (expected 2)
2025-03-19 18:50:10,973 - __main__ - ERROR - Erreur lors du traitement du fichier C:\BIOFORCE\BUILD\bioforce_scraper\output\data\04b275094126103d852f6062a42b24c4_2025-03-18T16-05-47.756174.json: too many values to unpack (expected 2)
2025-03-19 18:50:13,891 - __main__ - ERROR - Erreur lors du traitement du fichier C:\BIOFORCE\BUILD\bioforce_scraper\output\data\04b275094126103d852f6062a42b24c4_2025-03-18T18-28-43.915473.json: too many values to unpack (expected 2)
2025-03-19 18:50:16,021 - __main__ - ERROR - Erreur lors du traitement du fichier C:\BIOFORCE\BUILD\bioforce_scraper\output\data\04b275094126103d852f6062a42b24c4_2025-03-19T15-26-51.222418.json: too many values to unpack (expected 2)
2025-03-19 18:50:17,482 - __main__ - ERROR - Erreur lors du traitement du fichier C:\BIOFORCE\BUILD\bioforce_scraper\output\data\04bc7f065f42952494e1bc865693592a_2025-03-18T12-56-34.208550.json: too many values to unpack (expected 2)
2025-03-19 18:50:19,161 - __main__ - ERROR - Erreur lors du traitement du fichier C:\BIOFORCE\BUILD\bioforce_scraper\output\data\0558dda16de1f1967ff910a6b9173912_2025-03-18T12-55-31.102989.json: too many values to unpack (expected 2)
2025-03-19 18:50:21,967 - __main__ - ERROR - Erreur lors du traitement du fichier C:\BIOFORCE\BUILD\bioforce_scraper\output\data\0558dda16de1f1967ff910a6b9173912_2025-03-18T16-31-17.005796.json: too many values to unpack (expected 2)
2025-03-19 18:50:24,758 - __main__ - ERROR - Erreur lors du traitement du fichier C:\BIOFORCE\BUILD\bioforce_scraper\output\data\0558dda16de1f1967ff910a6b9173912_2025-03-18T18-56-08.414542.json: too many values to unpack (expected 2)
2025-03-19 18:50:27,981 - __main__ - ERROR - Erreur lors du traitement du fichier C:\BIOFORCE\BUILD\bioforce_scraper\output\data\05c2df2622a83b4ae87f047fc3fef018_2025-03-18T15-11-51.737410.json: too many values to unpack (expected 2)
2025-03-19 18:50:31,099 - __main__ - ERROR - Erreur lors du traitement du fichier C:\BIOFORCE\BUILD\bioforce_scraper\output\data\05d1e9a0932ca49e42e8019256ae40f9_2025-03-18T12-36-13.698114.json: too many values to unpack (expected 2)
2025-03-19 18:50:33,291 - __main__ - ERROR - Erreur lors du traitement du fichier C:\BIOFORCE\BUILD\bioforce_scraper\output\data\05e8103966cc09d29fec95ff01c3d8ff_2025-03-18T15-20-33.886331.json: too many values to unpack (expected 2)
