2025-03-19 18:53:09,961 - __main__ - INFO - Début du processus de reconstruction: 2025-03-19 18:53:09.961407
2025-03-19 18:53:11,524 - __main__ - INFO - Début de la reconstruction des collections Qdrant...
2025-03-19 18:53:11,524 - __main__ - INFO - Recréation de la collection BIOFORCE...
2025-03-19 18:53:11,597 - __main__ - INFO - Suppression de la collection existante BIOFORCE...
2025-03-19 18:53:12,300 - __main__ - INFO - Collection BIOFORCE créée avec succès.
2025-03-19 18:53:12,302 - __main__ - INFO - Recréation de la collection BIOFORCE_ALL...
2025-03-19 18:53:12,373 - __main__ - INFO - Suppression de la collection existante BIOFORCE_ALL...
2025-03-19 18:53:13,035 - __main__ - INFO - Collection BIOFORCE_ALL créée avec succès.
2025-03-19 18:53:13,045 - __main__ - INFO - Nombre de fichiers de données trouvés: 2262
2025-03-19 18:53:13,045 - __main__ - INFO - Mode test activé, traitement de 10 pages...
2025-03-19 18:53:13,047 - __main__ - INFO - Échantillon équilibré: FAQs: 0, PDFs: 0, Autres: 10
2025-03-19 18:53:13,049 - __main__ - INFO - Traitement du document: C:\BIOFORCE\BUILD\bioforce_scraper\output\data\b90bf01e4d424b8251aa801289d7f770_2025-03-18T12-31-55.219336.json
2025-03-19 18:53:15,168 - __main__ - ERROR - Erreur lors du traitement du fichier C:\BIOFORCE\BUILD\bioforce_scraper\output\data\b90bf01e4d424b8251aa801289d7f770_2025-03-18T12-31-55.219336.json: too many values to unpack (expected 2)
2025-03-19 18:53:15,180 - __main__ - INFO - Traitement du document: C:\BIOFORCE\BUILD\bioforce_scraper\output\data\18169d86bd317a7c981665df794a38ad_2025-03-18T16-42-06.870708.json
2025-03-19 18:53:20,059 - __main__ - ERROR - Erreur lors du traitement du fichier C:\BIOFORCE\BUILD\bioforce_scraper\output\data\18169d86bd317a7c981665df794a38ad_2025-03-18T16-42-06.870708.json: too many values to unpack (expected 2)
2025-03-19 18:53:20,073 - __main__ - INFO - Traitement du document: C:\BIOFORCE\BUILD\bioforce_scraper\output\data\338e87b9a7bf85bcee9d759c4d5fb47a_2025-03-18T15-21-12.450438.json
2025-03-19 18:53:22,154 - __main__ - ERROR - Erreur lors du traitement du fichier C:\BIOFORCE\BUILD\bioforce_scraper\output\data\338e87b9a7bf85bcee9d759c4d5fb47a_2025-03-18T15-21-12.450438.json: too many values to unpack (expected 2)
2025-03-19 18:53:22,166 - __main__ - INFO - Traitement du document: C:\BIOFORCE\BUILD\bioforce_scraper\output\data\9c28f3421c119ddf582d0913fd7da8ca_2025-03-18T16-26-24.540345.json
2025-03-19 18:53:23,641 - __main__ - ERROR - Erreur lors du traitement du fichier C:\BIOFORCE\BUILD\bioforce_scraper\output\data\9c28f3421c119ddf582d0913fd7da8ca_2025-03-18T16-26-24.540345.json: cannot unpack non-iterable NoneType object
2025-03-19 18:53:23,656 - __main__ - INFO - Traitement du document: C:\BIOFORCE\BUILD\bioforce_scraper\output\data\23ba434e3ee1b6c0a4d647ac5aec5ef9_2025-03-18T12-28-31.777340.json
2025-03-19 18:53:27,387 - __main__ - ERROR - Erreur lors du traitement du fichier C:\BIOFORCE\BUILD\bioforce_scraper\output\data\23ba434e3ee1b6c0a4d647ac5aec5ef9_2025-03-18T12-28-31.777340.json: too many values to unpack (expected 2)
2025-03-19 18:53:27,395 - __main__ - INFO - Traitement du document: C:\BIOFORCE\BUILD\bioforce_scraper\output\data\e192fa4004fbb3046a44288502506689_2025-03-18T15-44-28.428549.json
2025-03-19 18:53:29,365 - __main__ - ERROR - Erreur lors du traitement du fichier C:\BIOFORCE\BUILD\bioforce_scraper\output\data\e192fa4004fbb3046a44288502506689_2025-03-18T15-44-28.428549.json: too many values to unpack (expected 2)
2025-03-19 18:53:29,366 - __main__ - INFO - Traitement du document: C:\BIOFORCE\BUILD\bioforce_scraper\output\data\e81fc9972198d1256ca24d4ab8a110f8_2025-03-18T16-22-26.742555.json
2025-03-19 18:53:33,393 - __main__ - ERROR - Erreur lors du traitement du fichier C:\BIOFORCE\BUILD\bioforce_scraper\output\data\e81fc9972198d1256ca24d4ab8a110f8_2025-03-18T16-22-26.742555.json: too many values to unpack (expected 2)
2025-03-19 18:53:33,394 - __main__ - INFO - Traitement du document: C:\BIOFORCE\BUILD\bioforce_scraper\output\data\fe139bd413499e2f5fcfc8fe9c36ea24_2025-03-18T16-14-36.526951.json
2025-03-19 18:53:39,926 - __main__ - ERROR - Erreur lors du traitement du fichier C:\BIOFORCE\BUILD\bioforce_scraper\output\data\fe139bd413499e2f5fcfc8fe9c36ea24_2025-03-18T16-14-36.526951.json: too many values to unpack (expected 2)
2025-03-19 18:53:39,929 - __main__ - INFO - Traitement du document: C:\BIOFORCE\BUILD\bioforce_scraper\output\data\54caf2a2602925a3b3d55d3dd9ca6ce8_2025-03-19T15-31-31.493792.json
2025-03-19 18:53:51,114 - __main__ - ERROR - Erreur lors du traitement du fichier C:\BIOFORCE\BUILD\bioforce_scraper\output\data\54caf2a2602925a3b3d55d3dd9ca6ce8_2025-03-19T15-31-31.493792.json: too many values to unpack (expected 2)
2025-03-19 18:53:51,115 - __main__ - INFO - Traitement du document: C:\BIOFORCE\BUILD\bioforce_scraper\output\data\5a54bb4742a0358a063bfd0f3e8ba804_2025-03-18T19-02-38.315640.json
2025-03-19 18:53:57,147 - __main__ - ERROR - Erreur lors du traitement du fichier C:\BIOFORCE\BUILD\bioforce_scraper\output\data\5a54bb4742a0358a063bfd0f3e8ba804_2025-03-18T19-02-38.315640.json: too many values to unpack (expected 2)
2025-03-19 18:53:57,147 - __main__ - INFO - === Statistiques de reconstruction ===
2025-03-19 18:53:57,147 - __main__ - INFO - Total de documents traités: 10
2025-03-19 18:53:57,148 - __main__ - INFO - Documents filtrés (conservés après filtrage): 0
2025-03-19 18:53:57,148 - __main__ - INFO - Documents indexés: 0
2025-03-19 18:53:57,148 - __main__ - INFO - Éléments FAQ traités: 0
2025-03-19 18:53:57,149 - __main__ - INFO - Éléments FAQ filtrés (conservés): 0
2025-03-19 18:53:57,149 - __main__ - INFO - Taux de filtrage: 100.00%
2025-03-19 18:53:57,149 - __main__ - INFO - =======================================
2025-03-19 18:53:57,149 - __main__ - INFO - Reconstruction des collections terminée avec succès.
2025-03-19 18:53:57,150 - __main__ - INFO - Fin du processus de reconstruction: 2025-03-19 18:53:57.150040
2025-03-19 18:53:57,150 - __main__ - INFO - Durée totale: 47.19 secondes
