2025-03-19 19:01:15,064 - __main__ - INFO - Début du processus de reconstruction FAQ: 2025-03-19 19:01:15.064658
2025-03-19 19:01:15,731 - __main__ - INFO - Début de la reconstruction de la collection BIOFORCE avec les FAQ...
2025-03-19 19:01:15,732 - __main__ - INFO - Recréation de la collection BIOFORCE...
2025-03-19 19:01:15,795 - __main__ - INFO - Suppression de la collection existante BIOFORCE...
2025-03-19 19:01:16,468 - __main__ - INFO - Collection BIOFORCE créée avec succès.
2025-03-19 19:01:16,470 - __main__ - INFO - Traitement de 10 URLs de FAQ...
2025-03-19 19:01:16,481 - __main__ - INFO - Traitement de la FAQ: https://www.bioforce.org/question/sed-ut-perspiciatis-unde-omnis-iste-natus-error-sit-voluptatem-accusantium-doloremque-laudantium-totam-rem-2/
2025-03-19 19:01:16,638 - __main__ - INFO - FAQ extraite avec succès: Secteur de la solidarité
2025-03-19 19:01:17,254 - __main__ - INFO - FAQ indexée avec succès: Secteur de la solidarité
2025-03-19 19:01:17,254 - __main__ - INFO - Traitement de la FAQ: https://www.bioforce.org/question/quelle-est-la-specificite-des-formations-bioforce/
2025-03-19 19:01:17,369 - __main__ - INFO - FAQ extraite avec succès: Informations générales sur les formations
2025-03-19 19:01:17,714 - __main__ - INFO - FAQ indexée avec succès: Informations générales sur les formations
2025-03-19 19:01:17,715 - __main__ - INFO - Traitement de la FAQ: https://www.bioforce.org/question/qui-sont-les-intervenants-formateurs-de-bioforce/
2025-03-19 19:01:17,845 - __main__ - INFO - FAQ extraite avec succès: Informations générales sur les formations
2025-03-19 19:01:18,120 - __main__ - INFO - FAQ indexée avec succès: Informations générales sur les formations
2025-03-19 19:01:18,121 - __main__ - INFO - Traitement de la FAQ: https://www.bioforce.org/question/quels-sont-les-parcours-profils-des-formateurs/
2025-03-19 19:01:18,250 - __main__ - INFO - FAQ extraite avec succès: Questions générales
2025-03-19 19:01:18,903 - __main__ - INFO - FAQ indexée avec succès: Questions générales
2025-03-19 19:01:18,904 - __main__ - INFO - Traitement de la FAQ: https://www.bioforce.org/question/comment-fonctionne-le-cpf-de-transition-professionnelle-anciennement-cif/
2025-03-19 19:01:19,058 - __main__ - INFO - FAQ extraite avec succès: Financement
2025-03-19 19:01:19,744 - __main__ - INFO - FAQ indexée avec succès: Financement
2025-03-19 19:01:19,744 - __main__ - INFO - Traitement de la FAQ: https://www.bioforce.org/question/les-supports-de-cours-me-sont-ils-communiques/
2025-03-19 19:01:19,871 - __main__ - INFO - FAQ extraite avec succès: Déroulement
2025-03-19 19:01:20,319 - __main__ - INFO - FAQ indexée avec succès: Déroulement
2025-03-19 19:01:20,320 - __main__ - INFO - Traitement de la FAQ: https://www.bioforce.org/question/comment-venir-jusquau-lieu-de-formation/
2025-03-19 19:01:20,456 - __main__ - INFO - FAQ extraite avec succès: Déroulement
2025-03-19 19:01:20,838 - __main__ - INFO - FAQ indexée avec succès: Déroulement
2025-03-19 19:01:20,838 - __main__ - INFO - Traitement de la FAQ: https://www.bioforce.org/question/quest-ce-quune-formation-bioforce-en-e-learning/
2025-03-19 19:01:20,978 - __main__ - INFO - FAQ extraite avec succès: Formations en e-learning
2025-03-19 19:01:21,299 - __main__ - INFO - FAQ indexée avec succès: Formations en e-learning
2025-03-19 19:01:21,299 - __main__ - INFO - Traitement de la FAQ: https://www.bioforce.org/question/quest-ce-que-biomoodle/
2025-03-19 19:01:21,441 - __main__ - INFO - FAQ extraite avec succès: Formations en e-learning
2025-03-19 19:01:22,055 - __main__ - INFO - FAQ indexée avec succès: Formations en e-learning
2025-03-19 19:01:22,055 - __main__ - INFO - Traitement de la FAQ: https://www.bioforce.org/question/quelle-est-la-difference-entre-une-formation-bioforce-en-e-learning-et-une-formation-en-presentiel/
2025-03-19 19:01:22,217 - __main__ - INFO - FAQ extraite avec succès: Formations en e-learning
2025-03-19 19:01:22,578 - __main__ - INFO - FAQ indexée avec succès: Formations en e-learning
2025-03-19 19:01:22,579 - __main__ - INFO - === Statistiques de reconstruction des FAQ ===
2025-03-19 19:01:22,579 - __main__ - INFO - Total de FAQ traitées: 10
2025-03-19 19:01:22,579 - __main__ - INFO - FAQ indexées avec succès: 10
2025-03-19 19:01:22,579 - __main__ - INFO - Taux de réussite: 100.00%
2025-03-19 19:01:22,579 - __main__ - INFO - ==============================================
2025-03-19 19:01:22,581 - __main__ - INFO - Reconstruction de la collection terminée.
2025-03-19 19:01:22,581 - __main__ - INFO - Fin du processus de reconstruction: 2025-03-19 19:01:22.581189
2025-03-19 19:01:22,581 - __main__ - INFO - Durée totale: 7.52 secondes
