2025-03-17 15:35:59,414 - bioforce_scraper.utils.qdrant_connector - INFO - Connecté à Qdrant: https://09615e3e-47b2-4b5f-adcc-4e1b2d339957.eu-central-1-0.aws.cloud.qdrant.io, collection: BIOFORCE
2025-03-17 15:36:00,481 - bioforce_scraper.utils.qdrant_connector - INFO - Connecté à Qdrant: https://09615e3e-47b2-4b5f-adcc-4e1b2d339957.eu-central-1-0.aws.cloud.qdrant.io, collection: BIOFORCE
2025-03-17 15:36:01,712 - bioforce_scraper.utils.qdrant_connector - INFO - Connecté à Qdrant: https://09615e3e-47b2-4b5f-adcc-4e1b2d339957.eu-central-1-0.aws.cloud.qdrant.io, collection: BIOFORCE
2025-03-17 15:36:01,731 - bioforce_scraper.api.app - INFO - Démarrage de l'API Bioforce
2025-03-17 15:36:02,255 - bioforce_scraper.utils.qdrant_connector - INFO - Collection 'BIOFORCE' existe déjà
2025-03-17 15:36:02,255 - bioforce_scraper.scheduler - INFO - Tâche de mise à jour de la FAQ planifiée: 0 0 * * 0
2025-03-17 15:36:02,255 - bioforce_scraper.scheduler - INFO - Tâche de mise à jour complète du site planifiée: 0 2 * * 0
2025-03-17 15:36:02,255 - bioforce_scraper.scheduler - INFO - Tâche d'envoi de rappels planifiée: toutes les 5 minutes
2025-03-17 15:36:02,255 - bioforce_scraper.scheduler - INFO - Planificateur démarré
2025-03-17 15:36:02,255 - bioforce_scraper.api.app - INFO - Planificateur démarré
2025-03-17 15:41:02,263 - bioforce_scraper.scheduler - INFO - Envoi des rappels aux utilisateurs
2025-03-17 15:41:02,263 - bioforce_scraper.utils.reminder_service - INFO - Envoi des rappels aux utilisateurs actifs
2025-03-17 15:41:02,263 - bioforce_scraper.scheduler - ERROR - Exception lors de l'envoi des rappels: name 'REMINDER_INTERVAL_MINUTES' is not defined
2025-03-17 15:46:02,264 - bioforce_scraper.scheduler - INFO - Envoi des rappels aux utilisateurs
2025-03-17 15:46:02,264 - bioforce_scraper.utils.reminder_service - INFO - Envoi des rappels aux utilisateurs actifs
2025-03-17 15:46:02,264 - bioforce_scraper.scheduler - ERROR - Exception lors de l'envoi des rappels: name 'REMINDER_INTERVAL_MINUTES' is not defined
2025-03-17 15:51:02,269 - bioforce_scraper.scheduler - INFO - Envoi des rappels aux utilisateurs
2025-03-17 15:51:02,269 - bioforce_scraper.utils.reminder_service - INFO - Envoi des rappels aux utilisateurs actifs
2025-03-17 15:51:02,269 - bioforce_scraper.scheduler - ERROR - Exception lors de l'envoi des rappels: name 'REMINDER_INTERVAL_MINUTES' is not defined
2025-03-17 15:56:02,261 - bioforce_scraper.scheduler - INFO - Envoi des rappels aux utilisateurs
2025-03-17 15:56:02,261 - bioforce_scraper.utils.reminder_service - INFO - Envoi des rappels aux utilisateurs actifs
2025-03-17 15:56:02,261 - bioforce_scraper.scheduler - ERROR - Exception lors de l'envoi des rappels: name 'REMINDER_INTERVAL_MINUTES' is not defined
2025-03-17 16:01:02,277 - bioforce_scraper.scheduler - INFO - Envoi des rappels aux utilisateurs
2025-03-17 16:01:02,278 - bioforce_scraper.utils.reminder_service - INFO - Envoi des rappels aux utilisateurs actifs
2025-03-17 16:01:02,278 - bioforce_scraper.scheduler - ERROR - Exception lors de l'envoi des rappels: name 'REMINDER_INTERVAL_MINUTES' is not defined
2025-03-17 16:03:55,323 - bioforce_scraper.scheduler - INFO - Signal reçu: 2
2025-03-17 16:03:55,323 - bioforce_scraper.scheduler - INFO - Planificateur arrêté
2025-03-17 16:03:55,323 - bioforce_scraper.api.app - INFO - Arrêt de l'API Bioforce
2025-03-17 16:03:55,324 - bioforce_scraper.api.app - INFO - Planificateur arrêté
