2025-03-19 19:14:55,282 - bioforce_scraper.utils.qdrant_connector - INFO - Connecté à Qdrant: https://09615e3e-47b2-4b5f-adcc-4e1b2d339957.eu-central-1-0.aws.cloud.qdrant.io, collection: BIOFORCE
2025-03-19 19:14:56,050 - bioforce_scraper.utils.qdrant_connector - INFO - Collection 'BIOFORCE' créée avec succès
2025-03-19 19:14:57,362 - bioforce_scraper.utils.qdrant_connector - INFO - Collection 'BIOFORCE' existe déjà
2025-03-19 19:14:57,415 - bioforce_scraper.utils.qdrant_connector - INFO - Document inséré/mis à jour avec succès: ID=1b3661d4a935f3cd2246af2564744ab5
2025-03-19 19:14:57,461 - bioforce_scraper.utils.qdrant_connector - INFO - Collection 'BIOFORCE' existe déjà
2025-03-19 19:14:57,491 - bioforce_scraper.utils.qdrant_connector - INFO - Document inséré/mis à jour avec succès: ID=4ab7c65559262650fc8643cbb8fb5263
2025-03-19 19:14:57,515 - bioforce_scraper.utils.qdrant_connector - INFO - Collection 'BIOFORCE' existe déjà
2025-03-19 19:14:57,542 - bioforce_scraper.utils.qdrant_connector - INFO - Document inséré/mis à jour avec succès: ID=6f5235feff897ff3e62f051f442c935a
2025-03-19 19:14:57,566 - bioforce_scraper.utils.qdrant_connector - INFO - Collection 'BIOFORCE' existe déjà
2025-03-19 19:14:57,604 - bioforce_scraper.utils.qdrant_connector - INFO - Document inséré/mis à jour avec succès: ID=caf8d95be5d638aa37cce94689165297
2025-03-19 19:14:57,626 - bioforce_scraper.utils.qdrant_connector - INFO - Collection 'BIOFORCE' existe déjà
2025-03-19 19:14:57,652 - bioforce_scraper.utils.qdrant_connector - INFO - Document inséré/mis à jour avec succès: ID=17d85b40a86195db7b993ce9f3c2c291
2025-03-19 19:14:57,675 - bioforce_scraper.utils.qdrant_connector - INFO - Collection 'BIOFORCE' existe déjà
2025-03-19 19:14:57,702 - bioforce_scraper.utils.qdrant_connector - INFO - Document inséré/mis à jour avec succès: ID=c871469321c5e73b55eec5cdb4eca317
2025-03-19 19:14:57,724 - bioforce_scraper.utils.qdrant_connector - INFO - Collection 'BIOFORCE' existe déjà
2025-03-19 19:14:57,751 - bioforce_scraper.utils.qdrant_connector - INFO - Document inséré/mis à jour avec succès: ID=d28e7728a35879b75fff4dae65da1b88
2025-03-19 19:14:57,774 - bioforce_scraper.utils.qdrant_connector - INFO - Collection 'BIOFORCE' existe déjà
2025-03-19 19:14:57,802 - bioforce_scraper.utils.qdrant_connector - INFO - Document inséré/mis à jour avec succès: ID=ff3097f3ab0b290b0edaacf596034f6d
2025-03-19 19:14:57,825 - bioforce_scraper.utils.qdrant_connector - INFO - Collection 'BIOFORCE' existe déjà
2025-03-19 19:14:57,859 - bioforce_scraper.utils.qdrant_connector - INFO - Document inséré/mis à jour avec succès: ID=6bb91d26c641b7ac5160735392e1ab3c
2025-03-19 19:14:58,235 - bioforce_scraper.utils.qdrant_connector - INFO - Collection 'BIOFORCE' existe déjà
2025-03-19 19:14:58,267 - bioforce_scraper.utils.qdrant_connector - INFO - Document inséré/mis à jour avec succès: ID=c2e811bf6894b24c85b84d21d5d59f4b
2025-03-19 19:14:59,859 - bioforce_scraper.utils.qdrant_connector - INFO - Collection 'BIOFORCE' existe déjà
2025-03-19 19:14:59,900 - bioforce_scraper.utils.qdrant_connector - INFO - Document inséré/mis à jour avec succès: ID=d06b4e39401653cf81bc09255fb92cd1
2025-03-19 19:14:59,967 - bioforce_scraper.utils.qdrant_connector - INFO - Collection 'BIOFORCE' existe déjà
2025-03-19 19:14:59,999 - bioforce_scraper.utils.qdrant_connector - INFO - Document inséré/mis à jour avec succès: ID=310f863eb4713c474842856175f3fca7
2025-03-19 19:15:00,026 - bioforce_scraper.utils.qdrant_connector - INFO - Collection 'BIOFORCE' existe déjà
2025-03-19 19:15:00,054 - bioforce_scraper.utils.qdrant_connector - INFO - Document inséré/mis à jour avec succès: ID=2631a7eaff754834eb201e00da00984b
2025-03-19 19:15:00,208 - bioforce_scraper.utils.qdrant_connector - INFO - Collection 'BIOFORCE' existe déjà
2025-03-19 19:15:00,234 - bioforce_scraper.utils.qdrant_connector - INFO - Document inséré/mis à jour avec succès: ID=89b1e80cf4990d88153594f58b0debfe
2025-03-19 19:15:00,260 - bioforce_scraper.utils.qdrant_connector - INFO - Collection 'BIOFORCE' existe déjà
2025-03-19 19:15:00,286 - bioforce_scraper.utils.qdrant_connector - INFO - Document inséré/mis à jour avec succès: ID=3ccac106cd7b5e73443b8cfc6cc44512
2025-03-19 19:15:00,310 - bioforce_scraper.utils.qdrant_connector - INFO - Collection 'BIOFORCE' existe déjà
2025-03-19 19:15:00,339 - bioforce_scraper.utils.qdrant_connector - INFO - Document inséré/mis à jour avec succès: ID=af4b09dfea15206e244d594c8a9a5003
2025-03-19 19:15:00,464 - bioforce_scraper.utils.qdrant_connector - INFO - Collection 'BIOFORCE' existe déjà
2025-03-19 19:15:00,491 - bioforce_scraper.utils.qdrant_connector - INFO - Document inséré/mis à jour avec succès: ID=b67d4d9365d885d02a98e0a36ce31c6c
2025-03-19 19:15:00,517 - bioforce_scraper.utils.qdrant_connector - INFO - Collection 'BIOFORCE' existe déjà
2025-03-19 19:15:00,546 - bioforce_scraper.utils.qdrant_connector - INFO - Document inséré/mis à jour avec succès: ID=a5300734ef1b4c1783d88112f6d1a57d
2025-03-19 19:15:00,569 - bioforce_scraper.utils.qdrant_connector - INFO - Collection 'BIOFORCE' existe déjà
2025-03-19 19:15:00,598 - bioforce_scraper.utils.qdrant_connector - INFO - Document inséré/mis à jour avec succès: ID=3fcbbf33898bf7b7af270ae780b013d1
2025-03-19 19:15:00,683 - bioforce_scraper.utils.qdrant_connector - INFO - Collection 'BIOFORCE' existe déjà
2025-03-19 19:15:00,711 - bioforce_scraper.utils.qdrant_connector - INFO - Document inséré/mis à jour avec succès: ID=a73d83fed9d7e546ffe82f0829fff413
2025-03-19 19:15:02,160 - bioforce_scraper.utils.qdrant_connector - INFO - Collection 'BIOFORCE' existe déjà
2025-03-19 19:15:02,186 - bioforce_scraper.utils.qdrant_connector - INFO - Document inséré/mis à jour avec succès: ID=383de987d4a8513f80ea51c741d56ee7
2025-03-19 19:15:02,237 - bioforce_scraper.utils.qdrant_connector - INFO - Collection 'BIOFORCE' existe déjà
2025-03-19 19:15:02,263 - bioforce_scraper.utils.qdrant_connector - INFO - Document inséré/mis à jour avec succès: ID=5fc2b4564a7c0d5f1c222b086ac16ff7
2025-03-19 19:15:02,353 - bioforce_scraper.utils.qdrant_connector - INFO - Collection 'BIOFORCE' existe déjà
2025-03-19 19:15:02,378 - bioforce_scraper.utils.qdrant_connector - INFO - Document inséré/mis à jour avec succès: ID=d9f3403f569e294dd776555eaa356832
2025-03-19 19:15:02,445 - bioforce_scraper.utils.qdrant_connector - INFO - Collection 'BIOFORCE' existe déjà
2025-03-19 19:15:02,469 - bioforce_scraper.utils.qdrant_connector - INFO - Document inséré/mis à jour avec succès: ID=94ed78cc7790c86d062e37a7ac2f581c
2025-03-19 19:15:02,516 - bioforce_scraper.utils.qdrant_connector - INFO - Collection 'BIOFORCE' existe déjà
2025-03-19 19:15:02,553 - bioforce_scraper.utils.qdrant_connector - INFO - Document inséré/mis à jour avec succès: ID=415d91e125d4f376c91079b1fc24862e
2025-03-19 19:15:02,585 - bioforce_scraper.utils.qdrant_connector - INFO - Collection 'BIOFORCE' existe déjà
2025-03-19 19:15:02,613 - bioforce_scraper.utils.qdrant_connector - INFO - Document inséré/mis à jour avec succès: ID=ad83061744a03b69f5844ce4fbca5882
2025-03-19 19:15:02,676 - bioforce_scraper.utils.qdrant_connector - INFO - Collection 'BIOFORCE' existe déjà
2025-03-19 19:15:02,708 - bioforce_scraper.utils.qdrant_connector - INFO - Document inséré/mis à jour avec succès: ID=a5288af055ed0958c25103e49f4eef92
2025-03-19 19:15:02,733 - bioforce_scraper.utils.qdrant_connector - INFO - Collection 'BIOFORCE' existe déjà
2025-03-19 19:15:02,758 - bioforce_scraper.utils.qdrant_connector - INFO - Document inséré/mis à jour avec succès: ID=5137000656864079d7f76ca25b2ec51a
2025-03-19 19:15:02,780 - bioforce_scraper.utils.qdrant_connector - INFO - Collection 'BIOFORCE' existe déjà
2025-03-19 19:15:02,806 - bioforce_scraper.utils.qdrant_connector - INFO - Document inséré/mis à jour avec succès: ID=50f5a4107b1815a25d568d1380d717ef
2025-03-19 19:15:03,073 - bioforce_scraper.utils.qdrant_connector - INFO - Collection 'BIOFORCE' existe déjà
2025-03-19 19:15:03,098 - bioforce_scraper.utils.qdrant_connector - INFO - Document inséré/mis à jour avec succès: ID=b5e058e12bce2e3011c585ec1453a750
2025-03-19 19:15:04,603 - bioforce_scraper.utils.qdrant_connector - INFO - Collection 'BIOFORCE' existe déjà
2025-03-19 19:15:04,633 - bioforce_scraper.utils.qdrant_connector - INFO - Document inséré/mis à jour avec succès: ID=dcd3a2e6bf17aba50c963425d1d7f1c7
2025-03-19 19:15:04,661 - bioforce_scraper.utils.qdrant_connector - INFO - Collection 'BIOFORCE' existe déjà
2025-03-19 19:15:04,689 - bioforce_scraper.utils.qdrant_connector - INFO - Document inséré/mis à jour avec succès: ID=8091b0164f6fcf5ec6271d0957d21360
2025-03-19 19:15:04,798 - bioforce_scraper.utils.qdrant_connector - INFO - Collection 'BIOFORCE' existe déjà
2025-03-19 19:15:04,824 - bioforce_scraper.utils.qdrant_connector - INFO - Document inséré/mis à jour avec succès: ID=59ccf1eca9c068b37b5c8370f57ddd96
2025-03-19 19:15:04,847 - bioforce_scraper.utils.qdrant_connector - INFO - Collection 'BIOFORCE' existe déjà
2025-03-19 19:15:04,873 - bioforce_scraper.utils.qdrant_connector - INFO - Document inséré/mis à jour avec succès: ID=ead4ad4d561423c1a7a79a5c326a8070
2025-03-19 19:15:04,958 - bioforce_scraper.utils.qdrant_connector - INFO - Collection 'BIOFORCE' existe déjà
2025-03-19 19:15:04,987 - bioforce_scraper.utils.qdrant_connector - INFO - Document inséré/mis à jour avec succès: ID=3a05ae90c4ce312f4607351897762cbc
2025-03-19 19:15:05,123 - bioforce_scraper.utils.qdrant_connector - INFO - Collection 'BIOFORCE' existe déjà
2025-03-19 19:15:05,154 - bioforce_scraper.utils.qdrant_connector - INFO - Document inséré/mis à jour avec succès: ID=0c0a85949e11640988ed53aa75a4b9ae
2025-03-19 19:15:05,196 - bioforce_scraper.utils.qdrant_connector - INFO - Collection 'BIOFORCE' existe déjà
2025-03-19 19:15:05,224 - bioforce_scraper.utils.qdrant_connector - INFO - Document inséré/mis à jour avec succès: ID=e3d49e63a684bd037d45ed2d83b06d52
2025-03-19 19:15:05,248 - bioforce_scraper.utils.qdrant_connector - INFO - Collection 'BIOFORCE' existe déjà
2025-03-19 19:15:05,275 - bioforce_scraper.utils.qdrant_connector - INFO - Document inséré/mis à jour avec succès: ID=e8e9e6d9ade09c610ebe36f2d6ded129
2025-03-19 19:15:05,298 - bioforce_scraper.utils.qdrant_connector - INFO - Collection 'BIOFORCE' existe déjà
2025-03-19 19:15:05,324 - bioforce_scraper.utils.qdrant_connector - INFO - Document inséré/mis à jour avec succès: ID=d0097b0dc3df59592c8f33e19d879c09
2025-03-19 19:15:05,348 - bioforce_scraper.utils.qdrant_connector - INFO - Collection 'BIOFORCE' existe déjà
2025-03-19 19:15:05,378 - bioforce_scraper.utils.qdrant_connector - INFO - Document inséré/mis à jour avec succès: ID=2ee1e4037b6e24d1d624b64c02f014ff
2025-03-19 19:15:07,061 - bioforce_scraper.utils.qdrant_connector - INFO - Collection 'BIOFORCE' existe déjà
2025-03-19 19:15:07,087 - bioforce_scraper.utils.qdrant_connector - INFO - Document inséré/mis à jour avec succès: ID=755c1c9386c37c8b7b06d94d98eaad72
2025-03-19 19:15:07,114 - bioforce_scraper.utils.qdrant_connector - INFO - Collection 'BIOFORCE' existe déjà
2025-03-19 19:15:07,143 - bioforce_scraper.utils.qdrant_connector - INFO - Document inséré/mis à jour avec succès: ID=3f6025b9b701e98daf10b8b280661ab8
2025-03-19 19:15:07,219 - bioforce_scraper.utils.qdrant_connector - INFO - Collection 'BIOFORCE' existe déjà
2025-03-19 19:15:07,261 - bioforce_scraper.utils.qdrant_connector - INFO - Document inséré/mis à jour avec succès: ID=aadc823d24da2185e92a6b8f0c78b44c
2025-03-19 19:15:07,382 - bioforce_scraper.utils.qdrant_connector - INFO - Collection 'BIOFORCE' existe déjà
2025-03-19 19:15:07,410 - bioforce_scraper.utils.qdrant_connector - INFO - Document inséré/mis à jour avec succès: ID=bb5ae2bc4c92c867da608c3d9ba4b6e2
2025-03-19 19:15:07,433 - bioforce_scraper.utils.qdrant_connector - INFO - Collection 'BIOFORCE' existe déjà
2025-03-19 19:15:07,459 - bioforce_scraper.utils.qdrant_connector - INFO - Document inséré/mis à jour avec succès: ID=554aac6f9e30d6c8321a64d65cb7e7e5
2025-03-19 19:15:07,488 - bioforce_scraper.utils.qdrant_connector - INFO - Collection 'BIOFORCE' existe déjà
2025-03-19 19:15:07,514 - bioforce_scraper.utils.qdrant_connector - INFO - Document inséré/mis à jour avec succès: ID=e888ef92b16c46489542307c261cfc26
2025-03-19 19:15:07,661 - bioforce_scraper.utils.qdrant_connector - INFO - Collection 'BIOFORCE' existe déjà
2025-03-19 19:15:07,688 - bioforce_scraper.utils.qdrant_connector - INFO - Document inséré/mis à jour avec succès: ID=0c5e9622c38a7ad3f9fa36a6fd5ff63e
2025-03-19 19:15:07,765 - bioforce_scraper.utils.qdrant_connector - INFO - Collection 'BIOFORCE' existe déjà
2025-03-19 19:15:07,805 - bioforce_scraper.utils.qdrant_connector - INFO - Document inséré/mis à jour avec succès: ID=f90bab7e55ace54553a04c0d423a8f9c
2025-03-19 19:15:07,838 - bioforce_scraper.utils.qdrant_connector - INFO - Collection 'BIOFORCE' existe déjà
2025-03-19 19:15:07,869 - bioforce_scraper.utils.qdrant_connector - INFO - Document inséré/mis à jour avec succès: ID=1a3c40c091c96b3507a8c142c2cec107
2025-03-19 19:15:08,022 - bioforce_scraper.utils.qdrant_connector - INFO - Collection 'BIOFORCE' existe déjà
2025-03-19 19:15:08,051 - bioforce_scraper.utils.qdrant_connector - INFO - Document inséré/mis à jour avec succès: ID=666b67db4d35c6a273fde312eb1a3f4a
2025-03-19 19:15:09,579 - bioforce_scraper.utils.qdrant_connector - INFO - Collection 'BIOFORCE' existe déjà
2025-03-19 19:15:09,606 - bioforce_scraper.utils.qdrant_connector - INFO - Document inséré/mis à jour avec succès: ID=f5b3263eee9bf233b8c22f72e55f946a
2025-03-19 19:15:09,702 - bioforce_scraper.utils.qdrant_connector - INFO - Collection 'BIOFORCE' existe déjà
2025-03-19 19:15:09,728 - bioforce_scraper.utils.qdrant_connector - INFO - Document inséré/mis à jour avec succès: ID=a88c923eb88e58b9ecdf608f4c58583b
2025-03-19 19:15:09,750 - bioforce_scraper.utils.qdrant_connector - INFO - Collection 'BIOFORCE' existe déjà
2025-03-19 19:15:09,777 - bioforce_scraper.utils.qdrant_connector - INFO - Document inséré/mis à jour avec succès: ID=111bbcebc57c1527a4a1a8452e0746af
2025-03-19 19:15:09,877 - bioforce_scraper.utils.qdrant_connector - INFO - Collection 'BIOFORCE' existe déjà
2025-03-19 19:15:09,904 - bioforce_scraper.utils.qdrant_connector - INFO - Document inséré/mis à jour avec succès: ID=91229d6c0bb057d276f68d72fe128e89
2025-03-19 19:15:09,929 - bioforce_scraper.utils.qdrant_connector - INFO - Collection 'BIOFORCE' existe déjà
2025-03-19 19:15:09,955 - bioforce_scraper.utils.qdrant_connector - INFO - Document inséré/mis à jour avec succès: ID=774f2e4b1c1accbdd151994a4cb9e009
2025-03-19 19:15:09,979 - bioforce_scraper.utils.qdrant_connector - INFO - Collection 'BIOFORCE' existe déjà
2025-03-19 19:15:10,008 - bioforce_scraper.utils.qdrant_connector - INFO - Document inséré/mis à jour avec succès: ID=d4e9aa3e3165b3da7c2b324b7b5637bc
2025-03-19 19:15:10,031 - bioforce_scraper.utils.qdrant_connector - INFO - Collection 'BIOFORCE' existe déjà
2025-03-19 19:15:10,056 - bioforce_scraper.utils.qdrant_connector - INFO - Document inséré/mis à jour avec succès: ID=e4340c7824bb8d75509ff65af23a01d1
2025-03-19 19:15:10,220 - bioforce_scraper.utils.qdrant_connector - INFO - Collection 'BIOFORCE' existe déjà
2025-03-19 19:15:10,248 - bioforce_scraper.utils.qdrant_connector - INFO - Document inséré/mis à jour avec succès: ID=981dd39ab8605d478c76f2cf20868fba
2025-03-19 19:15:10,483 - bioforce_scraper.utils.qdrant_connector - INFO - Collection 'BIOFORCE' existe déjà
2025-03-19 19:15:10,511 - bioforce_scraper.utils.qdrant_connector - INFO - Document inséré/mis à jour avec succès: ID=1c8d700ed2dc46e574672d37b2c1e2b0
2025-03-19 19:15:10,535 - bioforce_scraper.utils.qdrant_connector - INFO - Collection 'BIOFORCE' existe déjà
2025-03-19 19:15:10,563 - bioforce_scraper.utils.qdrant_connector - INFO - Document inséré/mis à jour avec succès: ID=74288e649b56d59c3196e1aba2cc166f
2025-03-19 19:15:12,082 - bioforce_scraper.utils.qdrant_connector - INFO - Collection 'BIOFORCE' existe déjà
2025-03-19 19:15:12,109 - bioforce_scraper.utils.qdrant_connector - INFO - Document inséré/mis à jour avec succès: ID=315f858f78f00f4dfc2995f21d77c115
2025-03-19 19:15:12,171 - bioforce_scraper.utils.qdrant_connector - INFO - Collection 'BIOFORCE' existe déjà
2025-03-19 19:15:12,209 - bioforce_scraper.utils.qdrant_connector - INFO - Document inséré/mis à jour avec succès: ID=75ccb0f187130ed7dd4e5467356196f4
2025-03-19 19:15:12,278 - bioforce_scraper.utils.qdrant_connector - INFO - Collection 'BIOFORCE' existe déjà
2025-03-19 19:15:12,305 - bioforce_scraper.utils.qdrant_connector - INFO - Document inséré/mis à jour avec succès: ID=999a28d7f47d559f987719f79b290ab4
2025-03-19 19:15:12,389 - bioforce_scraper.utils.qdrant_connector - INFO - Collection 'BIOFORCE' existe déjà
2025-03-19 19:15:12,416 - bioforce_scraper.utils.qdrant_connector - INFO - Document inséré/mis à jour avec succès: ID=ab1af640c4a92ecaa37738213911ef7e
2025-03-19 19:15:12,496 - bioforce_scraper.utils.qdrant_connector - INFO - Collection 'BIOFORCE' existe déjà
2025-03-19 19:15:12,527 - bioforce_scraper.utils.qdrant_connector - INFO - Document inséré/mis à jour avec succès: ID=3cbf2fa7309aae1f24395cd6357756ef
2025-03-19 19:15:12,558 - bioforce_scraper.utils.qdrant_connector - INFO - Collection 'BIOFORCE' existe déjà
2025-03-19 19:15:12,596 - bioforce_scraper.utils.qdrant_connector - INFO - Document inséré/mis à jour avec succès: ID=e163626af8ecb912e15e1984eefa6475
2025-03-19 19:15:12,623 - bioforce_scraper.utils.qdrant_connector - INFO - Collection 'BIOFORCE' existe déjà
2025-03-19 19:15:12,652 - bioforce_scraper.utils.qdrant_connector - INFO - Document inséré/mis à jour avec succès: ID=4af620b072c5d52969bbb9c01419744a
2025-03-19 19:15:12,842 - bioforce_scraper.utils.qdrant_connector - INFO - Collection 'BIOFORCE' existe déjà
2025-03-19 19:15:12,871 - bioforce_scraper.utils.qdrant_connector - INFO - Document inséré/mis à jour avec succès: ID=b56621f7cb9f67662e2b8cecd2289fcb
2025-03-19 19:15:12,900 - bioforce_scraper.utils.qdrant_connector - INFO - Collection 'BIOFORCE' existe déjà
2025-03-19 19:15:12,934 - bioforce_scraper.utils.qdrant_connector - INFO - Document inséré/mis à jour avec succès: ID=aafc7611b6b964ea9a1f7fb440a19828
2025-03-19 19:15:13,028 - bioforce_scraper.utils.qdrant_connector - INFO - Collection 'BIOFORCE' existe déjà
2025-03-19 19:15:13,055 - bioforce_scraper.utils.qdrant_connector - INFO - Document inséré/mis à jour avec succès: ID=d69bd1042ecf3245b918e049db0d7b76
2025-03-19 19:15:14,444 - bioforce_scraper.utils.qdrant_connector - INFO - Collection 'BIOFORCE' existe déjà
2025-03-19 19:15:14,470 - bioforce_scraper.utils.qdrant_connector - INFO - Document inséré/mis à jour avec succès: ID=b2962b12834ea211374fef9bfba367bb
2025-03-19 19:15:14,593 - bioforce_scraper.utils.qdrant_connector - INFO - Collection 'BIOFORCE' existe déjà
2025-03-19 19:15:14,620 - bioforce_scraper.utils.qdrant_connector - INFO - Document inséré/mis à jour avec succès: ID=e6a60e11dfab5ece221ff1819cc596a8
2025-03-19 19:15:14,690 - bioforce_scraper.utils.qdrant_connector - INFO - Collection 'BIOFORCE' existe déjà
2025-03-19 19:15:14,721 - bioforce_scraper.utils.qdrant_connector - INFO - Document inséré/mis à jour avec succès: ID=a475e3c0dae8244566b58e8454e2e19c
2025-03-19 19:15:14,744 - bioforce_scraper.utils.qdrant_connector - INFO - Collection 'BIOFORCE' existe déjà
2025-03-19 19:15:14,770 - bioforce_scraper.utils.qdrant_connector - INFO - Document inséré/mis à jour avec succès: ID=7920c33b84855638dfe16e445eac8814
2025-03-19 19:15:14,870 - bioforce_scraper.utils.qdrant_connector - INFO - Collection 'BIOFORCE' existe déjà
2025-03-19 19:15:14,896 - bioforce_scraper.utils.qdrant_connector - INFO - Document inséré/mis à jour avec succès: ID=c371bcafa25850ad38ae360ec696e52a
2025-03-19 19:15:14,961 - bioforce_scraper.utils.qdrant_connector - INFO - Collection 'BIOFORCE' existe déjà
2025-03-19 19:15:14,987 - bioforce_scraper.utils.qdrant_connector - INFO - Document inséré/mis à jour avec succès: ID=f1b2da08ad49f9bff7383e8922b3eb7f
2025-03-19 19:15:15,114 - bioforce_scraper.utils.qdrant_connector - INFO - Collection 'BIOFORCE' existe déjà
2025-03-19 19:15:15,148 - bioforce_scraper.utils.qdrant_connector - INFO - Document inséré/mis à jour avec succès: ID=143d67ef613942a54b24341800b0903d
2025-03-19 19:15:15,223 - bioforce_scraper.utils.qdrant_connector - INFO - Collection 'BIOFORCE' existe déjà
2025-03-19 19:15:15,250 - bioforce_scraper.utils.qdrant_connector - INFO - Document inséré/mis à jour avec succès: ID=2f1b5905b0e71ca9b8352e1c5c956f34
2025-03-19 19:15:15,368 - bioforce_scraper.utils.qdrant_connector - INFO - Collection 'BIOFORCE' existe déjà
2025-03-19 19:15:15,395 - bioforce_scraper.utils.qdrant_connector - INFO - Document inséré/mis à jour avec succès: ID=ed07022a9e7e249d297224ac17c08cbb
2025-03-19 19:15:15,417 - bioforce_scraper.utils.qdrant_connector - INFO - Collection 'BIOFORCE' existe déjà
2025-03-19 19:15:15,445 - bioforce_scraper.utils.qdrant_connector - INFO - Document inséré/mis à jour avec succès: ID=f08bf1c743d2f07378ea2c4c1a852d37
2025-03-19 19:15:16,884 - bioforce_scraper.utils.qdrant_connector - INFO - Collection 'BIOFORCE' existe déjà
2025-03-19 19:15:16,915 - bioforce_scraper.utils.qdrant_connector - INFO - Document inséré/mis à jour avec succès: ID=41801b649fca1e8767842c35aad6578e
2025-03-19 19:15:16,974 - bioforce_scraper.utils.qdrant_connector - INFO - Collection 'BIOFORCE' existe déjà
2025-03-19 19:15:17,005 - bioforce_scraper.utils.qdrant_connector - INFO - Document inséré/mis à jour avec succès: ID=4ffca19def4264c000486c3ebe6fbca8
2025-03-19 19:15:17,039 - bioforce_scraper.utils.qdrant_connector - INFO - Collection 'BIOFORCE' existe déjà
2025-03-19 19:15:17,067 - bioforce_scraper.utils.qdrant_connector - INFO - Document inséré/mis à jour avec succès: ID=59acb0e7093ec83d14440a008a012bd5
2025-03-19 19:15:17,452 - bioforce_scraper.utils.qdrant_connector - INFO - Collection 'BIOFORCE' existe déjà
2025-03-19 19:15:17,507 - bioforce_scraper.utils.qdrant_connector - INFO - Document inséré/mis à jour avec succès: ID=73cf515cca54805e5abe84707aa1a029
2025-03-19 19:15:17,535 - bioforce_scraper.utils.qdrant_connector - INFO - Collection 'BIOFORCE' existe déjà
2025-03-19 19:15:17,564 - bioforce_scraper.utils.qdrant_connector - INFO - Document inséré/mis à jour avec succès: ID=5e359a500cfdbbe8bbeb06fc83ea391a
2025-03-19 19:15:17,587 - bioforce_scraper.utils.qdrant_connector - INFO - Collection 'BIOFORCE' existe déjà
2025-03-19 19:15:17,623 - bioforce_scraper.utils.qdrant_connector - INFO - Document inséré/mis à jour avec succès: ID=d28198d1675fe545132a0872aa9746ac
2025-03-19 19:15:17,649 - bioforce_scraper.utils.qdrant_connector - INFO - Collection 'BIOFORCE' existe déjà
2025-03-19 19:15:17,679 - bioforce_scraper.utils.qdrant_connector - INFO - Document inséré/mis à jour avec succès: ID=f60a0d64241cd0894bd35ab90d062560
2025-03-19 19:15:17,704 - bioforce_scraper.utils.qdrant_connector - INFO - Collection 'BIOFORCE' existe déjà
2025-03-19 19:15:17,730 - bioforce_scraper.utils.qdrant_connector - INFO - Document inséré/mis à jour avec succès: ID=d25cfa78681851b6b5e4c0b2fe3dd1f4
2025-03-19 19:15:17,758 - bioforce_scraper.utils.qdrant_connector - INFO - Collection 'BIOFORCE' existe déjà
2025-03-19 19:15:17,791 - bioforce_scraper.utils.qdrant_connector - INFO - Document inséré/mis à jour avec succès: ID=591df4bbfef3a583eb6469b294811187
2025-03-19 19:15:18,103 - bioforce_scraper.utils.qdrant_connector - INFO - Collection 'BIOFORCE' existe déjà
2025-03-19 19:15:18,132 - bioforce_scraper.utils.qdrant_connector - INFO - Document inséré/mis à jour avec succès: ID=c4415d04e63acbc25d9a4060c871fa28
2025-03-19 19:15:19,623 - bioforce_scraper.utils.qdrant_connector - INFO - Collection 'BIOFORCE' existe déjà
2025-03-19 19:15:19,649 - bioforce_scraper.utils.qdrant_connector - INFO - Document inséré/mis à jour avec succès: ID=d5966d0ef8dd6b65eef9ae3649efa27d
2025-03-19 19:15:19,706 - bioforce_scraper.utils.qdrant_connector - INFO - Collection 'BIOFORCE' existe déjà
2025-03-19 19:15:19,732 - bioforce_scraper.utils.qdrant_connector - INFO - Document inséré/mis à jour avec succès: ID=b711623d0cd20c448bc6c8e1344cc8cc
2025-03-19 19:15:19,755 - bioforce_scraper.utils.qdrant_connector - INFO - Collection 'BIOFORCE' existe déjà
2025-03-19 19:15:19,783 - bioforce_scraper.utils.qdrant_connector - INFO - Document inséré/mis à jour avec succès: ID=53cb04cddfaa42916a37291dceb6427e
2025-03-19 19:15:20,081 - bioforce_scraper.utils.qdrant_connector - INFO - Collection 'BIOFORCE' existe déjà
2025-03-19 19:15:20,121 - bioforce_scraper.utils.qdrant_connector - INFO - Document inséré/mis à jour avec succès: ID=7a054435e6862d2776269a74823354ab
2025-03-19 19:15:20,143 - bioforce_scraper.utils.qdrant_connector - INFO - Collection 'BIOFORCE' existe déjà
2025-03-19 19:15:20,170 - bioforce_scraper.utils.qdrant_connector - INFO - Document inséré/mis à jour avec succès: ID=9fd8fa70c167c2df0f0c5944de97101c
2025-03-19 19:15:20,191 - bioforce_scraper.utils.qdrant_connector - INFO - Collection 'BIOFORCE' existe déjà
2025-03-19 19:15:20,217 - bioforce_scraper.utils.qdrant_connector - INFO - Document inséré/mis à jour avec succès: ID=55199c095f42dd3d2411a3021c81757d
2025-03-19 19:15:20,240 - bioforce_scraper.utils.qdrant_connector - INFO - Collection 'BIOFORCE' existe déjà
2025-03-19 19:15:20,266 - bioforce_scraper.utils.qdrant_connector - INFO - Document inséré/mis à jour avec succès: ID=3503426e2cdffb6661bf19e3001a7150
2025-03-19 19:15:20,468 - bioforce_scraper.utils.qdrant_connector - INFO - Collection 'BIOFORCE' existe déjà
2025-03-19 19:15:20,493 - bioforce_scraper.utils.qdrant_connector - INFO - Document inséré/mis à jour avec succès: ID=0f2af038e40a3928c7428c8707526cd2
2025-03-19 19:15:20,568 - bioforce_scraper.utils.qdrant_connector - INFO - Collection 'BIOFORCE' existe déjà
2025-03-19 19:15:20,595 - bioforce_scraper.utils.qdrant_connector - INFO - Document inséré/mis à jour avec succès: ID=b6f9bbbc22bdee5885b76d0b6ad95a8f
2025-03-19 19:15:20,670 - bioforce_scraper.utils.qdrant_connector - INFO - Collection 'BIOFORCE' existe déjà
2025-03-19 19:15:20,697 - bioforce_scraper.utils.qdrant_connector - INFO - Document inséré/mis à jour avec succès: ID=d8b900a5d98c63b1764f99451a205973
2025-03-19 19:15:22,119 - bioforce_scraper.utils.qdrant_connector - INFO - Collection 'BIOFORCE' existe déjà
2025-03-19 19:15:22,160 - bioforce_scraper.utils.qdrant_connector - INFO - Document inséré/mis à jour avec succès: ID=f38b947a43639fea7ae6a78b8f101154
2025-03-19 19:15:22,231 - bioforce_scraper.utils.qdrant_connector - INFO - Collection 'BIOFORCE' existe déjà
2025-03-19 19:15:22,259 - bioforce_scraper.utils.qdrant_connector - INFO - Document inséré/mis à jour avec succès: ID=229f46a4bcf716e77475b7ef3ec787c6
2025-03-19 19:15:22,346 - bioforce_scraper.utils.qdrant_connector - INFO - Collection 'BIOFORCE' existe déjà
2025-03-19 19:15:22,373 - bioforce_scraper.utils.qdrant_connector - INFO - Document inséré/mis à jour avec succès: ID=1f5bf7d29e1ca5bedd49ca1b274f71c0
2025-03-19 19:15:22,406 - bioforce_scraper.utils.qdrant_connector - INFO - Collection 'BIOFORCE' existe déjà
2025-03-19 19:15:22,433 - bioforce_scraper.utils.qdrant_connector - INFO - Document inséré/mis à jour avec succès: ID=e2d62d512e486ed27a45af00ad1a791b
2025-03-19 19:15:22,481 - bioforce_scraper.utils.qdrant_connector - INFO - Collection 'BIOFORCE' existe déjà
2025-03-19 19:15:22,512 - bioforce_scraper.utils.qdrant_connector - INFO - Document inséré/mis à jour avec succès: ID=b6c5f6f57ab11bd85baad70712d9a3f0
2025-03-19 19:15:22,562 - bioforce_scraper.utils.qdrant_connector - INFO - Collection 'BIOFORCE' existe déjà
2025-03-19 19:15:22,588 - bioforce_scraper.utils.qdrant_connector - INFO - Document inséré/mis à jour avec succès: ID=e74a8e91849f33ec0880bd10c605bcb8
2025-03-19 19:15:22,702 - bioforce_scraper.utils.qdrant_connector - INFO - Collection 'BIOFORCE' existe déjà
2025-03-19 19:15:22,728 - bioforce_scraper.utils.qdrant_connector - INFO - Document inséré/mis à jour avec succès: ID=419ffb7ad60a1a907c2d5ccced6c94c5
2025-03-19 19:15:22,750 - bioforce_scraper.utils.qdrant_connector - INFO - Collection 'BIOFORCE' existe déjà
2025-03-19 19:15:22,777 - bioforce_scraper.utils.qdrant_connector - INFO - Document inséré/mis à jour avec succès: ID=297bed82c56a7502b3f8fed5c4dfd1dd
2025-03-19 19:15:22,850 - bioforce_scraper.utils.qdrant_connector - INFO - Collection 'BIOFORCE' existe déjà
2025-03-19 19:15:22,883 - bioforce_scraper.utils.qdrant_connector - INFO - Document inséré/mis à jour avec succès: ID=c433f82d916dacaf0338db706f6aaa17
2025-03-19 19:15:22,961 - bioforce_scraper.utils.qdrant_connector - INFO - Collection 'BIOFORCE' existe déjà
2025-03-19 19:15:22,990 - bioforce_scraper.utils.qdrant_connector - INFO - Document inséré/mis à jour avec succès: ID=2861691268b0473b613561b8d32db555
2025-03-19 19:15:24,458 - bioforce_scraper.utils.qdrant_connector - INFO - Collection 'BIOFORCE' existe déjà
2025-03-19 19:15:24,508 - bioforce_scraper.utils.qdrant_connector - INFO - Document inséré/mis à jour avec succès: ID=c7399524e2416f6c53c25f17517965dd
2025-03-19 19:15:24,580 - bioforce_scraper.utils.qdrant_connector - INFO - Collection 'BIOFORCE' existe déjà
2025-03-19 19:15:24,606 - bioforce_scraper.utils.qdrant_connector - INFO - Document inséré/mis à jour avec succès: ID=cdae0e3f81f18598c7eea8cebf5795ba
2025-03-19 19:15:24,692 - bioforce_scraper.utils.qdrant_connector - INFO - Collection 'BIOFORCE' existe déjà
2025-03-19 19:15:24,720 - bioforce_scraper.utils.qdrant_connector - INFO - Document inséré/mis à jour avec succès: ID=5106ef76a68300db8547fa4cb2d66049
2025-03-19 19:15:24,808 - bioforce_scraper.utils.qdrant_connector - INFO - Collection 'BIOFORCE' existe déjà
2025-03-19 19:15:24,845 - bioforce_scraper.utils.qdrant_connector - INFO - Document inséré/mis à jour avec succès: ID=99f08de62cfaf5800fa8507bb2c56b8d
2025-03-19 19:15:24,878 - bioforce_scraper.utils.qdrant_connector - INFO - Collection 'BIOFORCE' existe déjà
2025-03-19 19:15:24,904 - bioforce_scraper.utils.qdrant_connector - INFO - Document inséré/mis à jour avec succès: ID=eca960fe5aff6098e77f37426ff6903c
2025-03-19 19:15:25,088 - bioforce_scraper.utils.qdrant_connector - INFO - Collection 'BIOFORCE' existe déjà
2025-03-19 19:15:25,115 - bioforce_scraper.utils.qdrant_connector - INFO - Document inséré/mis à jour avec succès: ID=a69ec989b4dd4a33097e02bfd64654f6
2025-03-19 19:15:25,374 - bioforce_scraper.utils.qdrant_connector - INFO - Collection 'BIOFORCE' existe déjà
2025-03-19 19:15:25,401 - bioforce_scraper.utils.qdrant_connector - INFO - Document inséré/mis à jour avec succès: ID=42c8560c8a164541e9434bc15d007854
2025-03-19 19:15:25,713 - bioforce_scraper.utils.qdrant_connector - INFO - Collection 'BIOFORCE' existe déjà
2025-03-19 19:15:25,748 - bioforce_scraper.utils.qdrant_connector - INFO - Document inséré/mis à jour avec succès: ID=c41eac1fbe24930182fd4d7bc91d120c
2025-03-19 19:15:26,045 - bioforce_scraper.utils.qdrant_connector - INFO - Collection 'BIOFORCE' existe déjà
2025-03-19 19:15:26,073 - bioforce_scraper.utils.qdrant_connector - INFO - Document inséré/mis à jour avec succès: ID=fe472217f00b9e0c57baac090adf5480
2025-03-19 19:15:26,109 - bioforce_scraper.utils.qdrant_connector - INFO - Collection 'BIOFORCE' existe déjà
2025-03-19 19:15:26,136 - bioforce_scraper.utils.qdrant_connector - INFO - Document inséré/mis à jour avec succès: ID=fb2401b745879e8d4b559e196d3967ee
2025-03-19 19:15:27,616 - bioforce_scraper.utils.qdrant_connector - INFO - Collection 'BIOFORCE' existe déjà
2025-03-19 19:15:27,643 - bioforce_scraper.utils.qdrant_connector - INFO - Document inséré/mis à jour avec succès: ID=47d83ef47706f272c48c77d1d6c003db
2025-03-19 19:15:27,706 - bioforce_scraper.utils.qdrant_connector - INFO - Collection 'BIOFORCE' existe déjà
2025-03-19 19:15:27,734 - bioforce_scraper.utils.qdrant_connector - INFO - Document inséré/mis à jour avec succès: ID=2c9ed49662c73b10c0149051a9b4d83e
2025-03-19 19:15:27,830 - bioforce_scraper.utils.qdrant_connector - INFO - Collection 'BIOFORCE' existe déjà
2025-03-19 19:15:27,857 - bioforce_scraper.utils.qdrant_connector - INFO - Document inséré/mis à jour avec succès: ID=359ef5fb43d790de3ceff20c0b04f28a
2025-03-19 19:15:27,930 - bioforce_scraper.utils.qdrant_connector - INFO - Collection 'BIOFORCE' existe déjà
2025-03-19 19:15:27,955 - bioforce_scraper.utils.qdrant_connector - INFO - Document inséré/mis à jour avec succès: ID=baff8313e31597c0aaa3102d4ed64145
2025-03-19 19:15:28,043 - bioforce_scraper.utils.qdrant_connector - INFO - Collection 'BIOFORCE' existe déjà
2025-03-19 19:15:28,070 - bioforce_scraper.utils.qdrant_connector - INFO - Document inséré/mis à jour avec succès: ID=855aed3c4a651adeeb0ab1d094ec4ea9
2025-03-19 19:15:28,104 - bioforce_scraper.utils.qdrant_connector - INFO - Collection 'BIOFORCE' existe déjà
2025-03-19 19:15:28,131 - bioforce_scraper.utils.qdrant_connector - INFO - Document inséré/mis à jour avec succès: ID=1ce2b702198f552df02340b64a520bf1
2025-03-19 19:15:28,162 - bioforce_scraper.utils.qdrant_connector - INFO - Collection 'BIOFORCE' existe déjà
2025-03-19 19:15:28,189 - bioforce_scraper.utils.qdrant_connector - INFO - Document inséré/mis à jour avec succès: ID=96e754b75bd563e42cb3f54793fc2911
2025-03-19 19:15:28,254 - bioforce_scraper.utils.qdrant_connector - INFO - Collection 'BIOFORCE' existe déjà
2025-03-19 19:15:28,283 - bioforce_scraper.utils.qdrant_connector - INFO - Document inséré/mis à jour avec succès: ID=0365f74618758d4dac69e41fb50738ed
2025-03-19 19:15:28,308 - bioforce_scraper.utils.qdrant_connector - INFO - Collection 'BIOFORCE' existe déjà
2025-03-19 19:15:28,339 - bioforce_scraper.utils.qdrant_connector - INFO - Document inséré/mis à jour avec succès: ID=0eeecf8a71b4bb5c49ec429b51490622
2025-03-19 19:15:28,361 - bioforce_scraper.utils.qdrant_connector - INFO - Collection 'BIOFORCE' existe déjà
2025-03-19 19:15:28,387 - bioforce_scraper.utils.qdrant_connector - INFO - Document inséré/mis à jour avec succès: ID=6cda341a6c4757052ab66fc91b5e096a
2025-03-19 19:15:29,809 - bioforce_scraper.utils.qdrant_connector - INFO - Collection 'BIOFORCE' existe déjà
2025-03-19 19:15:29,834 - bioforce_scraper.utils.qdrant_connector - INFO - Document inséré/mis à jour avec succès: ID=382139695c936a9187b82d1f1d38e370
2025-03-19 19:15:30,036 - bioforce_scraper.utils.qdrant_connector - INFO - Collection 'BIOFORCE' existe déjà
2025-03-19 19:15:30,062 - bioforce_scraper.utils.qdrant_connector - INFO - Document inséré/mis à jour avec succès: ID=9fb68987f09b9cdd402f1ae19721e260
2025-03-19 19:15:30,191 - bioforce_scraper.utils.qdrant_connector - INFO - Collection 'BIOFORCE' existe déjà
2025-03-19 19:15:30,218 - bioforce_scraper.utils.qdrant_connector - INFO - Document inséré/mis à jour avec succès: ID=5cdc196a95e7fd7fd659f843eab8b326
2025-03-19 19:15:30,242 - bioforce_scraper.utils.qdrant_connector - INFO - Collection 'BIOFORCE' existe déjà
2025-03-19 19:15:30,269 - bioforce_scraper.utils.qdrant_connector - INFO - Document inséré/mis à jour avec succès: ID=c4e8f4a470c7348b4156714b59cd59a3
2025-03-19 19:15:30,294 - bioforce_scraper.utils.qdrant_connector - INFO - Collection 'BIOFORCE' existe déjà
2025-03-19 19:15:30,320 - bioforce_scraper.utils.qdrant_connector - INFO - Document inséré/mis à jour avec succès: ID=a7797b62cb421c97947adc1a6aa43172
2025-03-19 19:15:30,343 - bioforce_scraper.utils.qdrant_connector - INFO - Collection 'BIOFORCE' existe déjà
2025-03-19 19:15:30,372 - bioforce_scraper.utils.qdrant_connector - INFO - Document inséré/mis à jour avec succès: ID=3f2b22b084a7077b9442dcad2c04c781
2025-03-19 19:15:30,396 - bioforce_scraper.utils.qdrant_connector - INFO - Collection 'BIOFORCE' existe déjà
2025-03-19 19:15:30,421 - bioforce_scraper.utils.qdrant_connector - INFO - Document inséré/mis à jour avec succès: ID=f691e18eba829743ac692dcf3422941f
2025-03-19 19:15:30,447 - bioforce_scraper.utils.qdrant_connector - INFO - Collection 'BIOFORCE' existe déjà
2025-03-19 19:15:30,474 - bioforce_scraper.utils.qdrant_connector - INFO - Document inséré/mis à jour avec succès: ID=1ccdaf82eacc2abdce7c9f7e42ed3c38
2025-03-19 19:15:30,519 - bioforce_scraper.utils.qdrant_connector - INFO - Collection 'BIOFORCE' existe déjà
2025-03-19 19:15:30,547 - bioforce_scraper.utils.qdrant_connector - INFO - Document inséré/mis à jour avec succès: ID=07bed1373e939b65e152c5ece7bfc25f
2025-03-19 19:15:30,799 - bioforce_scraper.utils.qdrant_connector - INFO - Collection 'BIOFORCE' existe déjà
2025-03-19 19:15:30,831 - bioforce_scraper.utils.qdrant_connector - INFO - Document inséré/mis à jour avec succès: ID=aa9c0a4b14de32bef95aca5c70233385
2025-03-19 19:15:32,397 - bioforce_scraper.utils.qdrant_connector - INFO - Collection 'BIOFORCE' existe déjà
2025-03-19 19:15:32,424 - bioforce_scraper.utils.qdrant_connector - INFO - Document inséré/mis à jour avec succès: ID=f076e8b7ea961956f62a6fbd6f41d11f
2025-03-19 19:15:32,471 - bioforce_scraper.utils.qdrant_connector - INFO - Collection 'BIOFORCE' existe déjà
2025-03-19 19:15:32,498 - bioforce_scraper.utils.qdrant_connector - INFO - Document inséré/mis à jour avec succès: ID=b41420728d424a4cebb267fe1b69f31a
2025-03-19 19:15:32,520 - bioforce_scraper.utils.qdrant_connector - INFO - Collection 'BIOFORCE' existe déjà
2025-03-19 19:15:32,554 - bioforce_scraper.utils.qdrant_connector - INFO - Document inséré/mis à jour avec succès: ID=59956ad0cea21d0ce2e96d37aa88c327
2025-03-19 19:15:32,641 - bioforce_scraper.utils.qdrant_connector - INFO - Collection 'BIOFORCE' existe déjà
2025-03-19 19:15:32,666 - bioforce_scraper.utils.qdrant_connector - INFO - Document inséré/mis à jour avec succès: ID=d88dd6d490152d8e818fa2d8982314de
2025-03-19 19:15:32,729 - bioforce_scraper.utils.qdrant_connector - INFO - Collection 'BIOFORCE' existe déjà
2025-03-19 19:15:32,756 - bioforce_scraper.utils.qdrant_connector - INFO - Document inséré/mis à jour avec succès: ID=98ac6cd9e3c71071e8307fa32af2afd5
2025-03-19 19:15:32,814 - bioforce_scraper.utils.qdrant_connector - INFO - Collection 'BIOFORCE' existe déjà
2025-03-19 19:15:32,858 - bioforce_scraper.utils.qdrant_connector - INFO - Document inséré/mis à jour avec succès: ID=fa5c149de1c258fa3809a82bd2fee01e
2025-03-19 19:15:32,906 - bioforce_scraper.utils.qdrant_connector - INFO - Collection 'BIOFORCE' existe déjà
2025-03-19 19:15:32,933 - bioforce_scraper.utils.qdrant_connector - INFO - Document inséré/mis à jour avec succès: ID=425c8b3898003d6acf6c8f885e886d81
2025-03-19 19:15:32,956 - bioforce_scraper.utils.qdrant_connector - INFO - Collection 'BIOFORCE' existe déjà
2025-03-19 19:15:32,982 - bioforce_scraper.utils.qdrant_connector - INFO - Document inséré/mis à jour avec succès: ID=db9cef813ae19c8d4a9386a89ddda6aa
2025-03-19 19:15:33,107 - bioforce_scraper.utils.qdrant_connector - INFO - Collection 'BIOFORCE' existe déjà
2025-03-19 19:15:33,134 - bioforce_scraper.utils.qdrant_connector - INFO - Document inséré/mis à jour avec succès: ID=f86f8e247845c185291046ff51c75c4c
2025-03-19 19:15:33,307 - bioforce_scraper.utils.qdrant_connector - INFO - Collection 'BIOFORCE' existe déjà
2025-03-19 19:15:33,334 - bioforce_scraper.utils.qdrant_connector - INFO - Document inséré/mis à jour avec succès: ID=e1ef906e918ee2aa0119f3cb92b60a91
2025-03-19 19:15:34,827 - bioforce_scraper.utils.qdrant_connector - INFO - Collection 'BIOFORCE' existe déjà
2025-03-19 19:15:34,855 - bioforce_scraper.utils.qdrant_connector - INFO - Document inséré/mis à jour avec succès: ID=e17bea788ad69c8eeb6ef13e51db011f
2025-03-19 19:15:35,115 - bioforce_scraper.utils.qdrant_connector - INFO - Collection 'BIOFORCE' existe déjà
2025-03-19 19:15:35,144 - bioforce_scraper.utils.qdrant_connector - INFO - Document inséré/mis à jour avec succès: ID=24dbc5b59d8a11ddf6acac4aea6c93e4
2025-03-19 19:15:35,167 - bioforce_scraper.utils.qdrant_connector - INFO - Collection 'BIOFORCE' existe déjà
2025-03-19 19:15:35,193 - bioforce_scraper.utils.qdrant_connector - INFO - Document inséré/mis à jour avec succès: ID=1e30fb867be11e2b4d1039d2d4cf4162
2025-03-19 19:15:35,271 - bioforce_scraper.utils.qdrant_connector - INFO - Collection 'BIOFORCE' existe déjà
2025-03-19 19:15:35,298 - bioforce_scraper.utils.qdrant_connector - INFO - Document inséré/mis à jour avec succès: ID=b2d88ea47f08639dc40476269bb90504
2025-03-19 19:15:35,331 - bioforce_scraper.utils.qdrant_connector - INFO - Collection 'BIOFORCE' existe déjà
2025-03-19 19:15:35,379 - bioforce_scraper.utils.qdrant_connector - INFO - Document inséré/mis à jour avec succès: ID=c90333091000f7e2483fb35ea0344f18
2025-03-19 19:15:35,408 - bioforce_scraper.utils.qdrant_connector - INFO - Collection 'BIOFORCE' existe déjà
2025-03-19 19:15:35,435 - bioforce_scraper.utils.qdrant_connector - INFO - Document inséré/mis à jour avec succès: ID=83b971b93dfd1720d9c3e969cd7f58d8
2025-03-19 19:15:35,459 - bioforce_scraper.utils.qdrant_connector - INFO - Collection 'BIOFORCE' existe déjà
2025-03-19 19:15:35,485 - bioforce_scraper.utils.qdrant_connector - INFO - Document inséré/mis à jour avec succès: ID=eb938e588e4c11294314b3e3c217cdc5
2025-03-19 19:15:35,619 - bioforce_scraper.utils.qdrant_connector - INFO - Collection 'BIOFORCE' existe déjà
2025-03-19 19:15:35,646 - bioforce_scraper.utils.qdrant_connector - INFO - Document inséré/mis à jour avec succès: ID=b7d38ff94e5c0385bb241e46f4f1eb37
2025-03-19 19:15:35,672 - bioforce_scraper.utils.qdrant_connector - INFO - Collection 'BIOFORCE' existe déjà
2025-03-19 19:15:35,704 - bioforce_scraper.utils.qdrant_connector - INFO - Document inséré/mis à jour avec succès: ID=06a7cf5d918fc9b3222643d647901e41
2025-03-19 19:15:35,762 - bioforce_scraper.utils.qdrant_connector - INFO - Collection 'BIOFORCE' existe déjà
2025-03-19 19:15:35,792 - bioforce_scraper.utils.qdrant_connector - INFO - Document inséré/mis à jour avec succès: ID=88f25ca9d9c7151a245f34495bbf0c1d
2025-03-19 19:15:37,208 - bioforce_scraper.utils.qdrant_connector - INFO - Collection 'BIOFORCE' existe déjà
2025-03-19 19:15:37,235 - bioforce_scraper.utils.qdrant_connector - INFO - Document inséré/mis à jour avec succès: ID=eaa3718f4fc9b80802861f6f8019ca43
2025-03-19 19:15:37,398 - bioforce_scraper.utils.qdrant_connector - INFO - Collection 'BIOFORCE' existe déjà
2025-03-19 19:15:37,424 - bioforce_scraper.utils.qdrant_connector - INFO - Document inséré/mis à jour avec succès: ID=b1267ddf1a8713b6d422255e3f04c9f4
2025-03-19 19:15:37,531 - bioforce_scraper.utils.qdrant_connector - INFO - Collection 'BIOFORCE' existe déjà
2025-03-19 19:15:37,558 - bioforce_scraper.utils.qdrant_connector - INFO - Document inséré/mis à jour avec succès: ID=fa8e38da3c22aa5e1c96b1b0acee03a2
2025-03-19 19:15:37,612 - bioforce_scraper.utils.qdrant_connector - INFO - Collection 'BIOFORCE' existe déjà
2025-03-19 19:15:37,642 - bioforce_scraper.utils.qdrant_connector - INFO - Document inséré/mis à jour avec succès: ID=ed20a7ed85d4d69fea76233b15326dcd
2025-03-19 19:15:37,669 - bioforce_scraper.utils.qdrant_connector - INFO - Collection 'BIOFORCE' existe déjà
2025-03-19 19:15:37,695 - bioforce_scraper.utils.qdrant_connector - INFO - Document inséré/mis à jour avec succès: ID=5df7e55536882f8a348c86f4304c93ef
2025-03-19 19:15:37,718 - bioforce_scraper.utils.qdrant_connector - INFO - Collection 'BIOFORCE' existe déjà
2025-03-19 19:15:37,744 - bioforce_scraper.utils.qdrant_connector - INFO - Document inséré/mis à jour avec succès: ID=80ea0be86cc45430265bf7264e5a3a86
2025-03-19 19:15:37,770 - bioforce_scraper.utils.qdrant_connector - INFO - Collection 'BIOFORCE' existe déjà
2025-03-19 19:15:37,799 - bioforce_scraper.utils.qdrant_connector - INFO - Document inséré/mis à jour avec succès: ID=d3a09214132a58466149879c037de042
2025-03-19 19:15:37,941 - bioforce_scraper.utils.qdrant_connector - INFO - Collection 'BIOFORCE' existe déjà
2025-03-19 19:15:37,968 - bioforce_scraper.utils.qdrant_connector - INFO - Document inséré/mis à jour avec succès: ID=98c61f97d2efc9f8f7e374a5bfacd895
2025-03-19 19:15:38,068 - bioforce_scraper.utils.qdrant_connector - INFO - Collection 'BIOFORCE' existe déjà
2025-03-19 19:15:38,100 - bioforce_scraper.utils.qdrant_connector - INFO - Document inséré/mis à jour avec succès: ID=d59f410c88612a5fd82b74421f73a73a
2025-03-19 19:15:38,180 - bioforce_scraper.utils.qdrant_connector - INFO - Collection 'BIOFORCE' existe déjà
2025-03-19 19:15:38,205 - bioforce_scraper.utils.qdrant_connector - INFO - Document inséré/mis à jour avec succès: ID=64c67d97cf3c253cd457bcdd30a6acdb
2025-03-19 19:15:39,683 - bioforce_scraper.utils.qdrant_connector - INFO - Collection 'BIOFORCE' existe déjà
2025-03-19 19:15:39,709 - bioforce_scraper.utils.qdrant_connector - INFO - Document inséré/mis à jour avec succès: ID=1fcf5b1b7c81d02b15085edc3ade3fca
2025-03-19 19:15:39,788 - bioforce_scraper.utils.qdrant_connector - INFO - Collection 'BIOFORCE' existe déjà
2025-03-19 19:15:39,815 - bioforce_scraper.utils.qdrant_connector - INFO - Document inséré/mis à jour avec succès: ID=99f87a5213dfc8c40322af50946ded0a
2025-03-19 19:15:39,861 - bioforce_scraper.utils.qdrant_connector - INFO - Collection 'BIOFORCE' existe déjà
2025-03-19 19:15:39,889 - bioforce_scraper.utils.qdrant_connector - INFO - Document inséré/mis à jour avec succès: ID=7c023a1ceb2c46939710547b248b9ebc
2025-03-19 19:15:39,948 - bioforce_scraper.utils.qdrant_connector - INFO - Collection 'BIOFORCE' existe déjà
2025-03-19 19:15:39,975 - bioforce_scraper.utils.qdrant_connector - INFO - Document inséré/mis à jour avec succès: ID=8a320c0d7a7441a3944b033188c599a7
2025-03-19 19:15:40,027 - bioforce_scraper.utils.qdrant_connector - INFO - Collection 'BIOFORCE' existe déjà
2025-03-19 19:15:40,058 - bioforce_scraper.utils.qdrant_connector - INFO - Document inséré/mis à jour avec succès: ID=d65c74069adcc6a2d8dacba6aa1f311a
2025-03-19 19:15:40,081 - bioforce_scraper.utils.qdrant_connector - INFO - Collection 'BIOFORCE' existe déjà
2025-03-19 19:15:40,109 - bioforce_scraper.utils.qdrant_connector - INFO - Document inséré/mis à jour avec succès: ID=b10fa8fb5f268557564b3d9ab2316b39
2025-03-19 19:15:40,172 - bioforce_scraper.utils.qdrant_connector - INFO - Collection 'BIOFORCE' existe déjà
2025-03-19 19:15:40,200 - bioforce_scraper.utils.qdrant_connector - INFO - Document inséré/mis à jour avec succès: ID=ed5433a57d254bfb8298319fe6384dff
2025-03-19 19:15:40,256 - bioforce_scraper.utils.qdrant_connector - INFO - Collection 'BIOFORCE' existe déjà
2025-03-19 19:15:40,284 - bioforce_scraper.utils.qdrant_connector - INFO - Document inséré/mis à jour avec succès: ID=10b23b520e559c2e8f0e36d128189261
2025-03-19 19:15:40,375 - bioforce_scraper.utils.qdrant_connector - INFO - Collection 'BIOFORCE' existe déjà
2025-03-19 19:15:40,402 - bioforce_scraper.utils.qdrant_connector - INFO - Document inséré/mis à jour avec succès: ID=0b1219658cb359cbc822b9b7cc033bda
2025-03-19 19:15:40,447 - bioforce_scraper.utils.qdrant_connector - INFO - Collection 'BIOFORCE' existe déjà
2025-03-19 19:15:40,473 - bioforce_scraper.utils.qdrant_connector - INFO - Document inséré/mis à jour avec succès: ID=0471e50830494929192ccece798abcba
2025-03-19 19:15:42,005 - bioforce_scraper.utils.qdrant_connector - INFO - Collection 'BIOFORCE' existe déjà
2025-03-19 19:15:42,031 - bioforce_scraper.utils.qdrant_connector - INFO - Document inséré/mis à jour avec succès: ID=9e2f13f7b217565832e7df382a55ac10
2025-03-19 19:15:42,089 - bioforce_scraper.utils.qdrant_connector - INFO - Collection 'BIOFORCE' existe déjà
2025-03-19 19:15:42,114 - bioforce_scraper.utils.qdrant_connector - INFO - Document inséré/mis à jour avec succès: ID=88bc47533e4ac200343e8d89bbf1af77
2025-03-19 19:15:42,192 - bioforce_scraper.utils.qdrant_connector - INFO - Collection 'BIOFORCE' existe déjà
2025-03-19 19:15:42,219 - bioforce_scraper.utils.qdrant_connector - INFO - Document inséré/mis à jour avec succès: ID=f2709a237ae85d1858477bb179766ee6
2025-03-19 19:15:42,363 - bioforce_scraper.utils.qdrant_connector - INFO - Collection 'BIOFORCE' existe déjà
2025-03-19 19:15:42,391 - bioforce_scraper.utils.qdrant_connector - INFO - Document inséré/mis à jour avec succès: ID=9ab29c603d5e491f0baaf61822a0446e
2025-03-19 19:15:42,478 - bioforce_scraper.utils.qdrant_connector - INFO - Collection 'BIOFORCE' existe déjà
2025-03-19 19:15:42,504 - bioforce_scraper.utils.qdrant_connector - INFO - Document inséré/mis à jour avec succès: ID=37754d8841a156add2c6c6723a72a4e2
2025-03-19 19:15:42,528 - bioforce_scraper.utils.qdrant_connector - INFO - Collection 'BIOFORCE' existe déjà
2025-03-19 19:15:42,554 - bioforce_scraper.utils.qdrant_connector - INFO - Document inséré/mis à jour avec succès: ID=8373816abc7e34ea4714c86b52539c43
2025-03-19 19:15:42,577 - bioforce_scraper.utils.qdrant_connector - INFO - Collection 'BIOFORCE' existe déjà
2025-03-19 19:15:42,605 - bioforce_scraper.utils.qdrant_connector - INFO - Document inséré/mis à jour avec succès: ID=fe454473362affecd995218d970f0c4e
2025-03-19 19:15:42,626 - bioforce_scraper.utils.qdrant_connector - INFO - Collection 'BIOFORCE' existe déjà
2025-03-19 19:15:42,652 - bioforce_scraper.utils.qdrant_connector - INFO - Document inséré/mis à jour avec succès: ID=307a686f8414ebc3d04179d061db5e02
2025-03-19 19:15:42,676 - bioforce_scraper.utils.qdrant_connector - INFO - Collection 'BIOFORCE' existe déjà
2025-03-19 19:15:42,703 - bioforce_scraper.utils.qdrant_connector - INFO - Document inséré/mis à jour avec succès: ID=8d70550b1c58526ef0c405e9e177c5ab
2025-03-19 19:15:42,726 - bioforce_scraper.utils.qdrant_connector - INFO - Collection 'BIOFORCE' existe déjà
2025-03-19 19:15:42,752 - bioforce_scraper.utils.qdrant_connector - INFO - Document inséré/mis à jour avec succès: ID=5a7f9e11c168ea4917ab7c836cd59edc
2025-03-19 19:15:44,240 - bioforce_scraper.utils.qdrant_connector - INFO - Collection 'BIOFORCE' existe déjà
2025-03-19 19:15:44,271 - bioforce_scraper.utils.qdrant_connector - INFO - Document inséré/mis à jour avec succès: ID=5938de15cf9901d22896010cb8647c8d
2025-03-19 19:15:44,391 - bioforce_scraper.utils.qdrant_connector - INFO - Collection 'BIOFORCE' existe déjà
2025-03-19 19:15:44,416 - bioforce_scraper.utils.qdrant_connector - INFO - Document inséré/mis à jour avec succès: ID=e0b6bbf7b0dda816918a0e543984f979
2025-03-19 19:15:44,489 - bioforce_scraper.utils.qdrant_connector - INFO - Collection 'BIOFORCE' existe déjà
2025-03-19 19:15:44,515 - bioforce_scraper.utils.qdrant_connector - INFO - Document inséré/mis à jour avec succès: ID=79c22a2f3d0ffe5dad30930036cce554
2025-03-19 19:15:44,564 - bioforce_scraper.utils.qdrant_connector - INFO - Collection 'BIOFORCE' existe déjà
2025-03-19 19:15:44,591 - bioforce_scraper.utils.qdrant_connector - INFO - Document inséré/mis à jour avec succès: ID=3d562b8d9b0ed0f219dd8462b9ac3615
2025-03-19 19:15:44,613 - bioforce_scraper.utils.qdrant_connector - INFO - Collection 'BIOFORCE' existe déjà
2025-03-19 19:15:44,642 - bioforce_scraper.utils.qdrant_connector - INFO - Document inséré/mis à jour avec succès: ID=85d1c1cb7d9cf71f5c64e526f2b2ca81
2025-03-19 19:15:44,863 - bioforce_scraper.utils.qdrant_connector - INFO - Collection 'BIOFORCE' existe déjà
2025-03-19 19:15:44,888 - bioforce_scraper.utils.qdrant_connector - INFO - Document inséré/mis à jour avec succès: ID=ff87bd37af2f6ecc474d42706d247dc2
2025-03-19 19:15:44,911 - bioforce_scraper.utils.qdrant_connector - INFO - Collection 'BIOFORCE' existe déjà
2025-03-19 19:15:44,936 - bioforce_scraper.utils.qdrant_connector - INFO - Document inséré/mis à jour avec succès: ID=a3a040dd4c1d58e8e666eebd03a477d7
2025-03-19 19:15:45,137 - bioforce_scraper.utils.qdrant_connector - INFO - Collection 'BIOFORCE' existe déjà
2025-03-19 19:15:45,162 - bioforce_scraper.utils.qdrant_connector - INFO - Document inséré/mis à jour avec succès: ID=c2e0086f69739abe8d3c5aee67ed7377
2025-03-19 19:15:45,420 - bioforce_scraper.utils.qdrant_connector - INFO - Collection 'BIOFORCE' existe déjà
2025-03-19 19:15:45,446 - bioforce_scraper.utils.qdrant_connector - INFO - Document inséré/mis à jour avec succès: ID=e245e438603bcb5c170431260ee397d7
2025-03-19 19:15:51,631 - bioforce_scraper.utils.qdrant_connector - INFO - Collection 'BIOFORCE' existe déjà
2025-03-19 19:15:51,680 - bioforce_scraper.utils.qdrant_connector - INFO - Document inséré/mis à jour avec succès: ID=16a97a31016e4264696fd6a273f858da
2025-03-19 19:15:53,061 - bioforce_scraper.utils.qdrant_connector - INFO - Collection 'BIOFORCE' existe déjà
2025-03-19 19:15:53,088 - bioforce_scraper.utils.qdrant_connector - INFO - Document inséré/mis à jour avec succès: ID=ce7c225e0f04bef1b498ac2d6a670982
2025-03-19 19:15:53,186 - bioforce_scraper.utils.qdrant_connector - INFO - Collection 'BIOFORCE' existe déjà
2025-03-19 19:15:53,213 - bioforce_scraper.utils.qdrant_connector - INFO - Document inséré/mis à jour avec succès: ID=12c5bd2973c8ccfbfc90977d6d45406e
2025-03-19 19:15:53,293 - bioforce_scraper.utils.qdrant_connector - INFO - Collection 'BIOFORCE' existe déjà
2025-03-19 19:15:53,320 - bioforce_scraper.utils.qdrant_connector - INFO - Document inséré/mis à jour avec succès: ID=c6f22b82fc9a612606b0f6d5ed4e8aea
2025-03-19 19:15:53,342 - bioforce_scraper.utils.qdrant_connector - INFO - Collection 'BIOFORCE' existe déjà
2025-03-19 19:15:53,368 - bioforce_scraper.utils.qdrant_connector - INFO - Document inséré/mis à jour avec succès: ID=aa0fef0b692a17c80abf1769a031de17
