2025-03-17 16:50:29,553 - bioforce_scraper.utils.qdrant_connector - INFO - Connecté à Qdrant: https://09615e3e-47b2-4b5f-adcc-4e1b2d339957.eu-central-1-0.aws.cloud.qdrant.io, collection: BIOFORCE
2025-03-17 16:50:30,896 - bioforce_scraper.utils.qdrant_connector - INFO - Connecté à Qdrant: https://09615e3e-47b2-4b5f-adcc-4e1b2d339957.eu-central-1-0.aws.cloud.qdrant.io, collection: BIOFORCE
2025-03-17 16:50:32,288 - bioforce_scraper.utils.qdrant_connector - INFO - Connecté à Qdrant: https://09615e3e-47b2-4b5f-adcc-4e1b2d339957.eu-central-1-0.aws.cloud.qdrant.io, collection: BIOFORCE_ALL
2025-03-17 16:50:34,128 - bioforce_scraper.utils.qdrant_connector - INFO - Connecté à Qdrant: https://09615e3e-47b2-4b5f-adcc-4e1b2d339957.eu-central-1-0.aws.cloud.qdrant.io, collection: BIOFORCE
2025-03-17 16:50:35,580 - bioforce_scraper.utils.qdrant_connector - INFO - Connecté à Qdrant: https://09615e3e-47b2-4b5f-adcc-4e1b2d339957.eu-central-1-0.aws.cloud.qdrant.io, collection: BIOFORCE_ALL
2025-03-17 16:50:35,588 - bioforce_scraper.api.app - INFO - Démarrage de l'API Bioforce
2025-03-17 16:50:36,268 - bioforce_scraper.utils.qdrant_connector - INFO - Collection 'BIOFORCE' existe déjà
2025-03-17 16:50:36,899 - bioforce_scraper.utils.qdrant_connector - INFO - Collection 'BIOFORCE_ALL' existe déjà
2025-03-17 16:50:36,900 - bioforce_scraper.scheduler - INFO - Tâche de mise à jour de la FAQ planifiée: 0 0 * * 0
2025-03-17 16:50:36,900 - bioforce_scraper.scheduler - INFO - Tâche de mise à jour complète du site planifiée: 0 2 * * 0
2025-03-17 16:50:36,900 - bioforce_scraper.scheduler - INFO - Tâche d'envoi de rappels planifiée: toutes les 5 minutes
2025-03-17 16:50:36,903 - bioforce_scraper.scheduler - INFO - Planificateur démarré
2025-03-17 16:50:36,903 - bioforce_scraper.api.app - INFO - Planificateur démarré
2025-03-17 16:55:36,911 - bioforce_scraper.scheduler - INFO - Envoi des rappels aux utilisateurs
2025-03-17 16:55:36,913 - bioforce_scraper.utils.reminder_service - INFO - Envoi des rappels aux utilisateurs actifs
2025-03-17 16:55:36,913 - bioforce_scraper.scheduler - ERROR - Exception lors de l'envoi des rappels: name 'REMINDER_INTERVAL_MINUTES' is not defined
2025-03-17 17:00:36,907 - bioforce_scraper.scheduler - INFO - Envoi des rappels aux utilisateurs
2025-03-17 17:00:36,907 - bioforce_scraper.utils.reminder_service - INFO - Envoi des rappels aux utilisateurs actifs
2025-03-17 17:00:36,907 - bioforce_scraper.scheduler - ERROR - Exception lors de l'envoi des rappels: name 'REMINDER_INTERVAL_MINUTES' is not defined
2025-03-17 17:05:36,909 - bioforce_scraper.scheduler - INFO - Envoi des rappels aux utilisateurs
2025-03-17 17:05:36,909 - bioforce_scraper.utils.reminder_service - INFO - Envoi des rappels aux utilisateurs actifs
2025-03-17 17:05:36,909 - bioforce_scraper.scheduler - ERROR - Exception lors de l'envoi des rappels: name 'REMINDER_INTERVAL_MINUTES' is not defined
2025-03-17 17:10:36,904 - bioforce_scraper.scheduler - INFO - Envoi des rappels aux utilisateurs
2025-03-17 17:10:36,904 - bioforce_scraper.utils.reminder_service - INFO - Envoi des rappels aux utilisateurs actifs
2025-03-17 17:10:36,904 - bioforce_scraper.scheduler - ERROR - Exception lors de l'envoi des rappels: name 'REMINDER_INTERVAL_MINUTES' is not defined
2025-03-17 17:15:36,905 - bioforce_scraper.scheduler - INFO - Envoi des rappels aux utilisateurs
2025-03-17 17:15:36,905 - bioforce_scraper.utils.reminder_service - INFO - Envoi des rappels aux utilisateurs actifs
2025-03-17 17:15:36,905 - bioforce_scraper.scheduler - ERROR - Exception lors de l'envoi des rappels: name 'REMINDER_INTERVAL_MINUTES' is not defined
2025-03-17 17:20:36,904 - bioforce_scraper.scheduler - INFO - Envoi des rappels aux utilisateurs
2025-03-17 17:20:36,905 - bioforce_scraper.utils.reminder_service - INFO - Envoi des rappels aux utilisateurs actifs
2025-03-17 17:20:36,905 - bioforce_scraper.scheduler - ERROR - Exception lors de l'envoi des rappels: name 'REMINDER_INTERVAL_MINUTES' is not defined
2025-03-18 09:10:36,917 - bioforce_scraper.scheduler - INFO - Envoi des rappels aux utilisateurs
2025-03-18 09:10:36,920 - bioforce_scraper.utils.reminder_service - INFO - Envoi des rappels aux utilisateurs actifs
2025-03-18 09:10:36,920 - bioforce_scraper.scheduler - ERROR - Exception lors de l'envoi des rappels: name 'REMINDER_INTERVAL_MINUTES' is not defined
2025-03-18 09:15:36,916 - bioforce_scraper.scheduler - INFO - Envoi des rappels aux utilisateurs
2025-03-18 09:15:36,924 - bioforce_scraper.utils.reminder_service - INFO - Envoi des rappels aux utilisateurs actifs
2025-03-18 09:15:36,925 - bioforce_scraper.scheduler - ERROR - Exception lors de l'envoi des rappels: name 'REMINDER_INTERVAL_MINUTES' is not defined
2025-03-18 09:20:36,907 - bioforce_scraper.scheduler - INFO - Envoi des rappels aux utilisateurs
2025-03-18 09:20:36,909 - bioforce_scraper.utils.reminder_service - INFO - Envoi des rappels aux utilisateurs actifs
2025-03-18 09:20:36,909 - bioforce_scraper.scheduler - ERROR - Exception lors de l'envoi des rappels: name 'REMINDER_INTERVAL_MINUTES' is not defined
2025-03-18 09:25:36,913 - bioforce_scraper.scheduler - INFO - Envoi des rappels aux utilisateurs
2025-03-18 09:25:36,914 - bioforce_scraper.utils.reminder_service - INFO - Envoi des rappels aux utilisateurs actifs
2025-03-18 09:25:36,914 - bioforce_scraper.scheduler - ERROR - Exception lors de l'envoi des rappels: name 'REMINDER_INTERVAL_MINUTES' is not defined
2025-03-18 09:30:36,913 - bioforce_scraper.scheduler - INFO - Envoi des rappels aux utilisateurs
2025-03-18 09:30:36,914 - bioforce_scraper.utils.reminder_service - INFO - Envoi des rappels aux utilisateurs actifs
2025-03-18 09:30:36,915 - bioforce_scraper.scheduler - ERROR - Exception lors de l'envoi des rappels: name 'REMINDER_INTERVAL_MINUTES' is not defined
2025-03-18 09:35:36,911 - bioforce_scraper.scheduler - INFO - Envoi des rappels aux utilisateurs
2025-03-18 09:35:36,913 - bioforce_scraper.utils.reminder_service - INFO - Envoi des rappels aux utilisateurs actifs
2025-03-18 09:35:36,913 - bioforce_scraper.scheduler - ERROR - Exception lors de l'envoi des rappels: name 'REMINDER_INTERVAL_MINUTES' is not defined
