2025-03-17 17:15:33,278 - bioforce_scraper.utils.qdrant_connector - INFO - Connecté à Qdrant: https://09615e3e-47b2-4b5f-adcc-4e1b2d339957.eu-central-1-0.aws.cloud.qdrant.io, collection: BIOFORCE
2025-03-17 17:15:34,703 - bioforce_scraper.utils.qdrant_connector - INFO - Connecté à Qdrant: https://09615e3e-47b2-4b5f-adcc-4e1b2d339957.eu-central-1-0.aws.cloud.qdrant.io, collection: BIOFORCE
2025-03-17 17:15:36,349 - bioforce_scraper.utils.qdrant_connector - INFO - Connecté à Qdrant: https://09615e3e-47b2-4b5f-adcc-4e1b2d339957.eu-central-1-0.aws.cloud.qdrant.io, collection: BIOFORCE_ALL
2025-03-17 17:15:37,988 - bioforce_scraper.utils.qdrant_connector - INFO - Connecté à Qdrant: https://09615e3e-47b2-4b5f-adcc-4e1b2d339957.eu-central-1-0.aws.cloud.qdrant.io, collection: BIOFORCE
2025-03-17 17:15:39,238 - bioforce_scraper.utils.qdrant_connector - INFO - Connecté à Qdrant: https://09615e3e-47b2-4b5f-adcc-4e1b2d339957.eu-central-1-0.aws.cloud.qdrant.io, collection: BIOFORCE_ALL
2025-03-17 17:15:39,250 - bioforce_scraper.api.app - INFO - Démarrage de l'API Bioforce
2025-03-17 17:15:39,779 - bioforce_scraper.utils.qdrant_connector - INFO - Collection 'BIOFORCE' existe déjà
2025-03-17 17:15:40,403 - bioforce_scraper.utils.qdrant_connector - INFO - Collection 'BIOFORCE_ALL' existe déjà
2025-03-17 17:15:40,403 - bioforce_scraper.scheduler - INFO - Tâche de mise à jour de la FAQ planifiée: 0 0 * * 0
2025-03-17 17:15:40,404 - bioforce_scraper.scheduler - INFO - Tâche de mise à jour complète du site planifiée: 0 2 * * 0
2025-03-17 17:15:40,404 - bioforce_scraper.scheduler - INFO - Tâche d'envoi de rappels planifiée: toutes les 5 minutes
2025-03-17 17:15:40,406 - bioforce_scraper.scheduler - INFO - Planificateur démarré
2025-03-17 17:15:40,406 - bioforce_scraper.api.app - INFO - Planificateur démarré
2025-03-17 17:20:40,413 - bioforce_scraper.scheduler - INFO - Envoi des rappels aux utilisateurs
2025-03-17 17:20:40,414 - bioforce_scraper.utils.reminder_service - INFO - Envoi des rappels aux utilisateurs actifs
2025-03-17 17:20:40,414 - bioforce_scraper.scheduler - ERROR - Exception lors de l'envoi des rappels: name 'REMINDER_INTERVAL_MINUTES' is not defined
2025-03-18 09:10:40,411 - bioforce_scraper.scheduler - INFO - Envoi des rappels aux utilisateurs
2025-03-18 09:10:40,412 - bioforce_scraper.utils.reminder_service - INFO - Envoi des rappels aux utilisateurs actifs
2025-03-18 09:10:40,412 - bioforce_scraper.scheduler - ERROR - Exception lors de l'envoi des rappels: name 'REMINDER_INTERVAL_MINUTES' is not defined
2025-03-18 09:15:40,410 - bioforce_scraper.scheduler - INFO - Envoi des rappels aux utilisateurs
2025-03-18 09:15:40,411 - bioforce_scraper.utils.reminder_service - INFO - Envoi des rappels aux utilisateurs actifs
2025-03-18 09:15:40,411 - bioforce_scraper.scheduler - ERROR - Exception lors de l'envoi des rappels: name 'REMINDER_INTERVAL_MINUTES' is not defined
2025-03-18 09:20:40,407 - bioforce_scraper.scheduler - INFO - Envoi des rappels aux utilisateurs
2025-03-18 09:20:40,408 - bioforce_scraper.utils.reminder_service - INFO - Envoi des rappels aux utilisateurs actifs
2025-03-18 09:20:40,408 - bioforce_scraper.scheduler - ERROR - Exception lors de l'envoi des rappels: name 'REMINDER_INTERVAL_MINUTES' is not defined
2025-03-18 09:25:40,411 - bioforce_scraper.scheduler - INFO - Envoi des rappels aux utilisateurs
2025-03-18 09:25:40,412 - bioforce_scraper.utils.reminder_service - INFO - Envoi des rappels aux utilisateurs actifs
2025-03-18 09:25:40,412 - bioforce_scraper.scheduler - ERROR - Exception lors de l'envoi des rappels: name 'REMINDER_INTERVAL_MINUTES' is not defined
2025-03-18 09:30:40,410 - bioforce_scraper.scheduler - INFO - Envoi des rappels aux utilisateurs
2025-03-18 09:30:40,411 - bioforce_scraper.utils.reminder_service - INFO - Envoi des rappels aux utilisateurs actifs
2025-03-18 09:30:40,411 - bioforce_scraper.scheduler - ERROR - Exception lors de l'envoi des rappels: name 'REMINDER_INTERVAL_MINUTES' is not defined
2025-03-18 09:35:40,411 - bioforce_scraper.scheduler - INFO - Envoi des rappels aux utilisateurs
2025-03-18 09:35:40,412 - bioforce_scraper.utils.reminder_service - INFO - Envoi des rappels aux utilisateurs actifs
2025-03-18 09:35:40,413 - bioforce_scraper.scheduler - ERROR - Exception lors de l'envoi des rappels: name 'REMINDER_INTERVAL_MINUTES' is not defined
