2025-03-18 09:46:47,296 - __main__ - INFO - Démarrage du scraper Bioforce
2025-03-18 09:46:47,297 - bioforce_scraper.utils.content_tracker - INFO - Base de données initialisée: C:\BIOFORCE\BUILD\bioforce_scraper\output\data\content_history.db
2025-03-18 09:46:59,455 - bioforce_scraper.utils.qdrant_connector - INFO - Connecté à Qdrant: https://09615e3e-47b2-4b5f-adcc-4e1b2d339957.eu-central-1-0.aws.cloud.qdrant.io, collection: BIOFORCE_ALL
2025-03-18 09:46:59,455 - __main__ - INFO - Initialisation du scraper Bioforce
2025-03-18 09:47:11,106 - bioforce_scraper.utils.robots_parser - INFO - robots.txt parsé: 1 règles d'exclusion
2025-03-18 09:47:11,705 - __main__ - INFO - Chargement de 0 URLs déjà connues
2025-03-18 09:47:11,705 - __main__ - INFO - File d'attente initialisée avec 5 URLs de départ
2025-03-18 09:47:11,706 - __main__ - INFO - Mode incrémental: True
2025-03-18 09:47:13,251 - __main__ - INFO - Traitement de la page HTML: https://www.bioforce.org/
2025-03-18 09:47:29,699 - __main__ - ERROR - Erreur lors du traitement de la page HTML https://www.bioforce.org/: name 'extract_page_content' is not defined
2025-03-18 09:47:31,303 - __main__ - INFO - Traitement de la page HTML: https://www.bioforce.org/learn/formations-humanitaires/
2025-03-18 09:47:32,151 - __main__ - ERROR - Erreur lors du traitement de la page HTML https://www.bioforce.org/learn/formations-humanitaires/: name 'extract_page_content' is not defined
2025-03-18 09:47:33,718 - __main__ - INFO - Traitement de la page HTML: https://www.bioforce.org/learn/candidature-formation-competence/
2025-03-18 09:47:34,226 - __main__ - ERROR - Erreur lors du traitement de la page HTML https://www.bioforce.org/learn/candidature-formation-competence/: name 'extract_page_content' is not defined
2025-03-18 09:47:35,758 - __main__ - INFO - Traitement de la page HTML: https://www.bioforce.org/learn/candidature-formation-metier/
2025-03-18 09:47:36,631 - __main__ - ERROR - Erreur lors du traitement de la page HTML https://www.bioforce.org/learn/candidature-formation-metier/: name 'extract_page_content' is not defined
2025-03-18 09:47:38,159 - __main__ - INFO - Traitement de la page HTML: https://www.bioforce.org/learn/financer-ma-formation/
2025-03-18 09:47:40,004 - __main__ - ERROR - Erreur lors du traitement de la page HTML https://www.bioforce.org/learn/financer-ma-formation/: name 'extract_page_content' is not defined
2025-03-18 09:47:40,046 - __main__ - INFO - URLs visitées sauvegardées dans C:\BIOFORCE\BUILD\bioforce_scraper\output\data\bioforce_urls_20250318_094740.txt
2025-03-18 09:47:40,050 - __main__ - INFO - Statistiques totales de la base de contenu: {
  "total_urls": 0,
  "by_type": {},
  "by_category": {},
  "recently_modified": []
}
2025-03-18 09:47:40,051 - __main__ - INFO - Scraping terminé: 0 pages HTML, 0 PDF, 5 ignorés
2025-03-18 09:47:40,051 - __main__ - INFO - Nouveaux contenus: 0, Mises à jour: 0, Inchangés: 0
2025-03-18 09:47:40,052 - __main__ - INFO - Total URLs visitées: 5
2025-03-18 09:47:40,052 - __main__ - INFO - Indexation des données dans Qdrant (collection site complet)
2025-03-18 09:47:40,052 - __main__ - INFO - Indexation terminée: 0/0 documents indexés, 0 erreurs
2025-03-18 09:47:40,633 - __main__ - INFO - Ressources libérées
2025-03-18 09:47:40,634 - __main__ - INFO - Scraping terminé en 53.34 secondes
