2025-03-18 11:17:59,694 - bioforce_scraper.utils.content_tracker - INFO - Base de données initialisée: c:\BIOFORCE\BUILD\bioforce_scraper\output\data\content_history.db
2025-03-18 11:18:00,309 - bioforce_scraper.utils.qdrant_connector - INFO - Connecté à Qdrant: https://09615e3e-47b2-4b5f-adcc-4e1b2d339957.eu-central-1-0.aws.cloud.qdrant.io, collection: BIOFORCE
2025-03-18 11:18:00,309 - __main__ - INFO - Démarrage du scraper Bioforce
2025-03-18 11:18:00,309 - __main__ - INFO - Initialisation du scraper Bioforce
2025-03-18 11:18:00,309 - __main__ - WARNING - La méthode is_allowed n'est pas définie dans RobotsParser, utilisation d'une méthode par défaut
2025-03-18 11:18:00,365 - bioforce_scraper.utils.robots_parser - INFO - robots.txt parsé: 1 règles d'exclusion
2025-03-18 11:18:00,884 - __main__ - INFO - Chargement de 409 URLs déjà connues
2025-03-18 11:18:00,884 - __main__ - INFO - Récupération des URLs depuis le sitemap XML...
2025-03-18 11:18:00,884 - bioforce_scraper.utils.sitemap_parser - INFO - Début de l'analyse du sitemap: https://www.bioforce.org/sitemap.xml
2025-03-18 11:18:01,502 - bioforce_scraper.utils.sitemap_parser - INFO - Sitemap récupéré avec succès: https://www.bioforce.org/sitemap.xml
2025-03-18 11:18:01,502 - bioforce_scraper.utils.sitemap_parser - INFO - Index de sitemap analysé: 9 sitemaps trouvés
2025-03-18 11:18:01,785 - bioforce_scraper.utils.sitemap_parser - INFO - Sitemap récupéré avec succès: https://www.bioforce.org/question_category-sitemap.xml
2025-03-18 11:18:01,793 - bioforce_scraper.utils.sitemap_parser - INFO - Sitemap analysé: 37 nouvelles URLs pertinentes trouvées
2025-03-18 11:18:02,158 - bioforce_scraper.utils.sitemap_parser - INFO - Sitemap récupéré avec succès: https://www.bioforce.org/projet-sitemap.xml
2025-03-18 11:18:02,163 - bioforce_scraper.utils.sitemap_parser - INFO - Sitemap analysé: 31 nouvelles URLs pertinentes trouvées
2025-03-18 11:18:02,727 - bioforce_scraper.utils.sitemap_parser - INFO - Sitemap récupéré avec succès: https://www.bioforce.org/question-sitemap.xml
2025-03-18 11:18:02,759 - bioforce_scraper.utils.sitemap_parser - INFO - Sitemap analysé: 232 nouvelles URLs pertinentes trouvées
2025-03-18 11:18:03,014 - bioforce_scraper.utils.sitemap_parser - INFO - Sitemap récupéré avec succès: https://www.bioforce.org/author-sitemap.xml
2025-03-18 11:18:03,014 - bioforce_scraper.utils.sitemap_parser - INFO - Sitemap analysé: 0 nouvelles URLs pertinentes trouvées
2025-03-18 11:18:03,347 - bioforce_scraper.utils.sitemap_parser - INFO - Sitemap récupéré avec succès: https://www.bioforce.org/mission-sitemap.xml
2025-03-18 11:18:03,364 - bioforce_scraper.utils.sitemap_parser - INFO - Sitemap analysé: 16 nouvelles URLs pertinentes trouvées
2025-03-18 11:18:05,085 - bioforce_scraper.utils.sitemap_parser - INFO - Sitemap récupéré avec succès: https://www.bioforce.org/post-sitemap.xml
2025-03-18 11:18:05,187 - bioforce_scraper.utils.sitemap_parser - INFO - Sitemap analysé: 582 nouvelles URLs pertinentes trouvées
2025-03-18 11:18:05,570 - bioforce_scraper.utils.sitemap_parser - INFO - Sitemap récupéré avec succès: https://www.bioforce.org/category-sitemap.xml
2025-03-18 11:18:05,575 - bioforce_scraper.utils.sitemap_parser - INFO - Sitemap analysé: 8 nouvelles URLs pertinentes trouvées
2025-03-18 11:18:06,363 - bioforce_scraper.utils.sitemap_parser - INFO - Sitemap récupéré avec succès: https://www.bioforce.org/page-sitemap.xml
2025-03-18 11:18:06,404 - bioforce_scraper.utils.sitemap_parser - INFO - Sitemap analysé: 217 nouvelles URLs pertinentes trouvées
2025-03-18 11:18:06,927 - bioforce_scraper.utils.sitemap_parser - INFO - Sitemap récupéré avec succès: https://www.bioforce.org/formation-sitemap.xml
2025-03-18 11:18:06,950 - bioforce_scraper.utils.sitemap_parser - INFO - Sitemap analysé: 123 nouvelles URLs pertinentes trouvées
2025-03-18 11:18:06,953 - bioforce_scraper.utils.sitemap_parser - INFO - Analyse du sitemap terminée: 1246 URLs pertinentes trouvées
2025-03-18 11:18:06,953 - __main__ - INFO - File d'attente initialisée avec 1246 URLs depuis le sitemap
2025-03-18 11:18:06,953 - __main__ - INFO - Mode incrémental: True
2025-03-18 11:18:06,953 - __main__ - INFO - Début du scraping, limite: 500 pages
2025-03-18 11:18:06,953 - __main__ - INFO - Traitement de l'URL (1/500): https://www.bioforce.org/learn/
2025-03-18 11:18:06,953 - __main__ - INFO - Traitement de la page HTML: https://www.bioforce.org/learn/
2025-03-18 11:18:10,745 - __main__ - ERROR - Erreur lors du traitement de la page HTML https://www.bioforce.org/learn/: name 'prioritize_url' is not defined
2025-03-18 11:18:10,756 - __main__ - ERROR - Erreur lors du scraping: name 'REQUEST_DELAY' is not defined
2025-03-18 11:18:11,339 - __main__ - INFO - Ressources libérées
2025-03-18 11:18:11,339 - __main__ - INFO - Temps d'exécution total: 11.65 secondes
