2025-03-17 16:55:15,426 - bioforce_scraper.utils.qdrant_connector - INFO - Connecté à Qdrant: https://09615e3e-47b2-4b5f-adcc-4e1b2d339957.eu-central-1-0.aws.cloud.qdrant.io, collection: BIOFORCE
2025-03-17 16:55:17,066 - bioforce_scraper.utils.qdrant_connector - INFO - Connecté à Qdrant: https://09615e3e-47b2-4b5f-adcc-4e1b2d339957.eu-central-1-0.aws.cloud.qdrant.io, collection: BIOFORCE
2025-03-17 16:55:18,603 - bioforce_scraper.utils.qdrant_connector - INFO - Connecté à Qdrant: https://09615e3e-47b2-4b5f-adcc-4e1b2d339957.eu-central-1-0.aws.cloud.qdrant.io, collection: BIOFORCE_ALL
2025-03-17 16:55:20,140 - bioforce_scraper.utils.qdrant_connector - INFO - Connecté à Qdrant: https://09615e3e-47b2-4b5f-adcc-4e1b2d339957.eu-central-1-0.aws.cloud.qdrant.io, collection: BIOFORCE
2025-03-17 16:55:21,572 - bioforce_scraper.utils.qdrant_connector - INFO - Connecté à Qdrant: https://09615e3e-47b2-4b5f-adcc-4e1b2d339957.eu-central-1-0.aws.cloud.qdrant.io, collection: BIOFORCE_ALL
2025-03-17 16:55:21,572 - bioforce_scraper.api.app - INFO - Démarrage de l'API Bioforce
2025-03-17 16:55:22,180 - bioforce_scraper.utils.qdrant_connector - INFO - Collection 'BIOFORCE' existe déjà
2025-03-17 16:55:22,816 - bioforce_scraper.utils.qdrant_connector - INFO - Collection 'BIOFORCE_ALL' existe déjà
2025-03-17 16:55:22,816 - bioforce_scraper.scheduler - INFO - Tâche de mise à jour de la FAQ planifiée: 0 0 * * 0
2025-03-17 16:55:22,816 - bioforce_scraper.scheduler - INFO - Tâche de mise à jour complète du site planifiée: 0 2 * * 0
2025-03-17 16:55:22,816 - bioforce_scraper.scheduler - INFO - Tâche d'envoi de rappels planifiée: toutes les 5 minutes
2025-03-17 16:55:22,816 - bioforce_scraper.scheduler - INFO - Planificateur démarré
2025-03-17 16:55:22,816 - bioforce_scraper.api.app - INFO - Planificateur démarré
2025-03-17 17:00:22,829 - bioforce_scraper.scheduler - INFO - Envoi des rappels aux utilisateurs
2025-03-17 17:00:22,830 - bioforce_scraper.utils.reminder_service - INFO - Envoi des rappels aux utilisateurs actifs
2025-03-17 17:00:22,830 - bioforce_scraper.scheduler - ERROR - Exception lors de l'envoi des rappels: name 'REMINDER_INTERVAL_MINUTES' is not defined
2025-03-17 17:05:22,822 - bioforce_scraper.scheduler - INFO - Envoi des rappels aux utilisateurs
2025-03-17 17:05:22,823 - bioforce_scraper.utils.reminder_service - INFO - Envoi des rappels aux utilisateurs actifs
2025-03-17 17:05:22,823 - bioforce_scraper.scheduler - ERROR - Exception lors de l'envoi des rappels: name 'REMINDER_INTERVAL_MINUTES' is not defined
2025-03-17 17:10:22,823 - bioforce_scraper.scheduler - INFO - Envoi des rappels aux utilisateurs
2025-03-17 17:10:22,823 - bioforce_scraper.utils.reminder_service - INFO - Envoi des rappels aux utilisateurs actifs
2025-03-17 17:10:22,825 - bioforce_scraper.scheduler - ERROR - Exception lors de l'envoi des rappels: name 'REMINDER_INTERVAL_MINUTES' is not defined
2025-03-17 17:15:22,818 - bioforce_scraper.scheduler - INFO - Envoi des rappels aux utilisateurs
2025-03-17 17:15:22,818 - bioforce_scraper.utils.reminder_service - INFO - Envoi des rappels aux utilisateurs actifs
2025-03-17 17:15:22,818 - bioforce_scraper.scheduler - ERROR - Exception lors de l'envoi des rappels: name 'REMINDER_INTERVAL_MINUTES' is not defined
2025-03-17 17:18:01,045 - bioforce_scraper.scheduler - INFO - Signal reçu: 2
2025-03-17 17:18:01,045 - bioforce_scraper.scheduler - INFO - Planificateur arrêté
2025-03-17 17:18:01,045 - bioforce_scraper.api.app - INFO - Arrêt de l'API Bioforce
2025-03-17 17:18:01,045 - bioforce_scraper.api.app - INFO - Planificateur arrêté
