2025-03-18 12:03:23,609 - bioforce_scraper.integration.qdrant_connector - INFO - Connecté à Qdrant: https://09615e3e-47b2-4b5f-adcc-4e1b2d339957.eu-central-1-0.aws.cloud.qdrant.io
2025-03-18 12:03:23,609 - __main__ - INFO - Démarrage du scraper Bioforce
2025-03-18 12:03:23,611 - __main__ - INFO - Initialisation du scraper Bioforce
2025-03-18 12:03:23,648 - bioforce_scraper.utils.robots_parser - INFO - robots.txt parsé: 1 règles d'exclusion
2025-03-18 12:03:24,327 - __main__ - INFO - Chargement de 0 URLs déjà connues
2025-03-18 12:03:24,327 - __main__ - INFO - Récupération des URLs depuis le sitemap XML...
2025-03-18 12:03:24,327 - bioforce_scraper.utils.sitemap_parser - INFO - Début de l'analyse du sitemap: https://www.bioforce.org/sitemap.xml
2025-03-18 12:03:24,942 - bioforce_scraper.utils.sitemap_parser - INFO - Sitemap récupéré avec succès: https://www.bioforce.org/sitemap.xml
2025-03-18 12:03:24,942 - bioforce_scraper.utils.sitemap_parser - INFO - Index de sitemap analysé: 9 sitemaps trouvés
2025-03-18 12:03:25,631 - bioforce_scraper.utils.sitemap_parser - INFO - Sitemap récupéré avec succès: https://www.bioforce.org/question-sitemap.xml
2025-03-18 12:03:25,657 - bioforce_scraper.utils.sitemap_parser - INFO - Sitemap analysé: 232 nouvelles URLs pertinentes trouvées
2025-03-18 12:03:26,414 - bioforce_scraper.utils.sitemap_parser - INFO - Sitemap récupéré avec succès: https://www.bioforce.org/page-sitemap.xml
2025-03-18 12:03:26,446 - bioforce_scraper.utils.sitemap_parser - INFO - Sitemap analysé: 217 nouvelles URLs pertinentes trouvées
2025-03-18 12:03:26,748 - bioforce_scraper.utils.sitemap_parser - INFO - Sitemap récupéré avec succès: https://www.bioforce.org/author-sitemap.xml
2025-03-18 12:03:26,748 - bioforce_scraper.utils.sitemap_parser - INFO - Sitemap analysé: 0 nouvelles URLs pertinentes trouvées
2025-03-18 12:03:27,025 - bioforce_scraper.utils.sitemap_parser - INFO - Sitemap récupéré avec succès: https://www.bioforce.org/projet-sitemap.xml
2025-03-18 12:03:27,032 - bioforce_scraper.utils.sitemap_parser - INFO - Sitemap analysé: 31 nouvelles URLs pertinentes trouvées
2025-03-18 12:03:27,705 - bioforce_scraper.utils.sitemap_parser - INFO - Sitemap récupéré avec succès: https://www.bioforce.org/formation-sitemap.xml
2025-03-18 12:03:27,724 - bioforce_scraper.utils.sitemap_parser - INFO - Sitemap analysé: 123 nouvelles URLs pertinentes trouvées
2025-03-18 12:03:27,985 - bioforce_scraper.utils.sitemap_parser - INFO - Sitemap récupéré avec succès: https://www.bioforce.org/mission-sitemap.xml
2025-03-18 12:03:27,985 - bioforce_scraper.utils.sitemap_parser - INFO - Sitemap analysé: 16 nouvelles URLs pertinentes trouvées
2025-03-18 12:03:28,242 - bioforce_scraper.utils.sitemap_parser - INFO - Sitemap récupéré avec succès: https://www.bioforce.org/category-sitemap.xml
2025-03-18 12:03:28,245 - bioforce_scraper.utils.sitemap_parser - INFO - Sitemap analysé: 8 nouvelles URLs pertinentes trouvées
2025-03-18 12:03:30,006 - bioforce_scraper.utils.sitemap_parser - INFO - Sitemap récupéré avec succès: https://www.bioforce.org/post-sitemap.xml
2025-03-18 12:03:30,093 - bioforce_scraper.utils.sitemap_parser - INFO - Sitemap analysé: 582 nouvelles URLs pertinentes trouvées
2025-03-18 12:03:30,392 - bioforce_scraper.utils.sitemap_parser - INFO - Sitemap récupéré avec succès: https://www.bioforce.org/question_category-sitemap.xml
2025-03-18 12:03:30,392 - bioforce_scraper.utils.sitemap_parser - INFO - Sitemap analysé: 37 nouvelles URLs pertinentes trouvées
2025-03-18 12:03:30,392 - bioforce_scraper.utils.sitemap_parser - INFO - Analyse du sitemap terminée: 1246 URLs pertinentes trouvées
2025-03-18 12:03:30,392 - __main__ - INFO - File d'attente initialisée avec 1246 URLs depuis le sitemap
2025-03-18 12:03:30,392 - __main__ - INFO - Mode incrémental: True
2025-03-18 12:03:30,392 - __main__ - INFO - Début du scraping, limite: 500 pages
2025-03-18 12:03:30,392 - __main__ - INFO - Traitement de l'URL (1/500): https://www.bioforce.org/learn/
2025-03-18 12:03:30,392 - __main__ - INFO - Traitement de la page HTML: https://www.bioforce.org/learn/
2025-03-18 12:03:32,803 - __main__ - INFO - Contenu pertinent (formation, score: 0.30): https://www.bioforce.org/learn/
2025-03-18 12:03:32,804 - __main__ - INFO - Données sauvegardées dans C:\BIOFORCE\BUILD\bioforce_scraper\output\data\54967440f0086c2cb5320eb36304ecf3_2025-03-18T12-03-32.792440.json
2025-03-18 12:03:34,309 - __main__ - INFO - Traitement de l'URL (2/500): https://www.bioforce.org/faq/
2025-03-18 12:03:34,309 - __main__ - INFO - Traitement de la page HTML: https://www.bioforce.org/faq/
2025-03-18 12:03:36,843 - __main__ - INFO - Contenu pertinent (faq, score: 1.00): https://www.bioforce.org/faq/
2025-03-18 12:03:36,848 - __main__ - INFO - Données sauvegardées dans C:\BIOFORCE\BUILD\bioforce_scraper\output\data\9ac981e345060483828d62942e46d9d2_2025-03-18T12-03-36.834197.json
2025-03-18 12:03:38,359 - __main__ - INFO - Traitement de l'URL (3/500): https://www.bioforce.org/learn/formations-humanitaires/
2025-03-18 12:03:38,360 - __main__ - INFO - Traitement de la page HTML: https://www.bioforce.org/learn/formations-humanitaires/
2025-03-18 12:03:39,818 - __main__ - INFO - Contenu pertinent (formation, score: 0.30): https://www.bioforce.org/learn/formations-humanitaires/
2025-03-18 12:03:39,818 - __main__ - INFO - Données sauvegardées dans C:\BIOFORCE\BUILD\bioforce_scraper\output\data\e80b49e7fc3b6da532468f7a76a41d46_2025-03-18T12-03-39.811965.json
2025-03-18 12:03:41,331 - __main__ - INFO - Traitement de l'URL (4/500): https://www.bioforce.org/learn/formations-humanitaires/preparer-mon-projet/un-site-pour-tout-savoir-de-lengagement-solidaire/
2025-03-18 12:03:41,331 - __main__ - INFO - Traitement de la page HTML: https://www.bioforce.org/learn/formations-humanitaires/preparer-mon-projet/un-site-pour-tout-savoir-de-lengagement-solidaire/
2025-03-18 12:03:42,802 - __main__ - INFO - Contenu pertinent (formation, score: 0.35): https://www.bioforce.org/learn/formations-humanitaires/preparer-mon-projet/un-site-pour-tout-savoir-de-lengagement-solidaire/
2025-03-18 12:03:42,803 - __main__ - INFO - Données sauvegardées dans C:\BIOFORCE\BUILD\bioforce_scraper\output\data\1a400b756e6d69d506e2a391e6f7e7db_2025-03-18T12-03-42.795523.json
2025-03-18 12:03:44,309 - __main__ - INFO - Traitement de l'URL (5/500): https://www.bioforce.org/learn/les-engagements-bioforce/
2025-03-18 12:03:44,309 - __main__ - INFO - Traitement de la page HTML: https://www.bioforce.org/learn/les-engagements-bioforce/
2025-03-18 12:03:45,794 - __main__ - INFO - Contenu pertinent (formation, score: 0.30): https://www.bioforce.org/learn/les-engagements-bioforce/
2025-03-18 12:03:45,796 - __main__ - INFO - Données sauvegardées dans C:\BIOFORCE\BUILD\bioforce_scraper\output\data\9cebbbb4bc694882988aa7ff334c05cd_2025-03-18T12-03-45.785323.json
2025-03-18 12:03:47,309 - __main__ - INFO - Traitement de l'URL (6/500): https://www.bioforce.org/learn/les-engagements-bioforce/apprenez-avec-des-humanitaires/coordinateurs-de-formations-de-poles/
2025-03-18 12:03:47,310 - __main__ - INFO - Traitement de la page HTML: https://www.bioforce.org/learn/les-engagements-bioforce/apprenez-avec-des-humanitaires/coordinateurs-de-formations-de-poles/
2025-03-18 12:03:48,817 - __main__ - INFO - Contenu pertinent (formation, score: 0.30): https://www.bioforce.org/learn/les-engagements-bioforce/apprenez-avec-des-humanitaires/coordinateurs-de-formations-de-poles/
2025-03-18 12:03:48,817 - __main__ - INFO - Données sauvegardées dans C:\BIOFORCE\BUILD\bioforce_scraper\output\data\286329a029cdbd929f2af97edc5e5ae9_2025-03-18T12-03-48.809449.json
2025-03-18 12:03:50,325 - __main__ - INFO - Traitement de l'URL (7/500): https://www.bioforce.org/learn/les-engagements-bioforce/apprenez-avec-des-humanitaires/formateurs-associes/
2025-03-18 12:03:50,325 - __main__ - INFO - Traitement de la page HTML: https://www.bioforce.org/learn/les-engagements-bioforce/apprenez-avec-des-humanitaires/formateurs-associes/
2025-03-18 12:03:52,857 - __main__ - INFO - Contenu pertinent (formation, score: 0.30): https://www.bioforce.org/learn/les-engagements-bioforce/apprenez-avec-des-humanitaires/formateurs-associes/
2025-03-18 12:03:52,861 - __main__ - INFO - Données sauvegardées dans C:\BIOFORCE\BUILD\bioforce_scraper\output\data\590fa78ad8e86c6ae0f9c8e578241574_2025-03-18T12-03-52.842697.json
2025-03-18 12:03:54,361 - __main__ - INFO - Traitement de l'URL (8/500): https://www.bioforce.org/en/learn/partners/
2025-03-18 12:03:54,362 - __main__ - INFO - Traitement de la page HTML: https://www.bioforce.org/en/learn/partners/
2025-03-18 12:03:54,365 - __main__ - ERROR - Erreur lors du scraping: BrowserContext.new_page: Target page, context or browser has been closed
2025-03-18 12:03:54,376 - __main__ - ERROR - Erreur lors de la fermeture des ressources: BrowserContext.close: Target page, context or browser has been closed
2025-03-18 12:03:54,377 - __main__ - INFO - Temps d'exécution total: 31.34 secondes
