2025-03-19 18:48:34,519 - bioforce_scraper.utils.qdrant_connector - INFO - Connecté à Qdrant: https://09615e3e-47b2-4b5f-adcc-4e1b2d339957.eu-central-1-0.aws.cloud.qdrant.io, collection: BIOFORCE
2025-03-19 18:48:35,171 - bioforce_scraper.utils.qdrant_connector - INFO - Connecté à Qdrant: https://09615e3e-47b2-4b5f-adcc-4e1b2d339957.eu-central-1-0.aws.cloud.qdrant.io, collection: BIOFORCE_ALL
2025-03-19 18:48:35,877 - bioforce_scraper.utils.qdrant_connector - INFO - Collection 'BIOFORCE' créée avec succès
2025-03-19 18:48:36,562 - bioforce_scraper.utils.qdrant_connector - INFO - Collection 'BIOFORCE_ALL' créée avec succès
2025-03-19 18:48:36,577 - bioforce_scraper.integration.gpt_filter_integration - INFO - Filtrage GPT du contenu PDF de: https://www.bioforce.org/question/comment-financer-ma-formation-2/
2025-03-19 18:48:40,746 - bioforce_scraper.integration.gpt_filter_integration - INFO - Contenu PDF amélioré: https://www.bioforce.org/question/comment-financer-ma-formation-2/
2025-03-19 18:48:40,750 - bioforce_scraper.integration.gpt_filter_integration - INFO - Filtrage GPT du contenu PDF de: https://www.bioforce.org/learn
2025-03-19 18:48:41,912 - bioforce_scraper.integration.gpt_filter_integration - INFO - Contenu PDF filtré: https://www.bioforce.org/learn
2025-03-19 18:48:41,913 - bioforce_scraper.integration.gpt_filter_integration - INFO - Filtrage GPT du contenu PDF de: https://www.bioforce.org/learn
2025-03-19 18:48:45,296 - bioforce_scraper.integration.gpt_filter_integration - INFO - Contenu PDF amélioré: https://www.bioforce.org/learn
2025-03-19 18:48:45,310 - bioforce_scraper.integration.gpt_filter_integration - INFO - Filtrage GPT du contenu PDF de: https://www.bioforce.org/learn
2025-03-19 18:48:48,378 - bioforce_scraper.integration.gpt_filter_integration - INFO - Contenu PDF amélioré: https://www.bioforce.org/learn
2025-03-19 18:48:48,381 - bioforce_scraper.integration.gpt_filter_integration - INFO - Filtrage GPT du contenu PDF de: https://www.bioforce.org/learn
2025-03-19 18:48:51,110 - bioforce_scraper.integration.gpt_filter_integration - INFO - Contenu PDF amélioré: https://www.bioforce.org/learn
2025-03-19 18:48:51,114 - bioforce_scraper.integration.gpt_filter_integration - INFO - Filtrage GPT du contenu PDF de: https://www.bioforce.org/question/y-a-t-il-une-difference-entre-une-certification-professionnelle-obtenue-par-la-formation-et-celle-obtenue-par-la-vae/
2025-03-19 18:48:53,891 - bioforce_scraper.integration.gpt_filter_integration - INFO - Contenu PDF amélioré: https://www.bioforce.org/question/y-a-t-il-une-difference-entre-une-certification-professionnelle-obtenue-par-la-formation-et-celle-obtenue-par-la-vae/
2025-03-19 18:48:53,895 - bioforce_scraper.integration.gpt_filter_integration - INFO - Filtrage GPT du contenu PDF de: https://www.bioforce.org/formation/responsable-ressources-humaines-et-finances-profil-experimente/#competence-3
2025-03-19 18:48:55,437 - bioforce_scraper.integration.gpt_filter_integration - INFO - Contenu PDF filtré: https://www.bioforce.org/formation/responsable-ressources-humaines-et-finances-profil-experimente/#competence-3
2025-03-19 18:48:55,450 - bioforce_scraper.integration.gpt_filter_integration - INFO - Filtrage GPT du contenu PDF de: https://www.bioforce.org/inscription-a-la-formation/?formation_id=53280&session=53284
2025-03-19 18:48:59,305 - bioforce_scraper.integration.gpt_filter_integration - INFO - Contenu PDF amélioré: https://www.bioforce.org/inscription-a-la-formation/?formation_id=53280&session=53284
2025-03-19 18:48:59,319 - bioforce_scraper.integration.gpt_filter_integration - INFO - Filtrage GPT du contenu PDF de: https://www.bioforce.org/inscription-a-la-formation/?formation_id=53280&session=53284
2025-03-19 18:49:02,225 - bioforce_scraper.integration.gpt_filter_integration - INFO - Contenu PDF amélioré: https://www.bioforce.org/inscription-a-la-formation/?formation_id=53280&session=53284
2025-03-19 18:49:02,229 - bioforce_scraper.integration.gpt_filter_integration - INFO - Filtrage GPT du contenu PDF de: https://www.bioforce.org/wp-content/uploads/2022/05/2022_PEAH_4.1-Fiche_dangers_blessures.pdf
2025-03-19 18:49:03,331 - bioforce_scraper.integration.gpt_filter_integration - INFO - Contenu PDF filtré: https://www.bioforce.org/wp-content/uploads/2022/05/2022_PEAH_4.1-Fiche_dangers_blessures.pdf
2025-03-19 18:49:03,345 - bioforce_scraper.integration.gpt_filter_integration - INFO - Filtrage GPT du contenu PDF de: https://www.bioforce.org/wp-content/uploads/2022/05/2022_PEAH_4.1-Fiche_dangers_blessures.pdf
2025-03-19 18:49:04,464 - bioforce_scraper.integration.gpt_filter_integration - INFO - Contenu PDF filtré: https://www.bioforce.org/wp-content/uploads/2022/05/2022_PEAH_4.1-Fiche_dangers_blessures.pdf
2025-03-19 18:49:04,467 - bioforce_scraper.integration.gpt_filter_integration - INFO - Filtrage GPT du contenu PDF de: https://www.bioforce.org/wp-content/uploads/2022/05/2022_PEAH_4.1-Fiche_dangers_blessures.pdf
2025-03-19 18:49:05,603 - bioforce_scraper.integration.gpt_filter_integration - INFO - Contenu PDF filtré: https://www.bioforce.org/wp-content/uploads/2022/05/2022_PEAH_4.1-Fiche_dangers_blessures.pdf
2025-03-19 18:49:05,616 - bioforce_scraper.integration.gpt_filter_integration - INFO - Filtrage GPT du contenu PDF de: https://www.bioforce.org/wp-content/uploads/2022/05/2022_PEAH_4.1-Fiche_dangers_blessures.pdf
2025-03-19 18:49:06,863 - bioforce_scraper.integration.gpt_filter_integration - INFO - Contenu PDF filtré: https://www.bioforce.org/wp-content/uploads/2022/05/2022_PEAH_4.1-Fiche_dangers_blessures.pdf
2025-03-19 18:49:06,878 - bioforce_scraper.integration.gpt_filter_integration - INFO - Filtrage GPT du contenu PDF de: https://www.bioforce.org/wp-content/uploads/2020/06/2024_Bioforce_RPEHA-2.pdf
2025-03-19 18:49:12,145 - bioforce_scraper.integration.gpt_filter_integration - INFO - Contenu PDF amélioré: https://www.bioforce.org/wp-content/uploads/2020/06/2024_Bioforce_RPEHA-2.pdf
2025-03-19 18:49:12,159 - bioforce_scraper.integration.gpt_filter_integration - INFO - Filtrage GPT du contenu PDF de: https://www.bioforce.org/wp-content/uploads/2020/06/2024_Bioforce_RPEHA-2.pdf
2025-03-19 18:49:15,092 - bioforce_scraper.integration.gpt_filter_integration - INFO - Contenu PDF amélioré: https://www.bioforce.org/wp-content/uploads/2020/06/2024_Bioforce_RPEHA-2.pdf
2025-03-19 18:49:15,094 - bioforce_scraper.integration.gpt_filter_integration - INFO - Filtrage GPT du contenu PDF de: https://www.bioforce.org/wp-content/uploads/2020/06/2024_Bioforce_RPEHA-2.pdf
2025-03-19 18:49:21,627 - bioforce_scraper.integration.gpt_filter_integration - INFO - Contenu PDF amélioré: https://www.bioforce.org/wp-content/uploads/2020/06/2024_Bioforce_RPEHA-2.pdf
2025-03-19 18:49:21,630 - bioforce_scraper.integration.gpt_filter_integration - INFO - Filtrage GPT du contenu PDF de: https://www.bioforce.org/wp-content/uploads/2020/06/2024_Bioforce_RPEHA-2.pdf
2025-03-19 18:49:24,218 - bioforce_scraper.integration.gpt_filter_integration - INFO - Contenu PDF amélioré: https://www.bioforce.org/wp-content/uploads/2020/06/2024_Bioforce_RPEHA-2.pdf
2025-03-19 18:49:24,221 - bioforce_scraper.integration.gpt_filter_integration - INFO - Filtrage GPT du contenu PDF de: https://www.bioforce.org/wp-content/uploads/2020/06/2024_Bioforce_RPEHA-2.pdf
2025-03-19 18:49:27,891 - bioforce_scraper.integration.gpt_filter_integration - INFO - Contenu PDF amélioré: https://www.bioforce.org/wp-content/uploads/2020/06/2024_Bioforce_RPEHA-2.pdf
2025-03-19 18:49:27,893 - bioforce_scraper.integration.gpt_filter_integration - INFO - Filtrage GPT du contenu PDF de: https://www.bioforce.org/wp-content/uploads/2020/06/2024_Bioforce_RPEHA-2.pdf
2025-03-19 18:49:30,622 - bioforce_scraper.integration.gpt_filter_integration - INFO - Contenu PDF amélioré: https://www.bioforce.org/wp-content/uploads/2020/06/2024_Bioforce_RPEHA-2.pdf
2025-03-19 18:49:30,623 - bioforce_scraper.integration.gpt_filter_integration - INFO - Filtrage GPT du contenu PDF de: https://www.bioforce.org/wp-content/uploads/2020/06/2024_Bioforce_RPEHA-2.pdf
2025-03-19 18:49:33,776 - bioforce_scraper.integration.gpt_filter_integration - INFO - Contenu PDF amélioré: https://www.bioforce.org/wp-content/uploads/2020/06/2024_Bioforce_RPEHA-2.pdf
2025-03-19 18:49:33,780 - bioforce_scraper.integration.gpt_filter_integration - INFO - Filtrage GPT du contenu PDF de: https://www.bioforce.org/toutes-les-formations-humanitaires-a-distance
2025-03-19 18:49:37,721 - bioforce_scraper.integration.gpt_filter_integration - INFO - Contenu PDF amélioré: https://www.bioforce.org/toutes-les-formations-humanitaires-a-distance
2025-03-19 18:49:37,723 - bioforce_scraper.integration.gpt_filter_integration - INFO - Filtrage GPT du contenu PDF de: https://www.bioforce.org/toutes-les-formations-humanitaires-a-distance
2025-03-19 18:49:40,654 - bioforce_scraper.integration.gpt_filter_integration - INFO - Contenu PDF amélioré: https://www.bioforce.org/toutes-les-formations-humanitaires-a-distance
2025-03-19 18:49:40,656 - bioforce_scraper.integration.gpt_filter_integration - INFO - Filtrage GPT du contenu PDF de: https://www.bioforce.org/toutes-les-formations-humanitaires-a-distance
2025-03-19 18:49:43,509 - bioforce_scraper.integration.gpt_filter_integration - INFO - Contenu PDF amélioré: https://www.bioforce.org/toutes-les-formations-humanitaires-a-distance
2025-03-19 18:49:43,510 - bioforce_scraper.integration.gpt_filter_integration - INFO - Filtrage GPT du contenu PDF de: https://www.bioforce.org/toutes-les-formations-humanitaires-a-distance
2025-03-19 18:49:45,973 - bioforce_scraper.integration.gpt_filter_integration - INFO - Contenu PDF amélioré: https://www.bioforce.org/toutes-les-formations-humanitaires-a-distance
2025-03-19 18:49:45,975 - bioforce_scraper.integration.gpt_filter_integration - INFO - Filtrage GPT du contenu PDF de: https://www.bioforce.org/des-formations-competences-a-distance-pas-comme-les-autres/
2025-03-19 18:49:50,419 - bioforce_scraper.integration.gpt_filter_integration - INFO - Contenu PDF amélioré: https://www.bioforce.org/des-formations-competences-a-distance-pas-comme-les-autres/
2025-03-19 18:49:50,421 - bioforce_scraper.integration.gpt_filter_integration - INFO - Filtrage GPT du contenu PDF de: https://www.bioforce.org/des-formations-competences-a-distance-pas-comme-les-autres/
2025-03-19 18:49:54,472 - bioforce_scraper.integration.gpt_filter_integration - INFO - Contenu PDF amélioré: https://www.bioforce.org/des-formations-competences-a-distance-pas-comme-les-autres/
2025-03-19 18:49:54,473 - bioforce_scraper.integration.gpt_filter_integration - INFO - Filtrage GPT du contenu PDF de: https://www.bioforce.org/des-formations-competences-a-distance-pas-comme-les-autres/
2025-03-19 18:49:57,191 - bioforce_scraper.integration.gpt_filter_integration - INFO - Contenu PDF amélioré: https://www.bioforce.org/des-formations-competences-a-distance-pas-comme-les-autres/
2025-03-19 18:49:57,192 - bioforce_scraper.integration.gpt_filter_integration - INFO - Filtrage GPT du contenu PDF de: https://www.bioforce.org/des-formations-competences-a-distance-pas-comme-les-autres/
2025-03-19 18:49:59,455 - bioforce_scraper.integration.gpt_filter_integration - INFO - Contenu PDF amélioré: https://www.bioforce.org/des-formations-competences-a-distance-pas-comme-les-autres/
2025-03-19 18:49:59,468 - bioforce_scraper.integration.gpt_filter_integration - INFO - Filtrage GPT du contenu PDF de: https://www.bioforce.org/formation/planifier-et-mettre-en-oeuvre-une-strategie-de-plaidoyer/
2025-03-19 18:50:01,175 - bioforce_scraper.integration.gpt_filter_integration - INFO - Contenu PDF amélioré: https://www.bioforce.org/formation/planifier-et-mettre-en-oeuvre-une-strategie-de-plaidoyer/
2025-03-19 18:50:01,178 - bioforce_scraper.integration.gpt_filter_integration - INFO - Filtrage GPT du contenu PDF de: https://www.bioforce.org/formation/planifier-et-mettre-en-oeuvre-une-strategie-de-plaidoyer/
2025-03-19 18:50:02,871 - bioforce_scraper.integration.gpt_filter_integration - INFO - Contenu PDF filtré: https://www.bioforce.org/formation/planifier-et-mettre-en-oeuvre-une-strategie-de-plaidoyer/
2025-03-19 18:50:02,886 - bioforce_scraper.integration.gpt_filter_integration - INFO - Filtrage GPT du contenu PDF de: https://www.bioforce.org/formation/planifier-et-mettre-en-oeuvre-une-strategie-de-plaidoyer/
2025-03-19 18:50:03,936 - bioforce_scraper.integration.gpt_filter_integration - INFO - Contenu PDF filtré: https://www.bioforce.org/formation/planifier-et-mettre-en-oeuvre-une-strategie-de-plaidoyer/
2025-03-19 18:50:03,940 - bioforce_scraper.integration.gpt_filter_integration - INFO - Filtrage GPT du contenu PDF de: https://www.bioforce.org/formation/planifier-et-mettre-en-oeuvre-une-strategie-de-plaidoyer/
2025-03-19 18:50:05,245 - bioforce_scraper.integration.gpt_filter_integration - INFO - Contenu PDF filtré: https://www.bioforce.org/formation/planifier-et-mettre-en-oeuvre-une-strategie-de-plaidoyer/
2025-03-19 18:50:05,248 - bioforce_scraper.integration.gpt_filter_integration - INFO - Filtrage GPT du contenu PDF de: https://www.bioforce.org/formation/planifier-et-mettre-en-oeuvre-une-strategie-de-plaidoyer/
2025-03-19 18:50:06,456 - bioforce_scraper.integration.gpt_filter_integration - INFO - Contenu PDF filtré: https://www.bioforce.org/formation/planifier-et-mettre-en-oeuvre-une-strategie-de-plaidoyer/
2025-03-19 18:50:06,470 - bioforce_scraper.integration.gpt_filter_integration - INFO - Filtrage GPT du contenu PDF de: https://www.bioforce.org/question/what-is-the-cancellation-and-refund-policy/
2025-03-19 18:50:08,900 - bioforce_scraper.integration.gpt_filter_integration - INFO - Contenu PDF amélioré: https://www.bioforce.org/question/what-is-the-cancellation-and-refund-policy/
2025-03-19 18:50:08,914 - bioforce_scraper.integration.gpt_filter_integration - INFO - Filtrage GPT du contenu PDF de: https://www.bioforce.org/question/what-is-the-cancellation-and-refund-policy/
2025-03-19 18:50:10,972 - bioforce_scraper.integration.gpt_filter_integration - INFO - Contenu PDF amélioré: https://www.bioforce.org/question/what-is-the-cancellation-and-refund-policy/
2025-03-19 18:50:10,995 - bioforce_scraper.integration.gpt_filter_integration - INFO - Filtrage GPT du contenu PDF de: https://www.bioforce.org/question/what-is-the-cancellation-and-refund-policy/
2025-03-19 18:50:13,891 - bioforce_scraper.integration.gpt_filter_integration - INFO - Contenu PDF amélioré: https://www.bioforce.org/question/what-is-the-cancellation-and-refund-policy/
2025-03-19 18:50:13,905 - bioforce_scraper.integration.gpt_filter_integration - INFO - Filtrage GPT du contenu PDF de: https://www.bioforce.org/question/what-is-the-cancellation-and-refund-policy/
2025-03-19 18:50:16,021 - bioforce_scraper.integration.gpt_filter_integration - INFO - Contenu PDF amélioré: https://www.bioforce.org/question/what-is-the-cancellation-and-refund-policy/
2025-03-19 18:50:16,031 - bioforce_scraper.integration.gpt_filter_integration - INFO - Filtrage GPT du contenu PDF de: https://www.bioforce.org/formation/profil-experimente-management-dequipe-dun-programme-humanitaire/#competence-2
2025-03-19 18:50:17,482 - bioforce_scraper.integration.gpt_filter_integration - INFO - Contenu PDF amélioré: https://www.bioforce.org/formation/profil-experimente-management-dequipe-dun-programme-humanitaire/#competence-2
2025-03-19 18:50:17,489 - bioforce_scraper.integration.gpt_filter_integration - INFO - Filtrage GPT du contenu PDF de: https://www.bioforce.org/inscription-a-la-formation/?formation_id=39425&session=52862
2025-03-19 18:50:19,160 - bioforce_scraper.integration.gpt_filter_integration - INFO - Contenu PDF amélioré: https://www.bioforce.org/inscription-a-la-formation/?formation_id=39425&session=52862
2025-03-19 18:50:19,174 - bioforce_scraper.integration.gpt_filter_integration - INFO - Filtrage GPT du contenu PDF de: https://www.bioforce.org/inscription-a-la-formation/?formation_id=39425&session=52862
2025-03-19 18:50:21,966 - bioforce_scraper.integration.gpt_filter_integration - INFO - Contenu PDF amélioré: https://www.bioforce.org/inscription-a-la-formation/?formation_id=39425&session=52862
2025-03-19 18:50:21,980 - bioforce_scraper.integration.gpt_filter_integration - INFO - Filtrage GPT du contenu PDF de: https://www.bioforce.org/inscription-a-la-formation/?formation_id=39425&session=52862
2025-03-19 18:50:24,757 - bioforce_scraper.integration.gpt_filter_integration - INFO - Contenu PDF amélioré: https://www.bioforce.org/inscription-a-la-formation/?formation_id=39425&session=52862
2025-03-19 18:50:24,759 - bioforce_scraper.integration.gpt_filter_integration - INFO - Filtrage GPT du contenu PDF de: https://www.bioforce.org/question/quel-type-de-postes-peut-occuper-un-diplome-responsable-de-lenvironnement-de-travail-et-de-la-logistique-humanitaire/
2025-03-19 18:50:27,980 - bioforce_scraper.integration.gpt_filter_integration - INFO - Contenu PDF amélioré: https://www.bioforce.org/question/quel-type-de-postes-peut-occuper-un-diplome-responsable-de-lenvironnement-de-travail-et-de-la-logistique-humanitaire/
2025-03-19 18:50:27,995 - bioforce_scraper.integration.gpt_filter_integration - INFO - Filtrage GPT du contenu PDF de: https://www.bioforce.org/formation/responsable-de-projets-eau-hygiene-et-assainissement/#competence-0
2025-03-19 18:50:31,098 - bioforce_scraper.integration.gpt_filter_integration - INFO - Contenu PDF amélioré: https://www.bioforce.org/formation/responsable-de-projets-eau-hygiene-et-assainissement/#competence-0
2025-03-19 18:50:31,100 - bioforce_scraper.integration.gpt_filter_integration - INFO - Filtrage GPT du contenu PDF de: https://www.bioforce.org/question/pourrai-je-partir-directement-en-mission-humanitaire-apres-une-formation-courte/
2025-03-19 18:50:33,290 - bioforce_scraper.integration.gpt_filter_integration - INFO - Contenu PDF amélioré: https://www.bioforce.org/question/pourrai-je-partir-directement-en-mission-humanitaire-apres-une-formation-courte/
2025-03-19 18:50:33,292 - bioforce_scraper.integration.gpt_filter_integration - INFO - Filtrage GPT du contenu PDF de: https://www.bioforce.org/question/quels-certificats-sont-delivres-a-lissue-dune-formation-en-e-learning/
