2025-03-19 18:53:10,826 - bioforce_scraper.utils.qdrant_connector - INFO - Connecté à Qdrant: https://09615e3e-47b2-4b5f-adcc-4e1b2d339957.eu-central-1-0.aws.cloud.qdrant.io, collection: BIOFORCE
2025-03-19 18:53:11,524 - bioforce_scraper.utils.qdrant_connector - INFO - Connecté à Qdrant: https://09615e3e-47b2-4b5f-adcc-4e1b2d339957.eu-central-1-0.aws.cloud.qdrant.io, collection: BIOFORCE_ALL
2025-03-19 18:53:12,300 - bioforce_scraper.utils.qdrant_connector - INFO - Collection 'BIOFORCE' créée avec succès
2025-03-19 18:53:13,023 - bioforce_scraper.utils.qdrant_connector - INFO - Collection 'BIOFORCE_ALL' créée avec succès
2025-03-19 18:53:13,049 - bioforce_scraper.integration.gpt_filter_integration - INFO - Filtrage GPT du contenu PDF de: https://www.bioforce.org/learn/formations-humanitaires/trouver-ma-formation/?f-thematique%5B%5D=75&f-objectif=0&f-lieu%5B%5D=3&f-cycle=58&f-duree=0&f-age=0&f-mode=0&f-date=&action=formations-filter&page=&type-formation=individus
2025-03-19 18:53:15,167 - bioforce_scraper.integration.gpt_filter_integration - INFO - Contenu PDF amélioré: https://www.bioforce.org/learn/formations-humanitaires/trouver-ma-formation/?f-thematique%5B%5D=75&f-objectif=0&f-lieu%5B%5D=3&f-cycle=58&f-duree=0&f-age=0&f-mode=0&f-date=&action=formations-filter&page=&type-formation=individus
2025-03-19 18:53:15,181 - bioforce_scraper.integration.gpt_filter_integration - INFO - Filtrage GPT du contenu PDF de: https://www.bioforce.org/inscription-a-la-formation/?formation_id=4893&session=4895
2025-03-19 18:53:20,058 - bioforce_scraper.integration.gpt_filter_integration - INFO - Contenu PDF amélioré: https://www.bioforce.org/inscription-a-la-formation/?formation_id=4893&session=4895
2025-03-19 18:53:20,074 - bioforce_scraper.integration.gpt_filter_integration - INFO - Filtrage GPT du contenu PDF de: https://www.bioforce.org/question/comment-financer-ma-formation/
2025-03-19 18:53:22,154 - bioforce_scraper.integration.gpt_filter_integration - INFO - Contenu PDF amélioré: https://www.bioforce.org/question/comment-financer-ma-formation/
2025-03-19 18:53:22,167 - bioforce_scraper.integration.gpt_filter_integration - INFO - Filtrage GPT du contenu PDF de: https://www.bioforce.org/learn/centres/europe/les-conferences/
2025-03-19 18:53:23,640 - bioforce_scraper.integration.gpt_filter_integration - INFO - Contenu PDF filtré: https://www.bioforce.org/learn/centres/europe/les-conferences/
2025-03-19 18:53:23,656 - bioforce_scraper.integration.gpt_filter_integration - INFO - Filtrage GPT du contenu PDF de: https://www.bioforce.org/en/learn/bioforce-commitments/count-on-us/
2025-03-19 18:53:27,386 - bioforce_scraper.integration.gpt_filter_integration - INFO - Contenu PDF amélioré: https://www.bioforce.org/en/learn/bioforce-commitments/count-on-us/
2025-03-19 18:53:27,395 - bioforce_scraper.integration.gpt_filter_integration - INFO - Filtrage GPT du contenu PDF de: https://www.bioforce.org/en/learn/centres/europe/opportunities-to-meet/
2025-03-19 18:53:29,364 - bioforce_scraper.integration.gpt_filter_integration - INFO - Contenu PDF amélioré: https://www.bioforce.org/en/learn/centres/europe/opportunities-to-meet/
2025-03-19 18:53:29,366 - bioforce_scraper.integration.gpt_filter_integration - INFO - Filtrage GPT du contenu PDF de: https://www.bioforce.org/learn/formations-humanitaires/trouver-ma-formation/?f-objectif=0&f-lieu%5B%5D=32&f-cycle=60&f-duree=0&f-age=0&f-mode=0&f-date=&action=formations-filter&page=&type-formation=individus
2025-03-19 18:53:33,392 - bioforce_scraper.integration.gpt_filter_integration - INFO - Contenu PDF amélioré: https://www.bioforce.org/learn/formations-humanitaires/trouver-ma-formation/?f-objectif=0&f-lieu%5B%5D=32&f-cycle=60&f-duree=0&f-age=0&f-mode=0&f-date=&action=formations-filter&page=&type-formation=individus
2025-03-19 18:53:33,395 - bioforce_scraper.integration.gpt_filter_integration - INFO - Filtrage GPT du contenu PDF de: https://www.bioforce.org/formation/profil-experimente-coordination-strategique-dun-programme-humanitaire/
2025-03-19 18:53:39,925 - bioforce_scraper.integration.gpt_filter_integration - INFO - Contenu PDF amélioré: https://www.bioforce.org/formation/profil-experimente-coordination-strategique-dun-programme-humanitaire/
2025-03-19 18:53:39,931 - bioforce_scraper.integration.gpt_filter_integration - INFO - Filtrage GPT du contenu PDF de: https://www.bioforce.org/learn/formations-humanitaires/preparer-mon-projet/decouvrez-les-metiers-humanitaires/
2025-03-19 18:53:51,114 - bioforce_scraper.integration.gpt_filter_integration - INFO - Contenu PDF amélioré: https://www.bioforce.org/learn/formations-humanitaires/preparer-mon-projet/decouvrez-les-metiers-humanitaires/
2025-03-19 18:53:51,116 - bioforce_scraper.integration.gpt_filter_integration - INFO - Filtrage GPT du contenu PDF de: https://www.bioforce.org/wp-content/uploads/2021/06/05.2021_fd_InfoPratiques_blocs_FR.pdf
2025-03-19 18:53:57,146 - bioforce_scraper.integration.gpt_filter_integration - INFO - Contenu PDF amélioré: https://www.bioforce.org/wp-content/uploads/2021/06/05.2021_fd_InfoPratiques_blocs_FR.pdf
