2025-03-19 18:55:09,089 - bioforce_scraper.utils.qdrant_connector - INFO - Connecté à Qdrant: https://09615e3e-47b2-4b5f-adcc-4e1b2d339957.eu-central-1-0.aws.cloud.qdrant.io, collection: BIOFORCE
2025-03-19 18:55:09,734 - bioforce_scraper.utils.qdrant_connector - INFO - Connecté à Qdrant: https://09615e3e-47b2-4b5f-adcc-4e1b2d339957.eu-central-1-0.aws.cloud.qdrant.io, collection: BIOFORCE_ALL
2025-03-19 18:55:10,590 - bioforce_scraper.utils.qdrant_connector - INFO - Collection 'BIOFORCE' créée avec succès
2025-03-19 18:55:11,354 - bioforce_scraper.utils.qdrant_connector - INFO - Collection 'BIOFORCE_ALL' créée avec succès
2025-03-19 18:55:11,381 - bioforce_scraper.integration.gpt_filter_integration - INFO - Filtrage GPT du contenu PDF de: https://www.bioforce.org/inscription-a-la-formation/?formation_id=1262&session=53141
2025-03-19 18:55:14,100 - bioforce_scraper.integration.gpt_filter_integration - INFO - Contenu PDF amélioré: https://www.bioforce.org/inscription-a-la-formation/?formation_id=1262&session=53141
2025-03-19 18:55:14,117 - bioforce_scraper.integration.gpt_filter_integration - INFO - Filtrage GPT du contenu PDF de: https://www.bioforce.org/learn/les-certifications-humanitaires-bioforce/la-certification-coordinateur-de-programme-humanitaire/
2025-03-19 18:55:16,955 - bioforce_scraper.integration.gpt_filter_integration - INFO - Contenu PDF amélioré: https://www.bioforce.org/learn/les-certifications-humanitaires-bioforce/la-certification-coordinateur-de-programme-humanitaire/
2025-03-19 18:55:16,960 - bioforce_scraper.integration.gpt_filter_integration - INFO - Filtrage GPT du contenu PDF de: https://www.bioforce.org/en/learn/actualites/3
2025-03-19 18:55:19,693 - bioforce_scraper.integration.gpt_filter_integration - INFO - Contenu PDF amélioré: https://www.bioforce.org/en/learn/actualites/3
2025-03-19 18:55:19,694 - bioforce_scraper.integration.gpt_filter_integration - INFO - Filtrage GPT du contenu PDF de: https://bioforce.org/learn/formations-humanitaires/formations-a-votre-rythme/
2025-03-19 18:55:23,046 - bioforce_scraper.integration.gpt_filter_integration - INFO - Contenu PDF amélioré: https://bioforce.org/learn/formations-humanitaires/formations-a-votre-rythme/
2025-03-19 18:55:23,063 - bioforce_scraper.integration.gpt_filter_integration - INFO - Filtrage GPT du contenu PDF de: https://www.bioforce.org/formation/profil-experimente-mobilisation-et-gestion-des-ressources-financieres-et-logistiques-dun-programme-humanitaire/
2025-03-19 18:55:24,572 - bioforce_scraper.integration.gpt_filter_integration - INFO - Contenu PDF amélioré: https://www.bioforce.org/formation/profil-experimente-mobilisation-et-gestion-des-ressources-financieres-et-logistiques-dun-programme-humanitaire/
2025-03-19 18:55:24,586 - bioforce_scraper.integration.gpt_filter_integration - INFO - Filtrage GPT du contenu PDF de: https://www.bioforce.org/learn/reunions-dinformation/
2025-03-19 18:55:28,432 - bioforce_scraper.integration.gpt_filter_integration - INFO - Contenu PDF amélioré: https://www.bioforce.org/learn/reunions-dinformation/
2025-03-19 18:55:28,434 - bioforce_scraper.integration.gpt_filter_integration - INFO - Filtrage GPT du contenu PDF de: https://www.bioforce.org/formation/gestion-financiere-dun-projet-humanitaire-e-learning/
2025-03-19 18:55:30,286 - bioforce_scraper.integration.gpt_filter_integration - INFO - Contenu PDF filtré: https://www.bioforce.org/formation/gestion-financiere-dun-projet-humanitaire-e-learning/
2025-03-19 18:55:30,300 - bioforce_scraper.integration.gpt_filter_integration - INFO - Filtrage GPT du contenu PDF de: https://www.bioforce.org/learn/les-engagements-bioforce/votre-premiere-mission/
2025-03-19 18:55:32,835 - bioforce_scraper.integration.gpt_filter_integration - INFO - Contenu PDF amélioré: https://www.bioforce.org/learn/les-engagements-bioforce/votre-premiere-mission/
2025-03-19 18:55:32,850 - bioforce_scraper.integration.gpt_filter_integration - INFO - Filtrage GPT du contenu PDF de: https://www.bioforce.org/wp-content/uploads/2020/06/2025_Bioforce_LogisticienAH.pdf
2025-03-19 18:55:36,059 - bioforce_scraper.integration.gpt_filter_integration - INFO - Contenu PDF amélioré: https://www.bioforce.org/wp-content/uploads/2020/06/2025_Bioforce_LogisticienAH.pdf
2025-03-19 18:55:36,064 - bioforce_scraper.integration.gpt_filter_integration - INFO - Filtrage GPT du contenu PDF de: https://www.bioforce.org/inscription-a-la-formation/?formation_id=53280&session=53284
2025-03-19 18:55:38,796 - bioforce_scraper.integration.gpt_filter_integration - INFO - Contenu PDF amélioré: https://www.bioforce.org/inscription-a-la-formation/?formation_id=53280&session=53284
