2025-03-17 16:24:06,795 - bioforce_scraper.utils.qdrant_connector - INFO - Connecté à Qdrant: https://09615e3e-47b2-4b5f-adcc-4e1b2d339957.eu-central-1-0.aws.cloud.qdrant.io, collection: BIOFORCE
2025-03-17 16:24:08,027 - bioforce_scraper.utils.qdrant_connector - INFO - Connecté à Qdrant: https://09615e3e-47b2-4b5f-adcc-4e1b2d339957.eu-central-1-0.aws.cloud.qdrant.io, collection: BIOFORCE
2025-03-17 16:24:09,286 - bioforce_scraper.utils.qdrant_connector - INFO - Connecté à Qdrant: https://09615e3e-47b2-4b5f-adcc-4e1b2d339957.eu-central-1-0.aws.cloud.qdrant.io, collection: BIOFORCE_ALL
2025-03-17 16:24:10,504 - bioforce_scraper.utils.qdrant_connector - INFO - Connecté à Qdrant: https://09615e3e-47b2-4b5f-adcc-4e1b2d339957.eu-central-1-0.aws.cloud.qdrant.io, collection: BIOFORCE
2025-03-17 16:24:11,666 - bioforce_scraper.utils.qdrant_connector - INFO - Connecté à Qdrant: https://09615e3e-47b2-4b5f-adcc-4e1b2d339957.eu-central-1-0.aws.cloud.qdrant.io, collection: BIOFORCE_ALL
2025-03-17 16:24:11,678 - bioforce_scraper.api.app - INFO - Démarrage de l'API Bioforce
2025-03-17 16:24:12,235 - bioforce_scraper.utils.qdrant_connector - INFO - Collection 'BIOFORCE' existe déjà
2025-03-17 16:24:12,743 - bioforce_scraper.utils.qdrant_connector - INFO - Collection 'BIOFORCE_ALL' existe déjà
2025-03-17 16:24:12,743 - bioforce_scraper.scheduler - INFO - Tâche de mise à jour de la FAQ planifiée: 0 0 * * 0
2025-03-17 16:24:12,743 - bioforce_scraper.scheduler - INFO - Tâche de mise à jour complète du site planifiée: 0 2 * * 0
2025-03-17 16:24:12,744 - bioforce_scraper.scheduler - INFO - Tâche d'envoi de rappels planifiée: toutes les 5 minutes
2025-03-17 16:24:12,746 - bioforce_scraper.scheduler - INFO - Planificateur démarré
2025-03-17 16:24:12,746 - bioforce_scraper.api.app - INFO - Planificateur démarré
2025-03-17 16:29:12,763 - bioforce_scraper.scheduler - INFO - Envoi des rappels aux utilisateurs
2025-03-17 16:29:12,776 - bioforce_scraper.utils.reminder_service - INFO - Envoi des rappels aux utilisateurs actifs
2025-03-17 16:29:12,777 - bioforce_scraper.scheduler - ERROR - Exception lors de l'envoi des rappels: name 'REMINDER_INTERVAL_MINUTES' is not defined
2025-03-17 16:34:12,758 - bioforce_scraper.scheduler - INFO - Envoi des rappels aux utilisateurs
2025-03-17 16:34:12,758 - bioforce_scraper.utils.reminder_service - INFO - Envoi des rappels aux utilisateurs actifs
2025-03-17 16:34:12,758 - bioforce_scraper.scheduler - ERROR - Exception lors de l'envoi des rappels: name 'REMINDER_INTERVAL_MINUTES' is not defined
2025-03-17 16:39:12,749 - bioforce_scraper.scheduler - INFO - Envoi des rappels aux utilisateurs
2025-03-17 16:39:12,749 - bioforce_scraper.utils.reminder_service - INFO - Envoi des rappels aux utilisateurs actifs
2025-03-17 16:39:12,749 - bioforce_scraper.scheduler - ERROR - Exception lors de l'envoi des rappels: name 'REMINDER_INTERVAL_MINUTES' is not defined
