2025-03-20 14:36:38,805 - bioforce_scraper.utils.qdrant_connector - INFO - Connecté à Qdrant: https://09615e3e-47b2-4b5f-adcc-4e1b2d339957.eu-central-1-0.aws.cloud.qdrant.io, collection: BIOFORCE
2025-03-20 14:36:40,873 - bioforce_scraper.utils.qdrant_connector - INFO - Connecté à Qdrant: https://09615e3e-47b2-4b5f-adcc-4e1b2d339957.eu-central-1-0.aws.cloud.qdrant.io, collection: BIOFORCE
2025-03-20 14:36:41,918 - bioforce_scraper.utils.qdrant_connector - INFO - Connecté à Qdrant: https://09615e3e-47b2-4b5f-adcc-4e1b2d339957.eu-central-1-0.aws.cloud.qdrant.io, collection: BIOFORCE_ALL
2025-03-20 14:36:41,943 - bioforce_scraper.api.app - INFO - Démarrage de l'API Bioforce
2025-03-20 14:36:42,008 - bioforce_scraper.utils.qdrant_connector - INFO - Collection 'BIOFORCE' existe déjà
2025-03-20 14:36:42,087 - bioforce_scraper.utils.qdrant_connector - INFO - Collection 'BIOFORCE_ALL' existe déjà
2025-03-20 14:36:42,089 - bioforce_scraper.scheduler - INFO - Tâche de mise à jour de la FAQ planifiée: 0 0 * * 0
2025-03-20 14:36:42,089 - bioforce_scraper.scheduler - INFO - Tâche de mise à jour complète du site planifiée: 0 2 * * 0
2025-03-20 14:36:42,089 - bioforce_scraper.scheduler - INFO - Tâche d'envoi de rappels planifiée: toutes les 5 minutes
2025-03-20 14:36:42,094 - bioforce_scraper.scheduler - INFO - Planificateur démarré
2025-03-20 14:36:42,096 - bioforce_scraper.api.app - INFO - Planificateur démarré
2025-03-20 14:41:42,095 - bioforce_scraper.scheduler - INFO - Envoi des rappels aux utilisateurs
2025-03-20 14:41:42,096 - bioforce_scraper.utils.reminder_service - INFO - Envoi des rappels aux utilisateurs actifs
2025-03-20 14:41:42,096 - bioforce_scraper.scheduler - ERROR - Exception lors de l'envoi des rappels: name 'REMINDER_INTERVAL_MINUTES' is not defined
2025-03-20 14:46:42,095 - bioforce_scraper.scheduler - INFO - Envoi des rappels aux utilisateurs
2025-03-20 14:46:42,097 - bioforce_scraper.utils.reminder_service - INFO - Envoi des rappels aux utilisateurs actifs
2025-03-20 14:46:42,097 - bioforce_scraper.scheduler - ERROR - Exception lors de l'envoi des rappels: name 'REMINDER_INTERVAL_MINUTES' is not defined
2025-03-20 14:51:42,097 - bioforce_scraper.scheduler - INFO - Envoi des rappels aux utilisateurs
2025-03-20 14:51:42,099 - bioforce_scraper.utils.reminder_service - INFO - Envoi des rappels aux utilisateurs actifs
2025-03-20 14:51:42,100 - bioforce_scraper.scheduler - ERROR - Exception lors de l'envoi des rappels: name 'REMINDER_INTERVAL_MINUTES' is not defined
2025-03-20 14:56:42,093 - bioforce_scraper.scheduler - INFO - Envoi des rappels aux utilisateurs
2025-03-20 14:56:42,094 - bioforce_scraper.utils.reminder_service - INFO - Envoi des rappels aux utilisateurs actifs
2025-03-20 14:56:42,094 - bioforce_scraper.scheduler - ERROR - Exception lors de l'envoi des rappels: name 'REMINDER_INTERVAL_MINUTES' is not defined
2025-03-20 15:01:42,096 - bioforce_scraper.scheduler - INFO - Envoi des rappels aux utilisateurs
2025-03-20 15:01:42,096 - bioforce_scraper.utils.reminder_service - INFO - Envoi des rappels aux utilisateurs actifs
2025-03-20 15:01:42,096 - bioforce_scraper.scheduler - ERROR - Exception lors de l'envoi des rappels: name 'REMINDER_INTERVAL_MINUTES' is not defined
2025-03-20 15:04:59,373 - bioforce_scraper.scheduler - INFO - Signal reçu: 2
2025-03-20 15:04:59,374 - bioforce_scraper.scheduler - INFO - Planificateur arrêté
2025-03-20 15:04:59,374 - bioforce_scraper.api.app - INFO - Arrêt de l'API Bioforce
2025-03-20 15:04:59,374 - bioforce_scraper.api.app - INFO - Planificateur arrêté
