2025-03-18 11:41:25,192 - bioforce_scraper.integration.qdrant_connector - INFO - Connecté à Qdrant: https://09615e3e-47b2-4b5f-adcc-4e1b2d339957.eu-central-1-0.aws.cloud.qdrant.io
2025-03-18 11:41:25,192 - __main__ - INFO - Démarrage du scraper Bioforce
2025-03-18 11:41:25,192 - __main__ - INFO - Initialisation du scraper Bioforce
2025-03-18 11:41:25,235 - bioforce_scraper.utils.robots_parser - INFO - robots.txt parsé: 1 règles d'exclusion
2025-03-18 11:41:25,760 - __main__ - INFO - Chargement de 0 URLs déjà connues
2025-03-18 11:41:25,760 - __main__ - INFO - Récupération des URLs depuis le sitemap XML...
2025-03-18 11:41:25,760 - bioforce_scraper.utils.sitemap_parser - INFO - Début de l'analyse du sitemap: https://www.bioforce.org/sitemap.xml
2025-03-18 11:41:26,559 - bioforce_scraper.utils.sitemap_parser - INFO - Sitemap récupéré avec succès: https://www.bioforce.org/sitemap.xml
2025-03-18 11:41:26,584 - bioforce_scraper.utils.sitemap_parser - INFO - Index de sitemap analysé: 9 sitemaps trouvés
2025-03-18 11:41:27,259 - bioforce_scraper.utils.sitemap_parser - INFO - Sitemap récupéré avec succès: https://www.bioforce.org/formation-sitemap.xml
2025-03-18 11:41:27,280 - bioforce_scraper.utils.sitemap_parser - INFO - Sitemap analysé: 123 nouvelles URLs pertinentes trouvées
2025-03-18 11:41:27,549 - bioforce_scraper.utils.sitemap_parser - INFO - Sitemap récupéré avec succès: https://www.bioforce.org/mission-sitemap.xml
2025-03-18 11:41:27,566 - bioforce_scraper.utils.sitemap_parser - INFO - Sitemap analysé: 16 nouvelles URLs pertinentes trouvées
2025-03-18 11:41:27,863 - bioforce_scraper.utils.sitemap_parser - INFO - Sitemap récupéré avec succès: https://www.bioforce.org/question_category-sitemap.xml
2025-03-18 11:41:27,875 - bioforce_scraper.utils.sitemap_parser - INFO - Sitemap analysé: 37 nouvelles URLs pertinentes trouvées
2025-03-18 11:41:28,159 - bioforce_scraper.utils.sitemap_parser - INFO - Sitemap récupéré avec succès: https://www.bioforce.org/author-sitemap.xml
2025-03-18 11:41:28,164 - bioforce_scraper.utils.sitemap_parser - INFO - Sitemap analysé: 0 nouvelles URLs pertinentes trouvées
2025-03-18 11:41:28,409 - bioforce_scraper.utils.sitemap_parser - INFO - Sitemap récupéré avec succès: https://www.bioforce.org/category-sitemap.xml
2025-03-18 11:41:28,414 - bioforce_scraper.utils.sitemap_parser - INFO - Sitemap analysé: 8 nouvelles URLs pertinentes trouvées
2025-03-18 11:41:28,730 - bioforce_scraper.utils.sitemap_parser - INFO - Sitemap récupéré avec succès: https://www.bioforce.org/projet-sitemap.xml
2025-03-18 11:41:28,736 - bioforce_scraper.utils.sitemap_parser - INFO - Sitemap analysé: 31 nouvelles URLs pertinentes trouvées
2025-03-18 11:41:29,497 - bioforce_scraper.utils.sitemap_parser - INFO - Sitemap récupéré avec succès: https://www.bioforce.org/page-sitemap.xml
2025-03-18 11:41:29,542 - bioforce_scraper.utils.sitemap_parser - INFO - Sitemap analysé: 217 nouvelles URLs pertinentes trouvées
2025-03-18 11:41:31,531 - bioforce_scraper.utils.sitemap_parser - INFO - Sitemap récupéré avec succès: https://www.bioforce.org/post-sitemap.xml
2025-03-18 11:41:31,633 - bioforce_scraper.utils.sitemap_parser - INFO - Sitemap analysé: 582 nouvelles URLs pertinentes trouvées
2025-03-18 11:41:32,260 - bioforce_scraper.utils.sitemap_parser - INFO - Sitemap récupéré avec succès: https://www.bioforce.org/question-sitemap.xml
2025-03-18 11:41:32,308 - bioforce_scraper.utils.sitemap_parser - INFO - Sitemap analysé: 232 nouvelles URLs pertinentes trouvées
2025-03-18 11:41:32,311 - bioforce_scraper.utils.sitemap_parser - INFO - Analyse du sitemap terminée: 1246 URLs pertinentes trouvées
2025-03-18 11:41:32,311 - __main__ - INFO - File d'attente initialisée avec 1246 URLs depuis le sitemap
2025-03-18 11:41:32,311 - __main__ - INFO - Mode incrémental: True
2025-03-18 11:41:32,312 - __main__ - INFO - Début du scraping, limite: 500 pages
2025-03-18 11:41:32,312 - __main__ - INFO - Traitement de l'URL (1/500): https://www.bioforce.org/learn/
2025-03-18 11:41:32,313 - __main__ - INFO - Traitement de la page HTML: https://www.bioforce.org/learn/
2025-03-18 11:41:37,871 - __main__ - INFO - Contenu pertinent (formation, score: 0.30): https://www.bioforce.org/learn/
2025-03-18 11:41:37,876 - __main__ - INFO - Données sauvegardées dans C:\BIOFORCE\BUILD\bioforce_scraper\output\data\54967440f0086c2cb5320eb36304ecf3_2025-03-18T11-41-37.859802.json
2025-03-18 11:41:39,383 - __main__ - INFO - Traitement de l'URL (2/500): https://www.bioforce.org/faq/
2025-03-18 11:41:39,383 - __main__ - INFO - Traitement de la page HTML: https://www.bioforce.org/faq/
2025-03-18 11:41:42,079 - __main__ - INFO - Contenu pertinent (faq, score: 1.00): https://www.bioforce.org/faq/
2025-03-18 11:41:42,080 - __main__ - INFO - Données sauvegardées dans C:\BIOFORCE\BUILD\bioforce_scraper\output\data\9ac981e345060483828d62942e46d9d2_2025-03-18T11-41-42.067954.json
2025-03-18 11:41:43,595 - __main__ - INFO - Traitement de l'URL (3/500): https://www.bioforce.org/formation/demandez-un-diagnostic-de-vos-pratiques/
2025-03-18 11:41:43,597 - __main__ - INFO - Traitement de la page HTML: https://www.bioforce.org/formation/demandez-un-diagnostic-de-vos-pratiques/
2025-03-18 11:41:45,230 - __main__ - INFO - Contenu pertinent (formation, score: 0.30): https://www.bioforce.org/formation/demandez-un-diagnostic-de-vos-pratiques/
2025-03-18 11:41:45,230 - __main__ - INFO - Données sauvegardées dans C:\BIOFORCE\BUILD\bioforce_scraper\output\data\7966c462d5508794835ade70cdf11e01_2025-03-18T11-41-45.224819.json
2025-03-18 11:41:46,730 - __main__ - INFO - Traitement de l'URL (4/500): https://www.bioforce.org/formation/construisons-ensemble-votre-formation/
2025-03-18 11:41:46,730 - __main__ - INFO - Traitement de la page HTML: https://www.bioforce.org/formation/construisons-ensemble-votre-formation/
2025-03-18 11:41:48,335 - __main__ - INFO - Contenu pertinent (formation, score: 0.45): https://www.bioforce.org/formation/construisons-ensemble-votre-formation/
2025-03-18 11:41:48,335 - __main__ - INFO - Données sauvegardées dans C:\BIOFORCE\BUILD\bioforce_scraper\output\data\255757dc9e0aaad2201cbf89a7681791_2025-03-18T11-41-48.326664.json
2025-03-18 11:41:49,839 - __main__ - INFO - Traitement de l'URL (5/500): https://www.bioforce.org/en/formation/stop-covid-19-les-essentiels-pour-la-prevention-et-le-controle-du-virus/
2025-03-18 11:41:49,839 - __main__ - INFO - Traitement de la page HTML: https://www.bioforce.org/en/formation/stop-covid-19-les-essentiels-pour-la-prevention-et-le-controle-du-virus/
2025-03-18 11:41:52,063 - __main__ - INFO - Contenu pertinent (formation, score: 1.00): https://www.bioforce.org/en/formation/stop-covid-19-les-essentiels-pour-la-prevention-et-le-controle-du-virus/
2025-03-18 11:41:52,084 - __main__ - INFO - Données sauvegardées dans C:\BIOFORCE\BUILD\bioforce_scraper\output\data\385a8cf2576f8c28db6f1950ca0a8f4c_2025-03-18T11-41-52.051152.json
2025-03-18 11:41:53,601 - __main__ - INFO - Traitement de l'URL (6/500): https://www.bioforce.org/en/formation/request-an-organisational-assessment/
2025-03-18 11:41:53,601 - __main__ - INFO - Traitement de la page HTML: https://www.bioforce.org/en/formation/request-an-organisational-assessment/
2025-03-18 11:41:55,259 - __main__ - INFO - Contenu pertinent (formation, score: 1.00): https://www.bioforce.org/en/formation/request-an-organisational-assessment/
2025-03-18 11:41:55,262 - __main__ - INFO - Données sauvegardées dans C:\BIOFORCE\BUILD\bioforce_scraper\output\data\63ddd0414be7201fc896b46a5e6b4039_2025-03-18T11-41-55.242458.json
2025-03-18 11:41:56,770 - __main__ - INFO - Traitement de l'URL (7/500): https://www.bioforce.org/en/formation/construisons-ensemble-votre-formation/
2025-03-18 11:41:56,771 - __main__ - INFO - Traitement de la page HTML: https://www.bioforce.org/en/formation/construisons-ensemble-votre-formation/
2025-03-18 11:41:58,713 - __main__ - INFO - Contenu pertinent (formation, score: 1.00): https://www.bioforce.org/en/formation/construisons-ensemble-votre-formation/
2025-03-18 11:41:58,733 - __main__ - INFO - Données sauvegardées dans C:\BIOFORCE\BUILD\bioforce_scraper\output\data\22a86380e8bd7554e5775d6339abee5d_2025-03-18T11-41-58.700791.json
2025-03-18 11:42:00,247 - __main__ - INFO - Traitement de l'URL (8/500): https://www.bioforce.org/formation/safe-driver-certificate/
2025-03-18 11:42:00,247 - __main__ - INFO - Traitement de la page HTML: https://www.bioforce.org/formation/safe-driver-certificate/
2025-03-18 11:42:02,377 - __main__ - INFO - Contenu pertinent (formation, score: 0.30): https://www.bioforce.org/formation/safe-driver-certificate/
2025-03-18 11:42:02,377 - __main__ - INFO - Données sauvegardées dans C:\BIOFORCE\BUILD\bioforce_scraper\output\data\6572d03ff076031faeaf0025810f1d64_2025-03-18T11-42-02.366640.json
2025-03-18 11:42:03,885 - __main__ - INFO - Traitement de l'URL (9/500): https://www.bioforce.org/en/formation/managing-solidarity-projects/
2025-03-18 11:42:03,885 - __main__ - INFO - Traitement de la page HTML: https://www.bioforce.org/en/formation/managing-solidarity-projects/
2025-03-18 11:42:05,935 - __main__ - INFO - Contenu pertinent (formation, score: 1.00): https://www.bioforce.org/en/formation/managing-solidarity-projects/
2025-03-18 11:42:05,942 - __main__ - INFO - Données sauvegardées dans C:\BIOFORCE\BUILD\bioforce_scraper\output\data\de22ae42bdb42aca2ab08c5a567303b7_2025-03-18T11-42-05.913444.json
2025-03-18 11:42:07,443 - __main__ - INFO - Traitement de l'URL (10/500): https://www.bioforce.org/en/formation/humanitarian-programme-managing-safety-security-and-logistics/
2025-03-18 11:42:07,443 - __main__ - INFO - Traitement de la page HTML: https://www.bioforce.org/en/formation/humanitarian-programme-managing-safety-security-and-logistics/
2025-03-18 11:42:09,476 - __main__ - INFO - Contenu pertinent (formation, score: 1.00): https://www.bioforce.org/en/formation/humanitarian-programme-managing-safety-security-and-logistics/
2025-03-18 11:42:09,480 - __main__ - INFO - Données sauvegardées dans C:\BIOFORCE\BUILD\bioforce_scraper\output\data\2c53eb3b5b1273cb26c0e4592bcc37dd_2025-03-18T11-42-09.459802.json
2025-03-18 11:42:10,985 - __main__ - INFO - Traitement de l'URL (11/500): https://www.bioforce.org/en/formation/managing-humanitarian-projects-e-learning/
2025-03-18 11:42:10,985 - __main__ - INFO - Traitement de la page HTML: https://www.bioforce.org/en/formation/managing-humanitarian-projects-e-learning/
2025-03-18 11:42:12,994 - __main__ - INFO - Contenu pertinent (formation, score: 1.00): https://www.bioforce.org/en/formation/managing-humanitarian-projects-e-learning/
2025-03-18 11:42:13,011 - __main__ - INFO - Données sauvegardées dans C:\BIOFORCE\BUILD\bioforce_scraper\output\data\2724f0210fe103e0ace74fde339eb252_2025-03-18T11-42-12.971863.json
2025-03-18 11:42:14,523 - __main__ - INFO - Traitement de l'URL (12/500): https://www.bioforce.org/formation/managing-solidarity-projects/
2025-03-18 11:42:14,523 - __main__ - INFO - Traitement de la page HTML: https://www.bioforce.org/formation/managing-solidarity-projects/
2025-03-18 11:42:16,055 - __main__ - INFO - Contenu pertinent (formation, score: 0.30): https://www.bioforce.org/formation/managing-solidarity-projects/
2025-03-18 11:42:16,057 - __main__ - INFO - Données sauvegardées dans C:\BIOFORCE\BUILD\bioforce_scraper\output\data\3116a35b6298c8e91727b5704a76e2b4_2025-03-18T11-42-16.049500.json
2025-03-18 11:42:17,570 - __main__ - INFO - Traitement de l'URL (13/500): https://www.bioforce.org/formation/profil-initial-mobilisation-et-gestion-des-ressources-financieres-et-logistiques-dun-programme-humanitaire/
2025-03-18 11:42:17,570 - __main__ - INFO - Traitement de la page HTML: https://www.bioforce.org/formation/profil-initial-mobilisation-et-gestion-des-ressources-financieres-et-logistiques-dun-programme-humanitaire/
2025-03-18 11:42:19,250 - __main__ - INFO - Contenu pertinent (formation, score: 0.75): https://www.bioforce.org/formation/profil-initial-mobilisation-et-gestion-des-ressources-financieres-et-logistiques-dun-programme-humanitaire/
2025-03-18 11:42:19,252 - __main__ - INFO - Données sauvegardées dans C:\BIOFORCE\BUILD\bioforce_scraper\output\data\8d721da3524dc8ce43ff63b52f6e2da9_2025-03-18T11-42-19.242450.json
2025-03-18 11:42:20,757 - __main__ - INFO - Traitement de l'URL (14/500): https://www.bioforce.org/formation/profil-initial-management-dequipe-dun-programme-humanitaire/
2025-03-18 11:42:20,757 - __main__ - INFO - Traitement de la page HTML: https://www.bioforce.org/formation/profil-initial-management-dequipe-dun-programme-humanitaire/
2025-03-18 11:42:22,303 - __main__ - INFO - Contenu pertinent (formation, score: 0.60): https://www.bioforce.org/formation/profil-initial-management-dequipe-dun-programme-humanitaire/
2025-03-18 11:42:22,317 - __main__ - INFO - Données sauvegardées dans C:\BIOFORCE\BUILD\bioforce_scraper\output\data\32768726a1979731a5fd2df41b1c1ba8_2025-03-18T11-42-22.295488.json
2025-03-18 11:42:23,833 - __main__ - INFO - Traitement de l'URL (15/500): https://www.bioforce.org/formation/profil-initial-conception-et-pilotage-de-projet-humanitaire/
2025-03-18 11:42:23,835 - __main__ - INFO - Traitement de la page HTML: https://www.bioforce.org/formation/profil-initial-conception-et-pilotage-de-projet-humanitaire/
2025-03-18 11:42:25,375 - __main__ - INFO - Contenu pertinent (formation, score: 0.60): https://www.bioforce.org/formation/profil-initial-conception-et-pilotage-de-projet-humanitaire/
2025-03-18 11:42:25,376 - __main__ - INFO - Données sauvegardées dans C:\BIOFORCE\BUILD\bioforce_scraper\output\data\571cf9f9538bf580111a68d3aa8a67c6_2025-03-18T11-42-25.368809.json
2025-03-18 11:42:26,888 - __main__ - INFO - Traitement de l'URL (16/500): https://www.bioforce.org/formation/profil-initial-coordination-et-strategie-dun-programme-humanitaire/
2025-03-18 11:42:26,888 - __main__ - INFO - Traitement de la page HTML: https://www.bioforce.org/formation/profil-initial-coordination-et-strategie-dun-programme-humanitaire/
2025-03-18 11:42:28,514 - __main__ - INFO - Contenu pertinent (formation, score: 0.60): https://www.bioforce.org/formation/profil-initial-coordination-et-strategie-dun-programme-humanitaire/
2025-03-18 11:42:28,514 - __main__ - INFO - Données sauvegardées dans C:\BIOFORCE\BUILD\bioforce_scraper\output\data\0b9541c8b7231e0596d78d42190806af_2025-03-18T11-42-28.509027.json
2025-03-18 11:42:30,022 - __main__ - INFO - Traitement de l'URL (17/500): https://www.bioforce.org/formation/profil-experimente-mobilisation-et-gestion-des-ressources-financieres-et-logistiques-dun-programme-humanitaire/
2025-03-18 11:42:30,022 - __main__ - INFO - Traitement de la page HTML: https://www.bioforce.org/formation/profil-experimente-mobilisation-et-gestion-des-ressources-financieres-et-logistiques-dun-programme-humanitaire/
2025-03-18 11:42:31,640 - __main__ - INFO - Contenu pertinent (formation, score: 0.60): https://www.bioforce.org/formation/profil-experimente-mobilisation-et-gestion-des-ressources-financieres-et-logistiques-dun-programme-humanitaire/
2025-03-18 11:42:31,653 - __main__ - INFO - Données sauvegardées dans C:\BIOFORCE\BUILD\bioforce_scraper\output\data\36148434282c7611f4e70aa25aa7ae3a_2025-03-18T11-42-31.632247.json
2025-03-18 11:42:33,161 - __main__ - INFO - Traitement de l'URL (18/500): https://www.bioforce.org/formation/profil-experimente-coordination-strategique-dun-programme-humanitaire/
2025-03-18 11:42:33,163 - __main__ - INFO - Traitement de la page HTML: https://www.bioforce.org/formation/profil-experimente-coordination-strategique-dun-programme-humanitaire/
2025-03-18 11:42:34,785 - __main__ - INFO - Contenu pertinent (formation, score: 0.60): https://www.bioforce.org/formation/profil-experimente-coordination-strategique-dun-programme-humanitaire/
2025-03-18 11:42:34,785 - __main__ - INFO - Données sauvegardées dans C:\BIOFORCE\BUILD\bioforce_scraper\output\data\fe139bd413499e2f5fcfc8fe9c36ea24_2025-03-18T11-42-34.778483.json
2025-03-18 11:42:36,297 - __main__ - INFO - Traitement de l'URL (19/500): https://www.bioforce.org/formation/profil-experimente-conception-et-pilotage-de-projet-humanitaire/
2025-03-18 11:42:36,297 - __main__ - INFO - Traitement de la page HTML: https://www.bioforce.org/formation/profil-experimente-conception-et-pilotage-de-projet-humanitaire/
2025-03-18 11:42:37,793 - __main__ - INFO - Contenu pertinent (formation, score: 0.60): https://www.bioforce.org/formation/profil-experimente-conception-et-pilotage-de-projet-humanitaire/
2025-03-18 11:42:37,793 - __main__ - INFO - Données sauvegardées dans C:\BIOFORCE\BUILD\bioforce_scraper\output\data\dcc061e59243bae9776d24089a7353b2_2025-03-18T11-42-37.785183.json
2025-03-18 11:42:39,303 - __main__ - INFO - Traitement de l'URL (20/500): https://www.bioforce.org/formation/gerer-des-negociations-dacces-humanitaire/
2025-03-18 11:42:39,303 - __main__ - INFO - Traitement de la page HTML: https://www.bioforce.org/formation/gerer-des-negociations-dacces-humanitaire/
2025-03-18 11:42:40,898 - __main__ - INFO - Contenu pertinent (formation, score: 0.45): https://www.bioforce.org/formation/gerer-des-negociations-dacces-humanitaire/
2025-03-18 11:42:40,900 - __main__ - INFO - Données sauvegardées dans C:\BIOFORCE\BUILD\bioforce_scraper\output\data\ac052a3b3f1c9940e76ad2e83a87b5ef_2025-03-18T11-42-40.892439.json
2025-03-18 11:42:40,900 - __main__ - INFO - Indexation d'un lot de 20 documents dans Qdrant...
2025-03-18 11:42:40,900 - __main__ - ERROR - Erreur lors de l'indexation dans Qdrant: 'QdrantConnector' object has no attribute 'upsert_document'
2025-03-18 11:42:40,909 - __main__ - ERROR - Erreur lors de l'indexation dans Qdrant: 'QdrantConnector' object has no attribute 'upsert_document'
2025-03-18 11:42:40,909 - __main__ - ERROR - Erreur lors de l'indexation dans Qdrant: 'QdrantConnector' object has no attribute 'upsert_document'
2025-03-18 11:42:40,911 - __main__ - ERROR - Erreur lors de l'indexation dans Qdrant: 'QdrantConnector' object has no attribute 'upsert_document'
2025-03-18 11:42:40,911 - __main__ - ERROR - Erreur lors de l'indexation dans Qdrant: 'QdrantConnector' object has no attribute 'upsert_document'
2025-03-18 11:42:40,911 - __main__ - ERROR - Erreur lors de l'indexation dans Qdrant: 'QdrantConnector' object has no attribute 'upsert_document'
2025-03-18 11:42:40,912 - __main__ - ERROR - Erreur lors de l'indexation dans Qdrant: 'QdrantConnector' object has no attribute 'upsert_document'
2025-03-18 11:42:40,913 - __main__ - ERROR - Erreur lors de l'indexation dans Qdrant: 'QdrantConnector' object has no attribute 'upsert_document'
2025-03-18 11:42:40,913 - __main__ - ERROR - Erreur lors de l'indexation dans Qdrant: 'QdrantConnector' object has no attribute 'upsert_document'
2025-03-18 11:42:40,913 - __main__ - ERROR - Erreur lors de l'indexation dans Qdrant: 'QdrantConnector' object has no attribute 'upsert_document'
2025-03-18 11:42:40,914 - __main__ - ERROR - Erreur lors de l'indexation dans Qdrant: 'QdrantConnector' object has no attribute 'upsert_document'
2025-03-18 11:42:40,914 - __main__ - ERROR - Erreur lors de l'indexation dans Qdrant: 'QdrantConnector' object has no attribute 'upsert_document'
2025-03-18 11:42:40,914 - __main__ - ERROR - Erreur lors de l'indexation dans Qdrant: 'QdrantConnector' object has no attribute 'upsert_document'
2025-03-18 11:42:40,915 - __main__ - ERROR - Erreur lors de l'indexation dans Qdrant: 'QdrantConnector' object has no attribute 'upsert_document'
2025-03-18 11:42:40,915 - __main__ - ERROR - Erreur lors de l'indexation dans Qdrant: 'QdrantConnector' object has no attribute 'upsert_document'
2025-03-18 11:42:40,915 - __main__ - ERROR - Erreur lors de l'indexation dans Qdrant: 'QdrantConnector' object has no attribute 'upsert_document'
2025-03-18 11:42:40,916 - __main__ - ERROR - Erreur lors de l'indexation dans Qdrant: 'QdrantConnector' object has no attribute 'upsert_document'
2025-03-18 11:42:40,916 - __main__ - ERROR - Erreur lors de l'indexation dans Qdrant: 'QdrantConnector' object has no attribute 'upsert_document'
2025-03-18 11:42:40,916 - __main__ - ERROR - Erreur lors de l'indexation dans Qdrant: 'QdrantConnector' object has no attribute 'upsert_document'
2025-03-18 11:42:40,917 - __main__ - ERROR - Erreur lors de l'indexation dans Qdrant: 'QdrantConnector' object has no attribute 'upsert_document'
2025-03-18 11:42:40,917 - __main__ - INFO - Indexation terminée: 0 documents indexés, 20 erreurs
2025-03-18 11:42:42,421 - __main__ - INFO - Traitement de l'URL (21/500): https://www.bioforce.org/formation/gestion-des-infrastructures-et-des-equipements-dune-mission-humanitaire/
2025-03-18 11:42:42,422 - __main__ - INFO - Traitement de la page HTML: https://www.bioforce.org/formation/gestion-des-infrastructures-et-des-equipements-dune-mission-humanitaire/
2025-03-18 11:42:43,933 - __main__ - INFO - Contenu pertinent (formation, score: 0.75): https://www.bioforce.org/formation/gestion-des-infrastructures-et-des-equipements-dune-mission-humanitaire/
2025-03-18 11:42:43,934 - __main__ - INFO - Données sauvegardées dans C:\BIOFORCE\BUILD\bioforce_scraper\output\data\fc9d3f6d8b7cda6e67d986f297be5e60_2025-03-18T11-42-43.926521.json
2025-03-18 11:42:45,445 - __main__ - INFO - Traitement de l'URL (22/500): https://www.bioforce.org/formation/gestion-de-la-chaine-dapprovisionnement-dune-mission-humanitaire/
2025-03-18 11:42:45,445 - __main__ - INFO - Traitement de la page HTML: https://www.bioforce.org/formation/gestion-de-la-chaine-dapprovisionnement-dune-mission-humanitaire/
2025-03-18 11:42:46,985 - __main__ - INFO - Contenu pertinent (formation, score: 0.75): https://www.bioforce.org/formation/gestion-de-la-chaine-dapprovisionnement-dune-mission-humanitaire/
2025-03-18 11:42:46,986 - __main__ - INFO - Données sauvegardées dans C:\BIOFORCE\BUILD\bioforce_scraper\output\data\0e1a4ef072bb0a245a4c34b40c93767e_2025-03-18T11-42-46.978904.json
2025-03-18 11:42:48,499 - __main__ - INFO - Traitement de l'URL (23/500): https://www.bioforce.org/formation/gestion-des-ressources-rh-et-finances-des-activites-logistiques-dune-mission-humanitaire/
2025-03-18 11:42:48,499 - __main__ - INFO - Traitement de la page HTML: https://www.bioforce.org/formation/gestion-des-ressources-rh-et-finances-des-activites-logistiques-dune-mission-humanitaire/
2025-03-18 11:42:50,079 - __main__ - INFO - Contenu pertinent (formation, score: 0.75): https://www.bioforce.org/formation/gestion-des-ressources-rh-et-finances-des-activites-logistiques-dune-mission-humanitaire/
2025-03-18 11:42:50,079 - __main__ - INFO - Données sauvegardées dans C:\BIOFORCE\BUILD\bioforce_scraper\output\data\673ad05f275c2286b02e65e04efa718e_2025-03-18T11-42-50.071105.json
2025-03-18 11:42:51,593 - __main__ - INFO - Traitement de l'URL (24/500): https://www.bioforce.org/formation/gestion-des-operations-logistiques-dune-mission-humanitaire/
2025-03-18 11:42:51,593 - __main__ - INFO - Traitement de la page HTML: https://www.bioforce.org/formation/gestion-des-operations-logistiques-dune-mission-humanitaire/
2025-03-18 11:42:53,197 - __main__ - INFO - Contenu pertinent (formation, score: 0.75): https://www.bioforce.org/formation/gestion-des-operations-logistiques-dune-mission-humanitaire/
2025-03-18 11:42:53,199 - __main__ - INFO - Données sauvegardées dans C:\BIOFORCE\BUILD\bioforce_scraper\output\data\ed4a0deddd9ec977881fa4bc77bd8760_2025-03-18T11-42-53.185001.json
2025-03-18 11:42:54,702 - __main__ - INFO - Traitement de l'URL (25/500): https://www.bioforce.org/formation/profil-initial-coordination-des-infrastructures-et-des-equipements-dune-mission-humanitaire/
2025-03-18 11:42:54,702 - __main__ - INFO - Traitement de la page HTML: https://www.bioforce.org/formation/profil-initial-coordination-des-infrastructures-et-des-equipements-dune-mission-humanitaire/
2025-03-18 11:42:56,345 - __main__ - INFO - Contenu pertinent (formation, score: 0.75): https://www.bioforce.org/formation/profil-initial-coordination-des-infrastructures-et-des-equipements-dune-mission-humanitaire/
2025-03-18 11:42:56,345 - __main__ - INFO - Données sauvegardées dans C:\BIOFORCE\BUILD\bioforce_scraper\output\data\67aefb61e5a45326ca86f563256cea49_2025-03-18T11-42-56.335240.json
2025-03-18 11:42:57,847 - __main__ - INFO - Traitement de l'URL (26/500): https://www.bioforce.org/formation/profil-initial-coordination-de-la-chaine-dapprovisionnement-dune-mission-humanitaire/
2025-03-18 11:42:57,847 - __main__ - INFO - Traitement de la page HTML: https://www.bioforce.org/formation/profil-initial-coordination-de-la-chaine-dapprovisionnement-dune-mission-humanitaire/
2025-03-18 11:42:59,493 - __main__ - INFO - Contenu pertinent (formation, score: 0.75): https://www.bioforce.org/formation/profil-initial-coordination-de-la-chaine-dapprovisionnement-dune-mission-humanitaire/
2025-03-18 11:42:59,493 - __main__ - INFO - Données sauvegardées dans C:\BIOFORCE\BUILD\bioforce_scraper\output\data\a97adecb41e2bb5b29f6e46c16e382bd_2025-03-18T11-42-59.485539.json
2025-03-18 11:43:00,996 - __main__ - INFO - Traitement de l'URL (27/500): https://www.bioforce.org/formation/profil-initial-gestion-des-ressources-humaines-dune-mission-humanitaire/
2025-03-18 11:43:00,996 - __main__ - INFO - Traitement de la page HTML: https://www.bioforce.org/formation/profil-initial-gestion-des-ressources-humaines-dune-mission-humanitaire/
2025-03-18 11:43:02,631 - __main__ - INFO - Contenu pertinent (formation, score: 0.90): https://www.bioforce.org/formation/profil-initial-gestion-des-ressources-humaines-dune-mission-humanitaire/
2025-03-18 11:43:02,631 - __main__ - INFO - Données sauvegardées dans C:\BIOFORCE\BUILD\bioforce_scraper\output\data\e09ce2db07b4d82c65ed969dc7175619_2025-03-18T11-43-02.588392.json
2025-03-18 11:43:04,139 - __main__ - INFO - Traitement de l'URL (28/500): https://www.bioforce.org/formation/profil-initial-gestion-financiere-dune-mission-humanitaire/
2025-03-18 11:43:04,139 - __main__ - INFO - Traitement de la page HTML: https://www.bioforce.org/formation/profil-initial-gestion-financiere-dune-mission-humanitaire/
2025-03-18 11:43:05,849 - __main__ - INFO - Contenu pertinent (formation, score: 0.75): https://www.bioforce.org/formation/profil-initial-gestion-financiere-dune-mission-humanitaire/
2025-03-18 11:43:05,849 - __main__ - INFO - Données sauvegardées dans C:\BIOFORCE\BUILD\bioforce_scraper\output\data\2044a851313a295240ae471f20703dc0_2025-03-18T11-43-05.842395.json
2025-03-18 11:43:07,352 - __main__ - INFO - Traitement de l'URL (29/500): https://www.bioforce.org/formation/profil-initial-gestion-administrative-et-juridique-dune-mission-humanitaire/
2025-03-18 11:43:07,352 - __main__ - INFO - Traitement de la page HTML: https://www.bioforce.org/formation/profil-initial-gestion-administrative-et-juridique-dune-mission-humanitaire/
2025-03-18 11:43:09,176 - __main__ - INFO - Contenu pertinent (formation, score: 0.75): https://www.bioforce.org/formation/profil-initial-gestion-administrative-et-juridique-dune-mission-humanitaire/
2025-03-18 11:43:09,176 - __main__ - INFO - Données sauvegardées dans C:\BIOFORCE\BUILD\bioforce_scraper\output\data\4302a8b6df29edda9d259f789885e7f2_2025-03-18T11-43-09.169802.json
2025-03-18 11:43:10,685 - __main__ - INFO - Traitement de l'URL (30/500): https://www.bioforce.org/formation/concevoir-et-piloter-la-chaine-dapprovisionnement-dune-mission-humanitaire/
2025-03-18 11:43:10,685 - __main__ - INFO - Traitement de la page HTML: https://www.bioforce.org/formation/concevoir-et-piloter-la-chaine-dapprovisionnement-dune-mission-humanitaire/
2025-03-18 11:43:12,159 - __main__ - INFO - Contenu pertinent (formation, score: 0.60): https://www.bioforce.org/formation/concevoir-et-piloter-la-chaine-dapprovisionnement-dune-mission-humanitaire/
2025-03-18 11:43:12,159 - __main__ - INFO - Données sauvegardées dans C:\BIOFORCE\BUILD\bioforce_scraper\output\data\3beb6d65f53bb210426c22f7ec058356_2025-03-18T11-43-12.150756.json
2025-03-18 11:43:13,667 - __main__ - INFO - Traitement de l'URL (31/500): https://www.bioforce.org/formation/coordonner-la-gestion-des-ressources-humaines-dune-mission-humanitaire/
2025-03-18 11:43:13,667 - __main__ - INFO - Traitement de la page HTML: https://www.bioforce.org/formation/coordonner-la-gestion-des-ressources-humaines-dune-mission-humanitaire/
2025-03-18 11:43:15,295 - __main__ - INFO - Contenu pertinent (formation, score: 0.90): https://www.bioforce.org/formation/coordonner-la-gestion-des-ressources-humaines-dune-mission-humanitaire/
2025-03-18 11:43:15,296 - __main__ - INFO - Données sauvegardées dans C:\BIOFORCE\BUILD\bioforce_scraper\output\data\affe7749ab49b207b7331c7bb6005b37_2025-03-18T11-43-15.287182.json
2025-03-18 11:43:16,809 - __main__ - INFO - Traitement de l'URL (32/500): https://www.bioforce.org/formation/coordonner-la-gestion-financiere-dune-mission-humanitaire/
2025-03-18 11:43:16,809 - __main__ - INFO - Traitement de la page HTML: https://www.bioforce.org/formation/coordonner-la-gestion-financiere-dune-mission-humanitaire/
2025-03-18 11:43:18,601 - __main__ - INFO - Contenu pertinent (formation, score: 0.75): https://www.bioforce.org/formation/coordonner-la-gestion-financiere-dune-mission-humanitaire/
2025-03-18 11:43:18,602 - __main__ - INFO - Données sauvegardées dans C:\BIOFORCE\BUILD\bioforce_scraper\output\data\486cfa8a6f73c65b695413932a1b4986_2025-03-18T11-43-18.592678.json
2025-03-18 11:43:20,107 - __main__ - INFO - Traitement de l'URL (33/500): https://www.bioforce.org/formation/concevoir-et-piloter-la-strategie-rh-et-finances-dune-mission-humanitaire/
2025-03-18 11:43:20,109 - __main__ - INFO - Traitement de la page HTML: https://www.bioforce.org/formation/concevoir-et-piloter-la-strategie-rh-et-finances-dune-mission-humanitaire/
2025-03-18 11:43:21,612 - __main__ - INFO - Contenu pertinent (formation, score: 0.60): https://www.bioforce.org/formation/concevoir-et-piloter-la-strategie-rh-et-finances-dune-mission-humanitaire/
2025-03-18 11:43:21,625 - __main__ - INFO - Données sauvegardées dans C:\BIOFORCE\BUILD\bioforce_scraper\output\data\706bdd5163c5b6ab11616ffb96d33f73_2025-03-18T11-43-21.606867.json
2025-03-18 11:43:23,137 - __main__ - INFO - Traitement de l'URL (34/500): https://www.bioforce.org/formation/concevoir-et-piloter-la-strategie-logistique-dune-mission-humanitaire/
2025-03-18 11:43:23,138 - __main__ - INFO - Traitement de la page HTML: https://www.bioforce.org/formation/concevoir-et-piloter-la-strategie-logistique-dune-mission-humanitaire/
2025-03-18 11:43:24,757 - __main__ - INFO - Contenu pertinent (formation, score: 0.75): https://www.bioforce.org/formation/concevoir-et-piloter-la-strategie-logistique-dune-mission-humanitaire/
2025-03-18 11:43:24,770 - __main__ - INFO - Données sauvegardées dans C:\BIOFORCE\BUILD\bioforce_scraper\output\data\1a28b6862d74f1c83631c80021a87ad6_2025-03-18T11-43-24.750560.json
2025-03-18 11:43:26,277 - __main__ - INFO - Traitement de l'URL (35/500): https://www.bioforce.org/formation/coordonner-les-equipements-techniques-dune-mission-humanitaire/
2025-03-18 11:43:26,278 - __main__ - INFO - Traitement de la page HTML: https://www.bioforce.org/formation/coordonner-les-equipements-techniques-dune-mission-humanitaire/
2025-03-18 11:43:28,149 - __main__ - INFO - Contenu pertinent (formation, score: 0.60): https://www.bioforce.org/formation/coordonner-les-equipements-techniques-dune-mission-humanitaire/
2025-03-18 11:43:28,150 - __main__ - INFO - Données sauvegardées dans C:\BIOFORCE\BUILD\bioforce_scraper\output\data\8095b30d7f6643fe6caac597a3d79333_2025-03-18T11-43-28.142502.json
2025-03-18 11:43:29,655 - __main__ - INFO - Traitement de l'URL (36/500): https://www.bioforce.org/formation/coordonner-les-ressources-humaines-materielles-et-financieres-necessaires-a-la-mise-en-oeuvre-de-projets-eau-hygiene-et-assainissement/
2025-03-18 11:43:29,655 - __main__ - INFO - Traitement de la page HTML: https://www.bioforce.org/formation/coordonner-les-ressources-humaines-materielles-et-financieres-necessaires-a-la-mise-en-oeuvre-de-projets-eau-hygiene-et-assainissement/
2025-03-18 11:43:31,331 - __main__ - INFO - Contenu pertinent (formation, score: 0.75): https://www.bioforce.org/formation/coordonner-les-ressources-humaines-materielles-et-financieres-necessaires-a-la-mise-en-oeuvre-de-projets-eau-hygiene-et-assainissement/
2025-03-18 11:43:31,331 - __main__ - INFO - Données sauvegardées dans C:\BIOFORCE\BUILD\bioforce_scraper\output\data\f97265b03b0ffacdd2ae0cf519e05c87_2025-03-18T11-43-31.323333.json
2025-03-18 11:43:32,843 - __main__ - INFO - Traitement de l'URL (37/500): https://www.bioforce.org/formation/concevoir-et-piloter-les-operations-logistiques-dune-mission-humanitaire/
2025-03-18 11:43:32,844 - __main__ - INFO - Traitement de la page HTML: https://www.bioforce.org/formation/concevoir-et-piloter-les-operations-logistiques-dune-mission-humanitaire/
2025-03-18 11:43:34,687 - __main__ - INFO - Contenu pertinent (formation, score: 0.60): https://www.bioforce.org/formation/concevoir-et-piloter-les-operations-logistiques-dune-mission-humanitaire/
2025-03-18 11:43:34,688 - __main__ - INFO - Données sauvegardées dans C:\BIOFORCE\BUILD\bioforce_scraper\output\data\f817e871b7a9391593e702e66474682e_2025-03-18T11-43-34.678914.json
2025-03-18 11:43:36,201 - __main__ - INFO - Traitement de l'URL (38/500): https://www.bioforce.org/formation/profil-initial-coordination-des-operations-logistiques-dune-mission-humanitaire/
2025-03-18 11:43:36,202 - __main__ - INFO - Traitement de la page HTML: https://www.bioforce.org/formation/profil-initial-coordination-des-operations-logistiques-dune-mission-humanitaire/
2025-03-18 11:43:38,111 - __main__ - INFO - Contenu pertinent (formation, score: 0.75): https://www.bioforce.org/formation/profil-initial-coordination-des-operations-logistiques-dune-mission-humanitaire/
2025-03-18 11:43:38,114 - __main__ - INFO - Données sauvegardées dans C:\BIOFORCE\BUILD\bioforce_scraper\output\data\817aaa4299009635cda4a18345f132aa_2025-03-18T11-43-38.104352.json
2025-03-18 11:43:39,625 - __main__ - INFO - Traitement de l'URL (39/500): https://www.bioforce.org/formation/concevoir-et-piloter-un-projet-eau-hygiene-et-assainissement-en-contexte-humanitaire/
2025-03-18 11:43:39,625 - __main__ - INFO - Traitement de la page HTML: https://www.bioforce.org/formation/concevoir-et-piloter-un-projet-eau-hygiene-et-assainissement-en-contexte-humanitaire/
2025-03-18 11:43:41,386 - __main__ - INFO - Contenu pertinent (formation, score: 0.90): https://www.bioforce.org/formation/concevoir-et-piloter-un-projet-eau-hygiene-et-assainissement-en-contexte-humanitaire/
2025-03-18 11:43:41,386 - __main__ - INFO - Données sauvegardées dans C:\BIOFORCE\BUILD\bioforce_scraper\output\data\1337837dbc077c9a914b03965dc565af_2025-03-18T11-43-41.379552.json
2025-03-18 11:43:42,894 - __main__ - INFO - Traitement de l'URL (40/500): https://www.bioforce.org/formation/promouvoir-la-sante-et-favoriser-la-participation-communautaire-en-contexte-humanitaire/
2025-03-18 11:43:42,895 - __main__ - INFO - Traitement de la page HTML: https://www.bioforce.org/formation/promouvoir-la-sante-et-favoriser-la-participation-communautaire-en-contexte-humanitaire/
2025-03-18 11:43:44,631 - __main__ - INFO - Contenu pertinent (formation, score: 0.60): https://www.bioforce.org/formation/promouvoir-la-sante-et-favoriser-la-participation-communautaire-en-contexte-humanitaire/
2025-03-18 11:43:44,632 - __main__ - INFO - Données sauvegardées dans C:\BIOFORCE\BUILD\bioforce_scraper\output\data\b393223dd4ebf813b9c624d2cfd1893b_2025-03-18T11-43-44.624425.json
2025-03-18 11:43:44,632 - __main__ - INFO - Indexation d'un lot de 20 documents dans Qdrant...
2025-03-18 11:43:44,633 - __main__ - ERROR - Erreur lors de l'indexation dans Qdrant: 'QdrantConnector' object has no attribute 'upsert_document'
2025-03-18 11:43:44,633 - __main__ - ERROR - Erreur lors de l'indexation dans Qdrant: 'QdrantConnector' object has no attribute 'upsert_document'
2025-03-18 11:43:44,633 - __main__ - ERROR - Erreur lors de l'indexation dans Qdrant: 'QdrantConnector' object has no attribute 'upsert_document'
2025-03-18 11:43:44,634 - __main__ - ERROR - Erreur lors de l'indexation dans Qdrant: 'QdrantConnector' object has no attribute 'upsert_document'
2025-03-18 11:43:44,635 - __main__ - ERROR - Erreur lors de l'indexation dans Qdrant: 'QdrantConnector' object has no attribute 'upsert_document'
2025-03-18 11:43:44,635 - __main__ - ERROR - Erreur lors de l'indexation dans Qdrant: 'QdrantConnector' object has no attribute 'upsert_document'
2025-03-18 11:43:44,635 - __main__ - ERROR - Erreur lors de l'indexation dans Qdrant: 'QdrantConnector' object has no attribute 'upsert_document'
2025-03-18 11:43:44,635 - __main__ - ERROR - Erreur lors de l'indexation dans Qdrant: 'QdrantConnector' object has no attribute 'upsert_document'
2025-03-18 11:43:44,635 - __main__ - ERROR - Erreur lors de l'indexation dans Qdrant: 'QdrantConnector' object has no attribute 'upsert_document'
2025-03-18 11:43:44,635 - __main__ - ERROR - Erreur lors de l'indexation dans Qdrant: 'QdrantConnector' object has no attribute 'upsert_document'
2025-03-18 11:43:44,636 - __main__ - ERROR - Erreur lors de l'indexation dans Qdrant: 'QdrantConnector' object has no attribute 'upsert_document'
2025-03-18 11:43:44,636 - __main__ - ERROR - Erreur lors de l'indexation dans Qdrant: 'QdrantConnector' object has no attribute 'upsert_document'
2025-03-18 11:43:44,636 - __main__ - ERROR - Erreur lors de l'indexation dans Qdrant: 'QdrantConnector' object has no attribute 'upsert_document'
2025-03-18 11:43:44,637 - __main__ - ERROR - Erreur lors de l'indexation dans Qdrant: 'QdrantConnector' object has no attribute 'upsert_document'
2025-03-18 11:43:44,637 - __main__ - ERROR - Erreur lors de l'indexation dans Qdrant: 'QdrantConnector' object has no attribute 'upsert_document'
2025-03-18 11:43:44,637 - __main__ - ERROR - Erreur lors de l'indexation dans Qdrant: 'QdrantConnector' object has no attribute 'upsert_document'
2025-03-18 11:43:44,637 - __main__ - ERROR - Erreur lors de l'indexation dans Qdrant: 'QdrantConnector' object has no attribute 'upsert_document'
2025-03-18 11:43:44,638 - __main__ - ERROR - Erreur lors de l'indexation dans Qdrant: 'QdrantConnector' object has no attribute 'upsert_document'
2025-03-18 11:43:44,638 - __main__ - ERROR - Erreur lors de l'indexation dans Qdrant: 'QdrantConnector' object has no attribute 'upsert_document'
2025-03-18 11:43:44,638 - __main__ - ERROR - Erreur lors de l'indexation dans Qdrant: 'QdrantConnector' object has no attribute 'upsert_document'
2025-03-18 11:43:44,639 - __main__ - INFO - Indexation terminée: 0 documents indexés, 20 erreurs
2025-03-18 11:43:46,147 - __main__ - INFO - Traitement de l'URL (41/500): https://www.bioforce.org/formation/concevoir-et-mettre-en-oeuvre-les-infrastructures-deau-potable-et-dassainissement-en-contexte-humanitaire/
2025-03-18 11:43:46,147 - __main__ - INFO - Traitement de la page HTML: https://www.bioforce.org/formation/concevoir-et-mettre-en-oeuvre-les-infrastructures-deau-potable-et-dassainissement-en-contexte-humanitaire/
2025-03-18 11:43:48,756 - bioforce_scraper.extractors.html_extractor - ERROR - Erreur lors de l'extraction de contenu pour https://www.bioforce.org/formation/concevoir-et-mettre-en-oeuvre-les-infrastructures-deau-potable-et-dassainissement-en-contexte-humanitaire/: Page.title: Target page, context or browser has been closed
2025-03-18 11:43:50,767 - bioforce_scraper.extractors.html_extractor - ERROR - Erreur lors de l'extraction de contenu pour https://www.bioforce.org/formation/concevoir-et-mettre-en-oeuvre-les-infrastructures-deau-potable-et-dassainissement-en-contexte-humanitaire/: Page.goto: Target page, context or browser has been closed
2025-03-18 11:43:52,777 - bioforce_scraper.extractors.html_extractor - ERROR - Erreur lors de l'extraction de contenu pour https://www.bioforce.org/formation/concevoir-et-mettre-en-oeuvre-les-infrastructures-deau-potable-et-dassainissement-en-contexte-humanitaire/: Page.goto: Target page, context or browser has been closed
2025-03-18 11:43:52,777 - bioforce_scraper.extractors.html_extractor - ERROR - Échec après 3 tentatives pour https://www.bioforce.org/formation/concevoir-et-mettre-en-oeuvre-les-infrastructures-deau-potable-et-dassainissement-en-contexte-humanitaire/
2025-03-18 11:43:52,778 - __main__ - ERROR - Erreur lors du traitement de la page HTML https://www.bioforce.org/formation/concevoir-et-mettre-en-oeuvre-les-infrastructures-deau-potable-et-dassainissement-en-contexte-humanitaire/: Page.goto: Target page, context or browser has been closed
