2025-03-18 09:53:40,124 - __main__ - INFO - Démarrage du scraper Bioforce
2025-03-18 09:53:40,125 - bioforce_scraper.utils.content_tracker - INFO - Base de données initialisée: C:\BIOFORCE\BUILD\bioforce_scraper\output\data\content_history.db
2025-03-18 09:53:52,290 - bioforce_scraper.utils.qdrant_connector - INFO - Connecté à Qdrant: https://09615e3e-47b2-4b5f-adcc-4e1b2d339957.eu-central-1-0.aws.cloud.qdrant.io, collection: BIOFORCE_ALL
2025-03-18 09:53:52,290 - __main__ - INFO - Initialisation du scraper Bioforce
2025-03-18 09:53:52,803 - bioforce_scraper.utils.robots_parser - INFO - robots.txt parsé: 1 règles d'exclusion
2025-03-18 09:53:53,308 - __main__ - INFO - Chargement de 0 URLs déjà connues
2025-03-18 09:53:53,308 - __main__ - INFO - File d'attente initialisée avec 5 URLs de départ
2025-03-18 09:53:53,308 - __main__ - INFO - Mode incrémental: True
2025-03-18 09:53:54,820 - __main__ - INFO - Traitement de la page HTML: https://www.bioforce.org/
2025-03-18 09:54:17,088 - __main__ - ERROR - Erreur lors du traitement de la page HTML https://www.bioforce.org/: name 'classify_content' is not defined
2025-03-18 09:54:18,600 - __main__ - INFO - Traitement de la page HTML: https://www.bioforce.org/learn/formations-humanitaires/
2025-03-18 09:54:19,887 - __main__ - ERROR - Erreur lors du traitement de la page HTML https://www.bioforce.org/learn/formations-humanitaires/: name 'classify_content' is not defined
2025-03-18 09:54:21,394 - __main__ - INFO - Traitement de la page HTML: https://www.bioforce.org/learn/candidature-formation-competence/
2025-03-18 09:54:22,794 - __main__ - ERROR - Erreur lors du traitement de la page HTML https://www.bioforce.org/learn/candidature-formation-competence/: name 'classify_content' is not defined
2025-03-18 09:54:24,313 - __main__ - INFO - Traitement de la page HTML: https://www.bioforce.org/learn/candidature-formation-metier/
2025-03-18 09:54:24,968 - __main__ - ERROR - Erreur lors du traitement de la page HTML https://www.bioforce.org/learn/candidature-formation-metier/: name 'classify_content' is not defined
2025-03-18 09:54:26,478 - __main__ - INFO - Traitement de la page HTML: https://www.bioforce.org/learn/financer-ma-formation/
2025-03-18 09:54:28,558 - __main__ - ERROR - Erreur lors du traitement de la page HTML https://www.bioforce.org/learn/financer-ma-formation/: name 'classify_content' is not defined
2025-03-18 09:54:28,638 - __main__ - INFO - URLs visitées sauvegardées dans C:\BIOFORCE\BUILD\bioforce_scraper\output\data\bioforce_urls_20250318_095428.txt
2025-03-18 09:54:28,640 - __main__ - INFO - Statistiques totales de la base de contenu: {
  "total_urls": 0,
  "by_type": {},
  "by_category": {},
  "recently_modified": []
}
2025-03-18 09:54:28,640 - __main__ - INFO - Scraping terminé: 0 pages HTML, 0 PDF, 5 ignorés
2025-03-18 09:54:28,641 - __main__ - INFO - Nouveaux contenus: 0, Mises à jour: 0, Inchangés: 0
2025-03-18 09:54:28,641 - __main__ - INFO - Total URLs visitées: 5
2025-03-18 09:54:28,641 - __main__ - INFO - Indexation des données dans Qdrant (collection site complet)
2025-03-18 09:54:28,641 - __main__ - INFO - Indexation terminée: 0/0 documents indexés, 0 erreurs
2025-03-18 09:54:29,214 - __main__ - INFO - Ressources libérées
2025-03-18 09:54:29,214 - __main__ - INFO - Scraping terminé en 49.09 secondes
