2025-03-18 11:10:10,308 - bioforce_scraper.utils.content_tracker - INFO - Base de données initialisée: c:\BIOFORCE\BUILD\bioforce_scraper\output\data\content_history.db
2025-03-18 11:10:10,879 - bioforce_scraper.utils.qdrant_connector - INFO - Connecté à Qdrant: https://09615e3e-47b2-4b5f-adcc-4e1b2d339957.eu-central-1-0.aws.cloud.qdrant.io, collection: BIOFORCE
2025-03-18 11:10:10,879 - __main__ - INFO - Démarrage du scraper Bioforce
2025-03-18 11:10:10,879 - __main__ - INFO - Initialisation du scraper Bioforce
2025-03-18 11:10:10,921 - bioforce_scraper.utils.robots_parser - INFO - robots.txt parsé: 1 règles d'exclusion
2025-03-18 11:10:11,664 - __main__ - INFO - Chargement de 409 URLs déjà connues
2025-03-18 11:10:11,664 - __main__ - INFO - Récupération des URLs depuis le sitemap XML...
2025-03-18 11:10:11,664 - bioforce_scraper.utils.sitemap_parser - INFO - Début de l'analyse du sitemap: https://www.bioforce.org/sitemap.xml
2025-03-18 11:10:12,361 - bioforce_scraper.utils.sitemap_parser - INFO - Sitemap récupéré avec succès: https://www.bioforce.org/sitemap.xml
2025-03-18 11:10:12,385 - bioforce_scraper.utils.sitemap_parser - INFO - Index de sitemap analysé: 9 sitemaps trouvés
2025-03-18 11:10:12,677 - bioforce_scraper.utils.sitemap_parser - INFO - Sitemap récupéré avec succès: https://www.bioforce.org/category-sitemap.xml
2025-03-18 11:10:12,677 - bioforce_scraper.utils.sitemap_parser - INFO - Sitemap analysé: 8 nouvelles URLs pertinentes trouvées
2025-03-18 11:10:13,010 - bioforce_scraper.utils.sitemap_parser - INFO - Sitemap récupéré avec succès: https://www.bioforce.org/question_category-sitemap.xml
2025-03-18 11:10:13,020 - bioforce_scraper.utils.sitemap_parser - INFO - Sitemap analysé: 37 nouvelles URLs pertinentes trouvées
2025-03-18 11:10:14,651 - bioforce_scraper.utils.sitemap_parser - INFO - Sitemap récupéré avec succès: https://www.bioforce.org/post-sitemap.xml
2025-03-18 11:10:14,735 - bioforce_scraper.utils.sitemap_parser - INFO - Sitemap analysé: 582 nouvelles URLs pertinentes trouvées
2025-03-18 11:10:15,500 - bioforce_scraper.utils.sitemap_parser - INFO - Sitemap récupéré avec succès: https://www.bioforce.org/page-sitemap.xml
2025-03-18 11:10:15,535 - bioforce_scraper.utils.sitemap_parser - INFO - Sitemap analysé: 217 nouvelles URLs pertinentes trouvées
2025-03-18 11:10:15,799 - bioforce_scraper.utils.sitemap_parser - INFO - Sitemap récupéré avec succès: https://www.bioforce.org/author-sitemap.xml
2025-03-18 11:10:15,799 - bioforce_scraper.utils.sitemap_parser - INFO - Sitemap analysé: 0 nouvelles URLs pertinentes trouvées
2025-03-18 11:10:16,113 - bioforce_scraper.utils.sitemap_parser - INFO - Sitemap récupéré avec succès: https://www.bioforce.org/projet-sitemap.xml
2025-03-18 11:10:16,135 - bioforce_scraper.utils.sitemap_parser - INFO - Sitemap analysé: 31 nouvelles URLs pertinentes trouvées
2025-03-18 11:10:16,694 - bioforce_scraper.utils.sitemap_parser - INFO - Sitemap récupéré avec succès: https://www.bioforce.org/question-sitemap.xml
2025-03-18 11:10:16,726 - bioforce_scraper.utils.sitemap_parser - INFO - Sitemap analysé: 232 nouvelles URLs pertinentes trouvées
2025-03-18 11:10:17,293 - bioforce_scraper.utils.sitemap_parser - INFO - Sitemap récupéré avec succès: https://www.bioforce.org/formation-sitemap.xml
2025-03-18 11:10:17,313 - bioforce_scraper.utils.sitemap_parser - INFO - Sitemap analysé: 123 nouvelles URLs pertinentes trouvées
2025-03-18 11:10:17,609 - bioforce_scraper.utils.sitemap_parser - INFO - Sitemap récupéré avec succès: https://www.bioforce.org/mission-sitemap.xml
2025-03-18 11:10:17,613 - bioforce_scraper.utils.sitemap_parser - INFO - Sitemap analysé: 16 nouvelles URLs pertinentes trouvées
2025-03-18 11:10:17,619 - bioforce_scraper.utils.sitemap_parser - INFO - Analyse du sitemap terminée: 1246 URLs pertinentes trouvées
2025-03-18 11:10:17,620 - __main__ - INFO - File d'attente initialisée avec 1246 URLs depuis le sitemap
2025-03-18 11:10:17,620 - __main__ - INFO - Mode incrémental: True
2025-03-18 11:10:17,621 - __main__ - INFO - Début du scraping, limite: 500 pages
2025-03-18 11:10:17,621 - __main__ - ERROR - Erreur lors du scraping: 'RobotsParser' object has no attribute 'is_allowed'
2025-03-18 11:10:18,227 - __main__ - INFO - Ressources libérées
2025-03-18 11:10:18,227 - __main__ - INFO - Temps d'exécution total: 7.93 secondes
